[ 2015-03-24T17:08:06+08:00 ] 127.0.0.1 /ot/
INFO: [ app_init ] --START--
INFO: Run Behavior\BuildLiteBehavior [ RunTime:0.000033s ]
INFO: Run Common\Behavior\InitHookBehavior [ RunTime:0.004877s ]
INFO: [ app_init ] --END-- [ RunTime:0.006563s ]
INFO: [ app_begin ] --START--
INFO: Run Behavior\ReadHtmlCacheBehavior [ RunTime:0.001369s ]
INFO: [ app_begin ] --END-- [ RunTime:0.001725s ]
SQL: SHOW COLUMNS FROM `onethink_config` [ RunTime:0.1237s ]
SQL: SELECT `type`,`name`,`value` FROM `onethink_config` WHERE `status` = 1  [ RunTime:0.1307s ]
SQL: SHOW COLUMNS FROM `onethink_category` [ RunTime:0.0589s ]
SQL: SELECT `id`,`name`,`title`,`pid`,`sort`,`list_row`,`meta_title`,`keywords`,`description`,`template_index`,`template_lists`,`template_detail`,`template_edit`,`model`,`model_sub`,`type`,`link_id`,`allow_publish`,`display`,`reply`,`check`,`reply_model`,`extend`,`create_time`,`update_time`,`status`,`icon`,`groups` FROM `onethink_category` WHERE `status` = 1 ORDER BY sort  [ RunTime:0.0027s ]
SQL: SHOW COLUMNS FROM `onethink_document` [ RunTime:0.0696s ]
SQL: SELECT `id`,`uid`,`name`,`title`,`category_id`,`group_id`,`description`,`root`,`pid`,`model_id`,`type`,`position`,`link_id`,`cover_id`,`display`,`deadline`,`attach`,`view`,`comment`,`extend`,`level`,`create_time`,`update_time`,`status` FROM `onethink_document` WHERE `status` = 1 AND `pid` = 0 AND `create_time` < 1427188084 AND ( deadline = 0 OR deadline > 1427188084 ) ORDER BY `id` DESC  [ RunTime:0.0021s ]
INFO: [ view_parse ] --START--
INFO: [ template_filter ] --START--
INFO: Run Behavior\ContentReplaceBehavior [ RunTime:0.000175s ]
INFO: [ template_filter ] --END-- [ RunTime:0.000362s ]
SQL: SHOW COLUMNS FROM `onethink_channel` [ RunTime:0.0931s ]
SQL: SELECT `id`,`pid`,`title`,`url`,`sort`,`create_time`,`update_time`,`status`,`target` FROM `onethink_channel` WHERE ( status=1 ) ORDER BY sort  [ RunTime:0.0017s ]
SQL: SELECT `id`,`name`,`title`,`pid`,`sort`,`list_row`,`meta_title`,`keywords`,`description`,`template_index`,`template_lists`,`template_detail`,`template_edit`,`model`,`model_sub`,`type`,`link_id`,`allow_publish`,`display`,`reply`,`check`,`reply_model`,`extend`,`create_time`,`update_time`,`status`,`icon`,`groups` FROM `onethink_category` WHERE `id` = 1 LIMIT 1   [ RunTime:0.0736s ]
SQL: SELECT `id`,`name`,`pid`,`title`,`link_id` FROM `onethink_category` WHERE `status` = 1 ORDER BY sort  [ RunTime:0.0012s ]
INFO: [ view_parse ] --START--
INFO: [ template_filter ] --START--
INFO: Run Behavior\ContentReplaceBehavior [ RunTime:0.000354s ]
INFO: [ template_filter ] --END-- [ RunTime:-0.201017s ]
INFO: Run Behavior\ParseTemplateBehavior [ RunTime:0.018191s ]
INFO: [ view_parse ] --END-- [ RunTime:0.018908s ]
INFO: [ view_filter ] --START--
INFO: Run Behavior\WriteHtmlCacheBehavior [ RunTime:0.001379s ]
INFO: [ view_filter ] --END-- [ RunTime:0.001918s ]
SQL: SELECT `id`,`name`,`title`,`pid`,`sort`,`list_row`,`meta_title`,`keywords`,`description`,`template_index`,`template_lists`,`template_detail`,`template_edit`,`model`,`model_sub`,`type`,`link_id`,`allow_publish`,`display`,`reply`,`check`,`reply_model`,`extend`,`create_time`,`update_time`,`status`,`icon`,`groups` FROM `onethink_category` WHERE `id` = 1 LIMIT 1   [ RunTime:0.0017s ]
SQL: SELECT `id`,`name`,`pid`,`title`,`link_id` FROM `onethink_category` WHERE `status` = 1 ORDER BY sort  [ RunTime:0.0019s ]
SQL: SELECT `id`,`uid`,`name`,`title`,`category_id`,`group_id`,`description`,`root`,`pid`,`model_id`,`type`,`position`,`link_id`,`cover_id`,`display`,`deadline`,`attach`,`view`,`comment`,`extend`,`level`,`create_time`,`update_time`,`status` FROM `onethink_document` WHERE `status` = 1 AND `pid` = 0 AND `category_id` IN ('1','2') AND `create_time` < 1427188084 AND ( deadline = 0 OR deadline > 1427188084 ) ORDER BY `level` DESC,`id` DESC LIMIT 0,10   [ RunTime:0.0022s ]
INFO: Run Behavior\ParseTemplateBehavior [ RunTime:0.149990s ]
INFO: [ view_parse ] --END-- [ RunTime:0.018908s ]
INFO: [ view_filter ] --START--
INFO: Run Behavior\WriteHtmlCacheBehavior [ RunTime:0.000107s ]
INFO: [ view_filter ] --END-- [ RunTime:-0.129685s ]
INFO: [ app_end ] --START--
INFO: Run Behavior\ShowPageTraceBehavior [ RunTime:0.002763s ]
INFO: [ app_end ] --END-- [ RunTime:0.003306s ]

[ 2015-03-24T17:08:08+08:00 ] 127.0.0.1 /ot/index.php?s=/Home/User/login.html
INFO: [ app_init ] --START--
INFO: Run Behavior\BuildLiteBehavior [ RunTime:0.000022s ]
INFO: Run Common\Behavior\InitHookBehavior [ RunTime:0.002527s ]
INFO: [ app_init ] --END-- [ RunTime:0.003257s ]
INFO: [ app_begin ] --START--
INFO: Run Behavior\ReadHtmlCacheBehavior [ RunTime:0.000570s ]
INFO: [ app_begin ] --END-- [ RunTime:0.000755s ]
SQL: SHOW COLUMNS FROM `onethink_config` [ RunTime:0.0057s ]
SQL: SELECT `type`,`name`,`value` FROM `onethink_config` WHERE `status` = 1  [ RunTime:0.0005s ]
INFO: [ view_parse ] --START--
INFO: [ template_filter ] --START--
INFO: Run Behavior\ContentReplaceBehavior [ RunTime:0.000201s ]
INFO: [ template_filter ] --END-- [ RunTime:0.000390s ]
SQL: SHOW COLUMNS FROM `onethink_channel` [ RunTime:0.0047s ]
SQL: SELECT `id`,`pid`,`title`,`url`,`sort`,`create_time`,`update_time`,`status`,`target` FROM `onethink_channel` WHERE ( status=1 ) ORDER BY sort  [ RunTime:0.0005s ]
INFO: Run Behavior\ParseTemplateBehavior [ RunTime:0.026236s ]
INFO: [ view_parse ] --END-- [ RunTime:0.026426s ]
INFO: [ view_filter ] --START--
INFO: Run Behavior\WriteHtmlCacheBehavior [ RunTime:0.000592s ]
INFO: [ view_filter ] --END-- [ RunTime:0.000774s ]
INFO: [ app_end ] --START--
INFO: Run Behavior\ShowPageTraceBehavior [ RunTime:0.000816s ]
INFO: [ app_end ] --END-- [ RunTime:0.000995s ]

[ 2015-03-24T17:08:09+08:00 ] 127.0.0.1 /ot/index.php?s=/Home/User/verify.html
INFO: [ app_init ] --START--
INFO: Run Behavior\BuildLiteBehavior [ RunTime:0.000038s ]
INFO: Run Common\Behavior\InitHookBehavior [ RunTime:0.002319s ]
INFO: [ app_init ] --END-- [ RunTime:0.003230s ]
INFO: [ app_begin ] --START--
INFO: Run Behavior\ReadHtmlCacheBehavior [ RunTime:0.000587s ]
INFO: [ app_begin ] --END-- [ RunTime:0.000797s ]
SQL: SHOW COLUMNS FROM `onethink_config` [ RunTime:0.0059s ]
SQL: SELECT `type`,`name`,`value` FROM `onethink_config` WHERE `status` = 1  [ RunTime:0.0011s ]
INFO: [ app_end ] --START--
INFO: Run Behavior\ShowPageTraceBehavior [ RunTime:0.001638s ]
INFO: [ app_end ] --END-- [ RunTime:0.002142s ]

[ 2015-03-24T17:08:16+08:00 ] 127.0.0.1 /ot/index.php?s=/Home/User/login.html
INFO: [ app_init ] --START--
INFO: Run Behavior\BuildLiteBehavior [ RunTime:0.000016s ]
INFO: Run Common\Behavior\InitHookBehavior [ RunTime:0.001961s ]
INFO: [ app_init ] --END-- [ RunTime:0.002581s ]
INFO: [ app_begin ] --START--
INFO: Run Behavior\ReadHtmlCacheBehavior [ RunTime:0.000583s ]
INFO: [ app_begin ] --END-- [ RunTime:0.000766s ]
SQL: SHOW COLUMNS FROM `onethink_config` [ RunTime:0.0052s ]
SQL: SELECT `type`,`name`,`value` FROM `onethink_config` WHERE `status` = 1  [ RunTime:0.0006s ]
INFO: [ view_parse ] --START--
INFO: [ template_filter ] --START--
INFO: Run Behavior\ContentReplaceBehavior [ RunTime:0.000170s ]
INFO: [ template_filter ] --END-- [ RunTime:0.000355s ]
SQL: SHOW COLUMNS FROM `onethink_channel` [ RunTime:0.0049s ]
SQL: SELECT `id`,`pid`,`title`,`url`,`sort`,`create_time`,`update_time`,`status`,`target` FROM `onethink_channel` WHERE ( status=1 ) ORDER BY sort  [ RunTime:0.0004s ]
INFO: Run Behavior\ParseTemplateBehavior [ RunTime:0.026552s ]
INFO: [ view_parse ] --END-- [ RunTime:0.026776s ]
INFO: [ view_filter ] --START--
INFO: Run Behavior\WriteHtmlCacheBehavior [ RunTime:0.000776s ]
INFO: [ view_filter ] --END-- [ RunTime:0.000998s ]
INFO: [ app_end ] --START--
INFO: Run Behavior\ShowPageTraceBehavior [ RunTime:0.001051s ]
INFO: [ app_end ] --END-- [ RunTime:0.001243s ]

[ 2015-03-24T17:08:16+08:00 ] 127.0.0.1 /ot/index.php?s=/Home/User/verify.html
INFO: [ app_init ] --START--
INFO: Run Behavior\BuildLiteBehavior [ RunTime:0.000019s ]
INFO: Run Common\Behavior\InitHookBehavior [ RunTime:0.003323s ]
INFO: [ app_init ] --END-- [ RunTime:0.003987s ]
INFO: [ app_begin ] --START--
INFO: Run Behavior\ReadHtmlCacheBehavior [ RunTime:0.001270s ]
INFO: [ app_begin ] --END-- [ RunTime:0.001626s ]
SQL: SHOW COLUMNS FROM `onethink_config` [ RunTime:0.0054s ]
SQL: SELECT `type`,`name`,`value` FROM `onethink_config` WHERE `status` = 1  [ RunTime:0.0005s ]
INFO: [ app_end ] --START--
INFO: Run Behavior\ShowPageTraceBehavior [ RunTime:0.000958s ]
INFO: [ app_end ] --END-- [ RunTime:0.001407s ]

[ 2015-03-24T17:08:25+08:00 ] 127.0.0.1 /ot/index.php?s=/Home/User/login.html
INFO: [ app_init ] --START--
INFO: Run Behavior\BuildLiteBehavior [ RunTime:0.000016s ]
INFO: Run Common\Behavior\InitHookBehavior [ RunTime:0.001955s ]
INFO: [ app_init ] --END-- [ RunTime:0.002534s ]
INFO: [ app_begin ] --START--
INFO: Run Behavior\ReadHtmlCacheBehavior [ RunTime:0.000810s ]
INFO: [ app_begin ] --END-- [ RunTime:0.001014s ]
SQL: SHOW COLUMNS FROM `onethink_config` [ RunTime:0.0047s ]
SQL: SELECT `type`,`name`,`value` FROM `onethink_config` WHERE `status` = 1  [ RunTime:0.0006s ]
NOTIC: [8] Undefined index: lite E:\wamp\www\ot\ThinkPHP\Library\Think\Db.class.php 第 37 行.
SQL: SHOW COLUMNS FROM `onethink_member` [ RunTime:0.0443s ]
SQL: SELECT `uid`,`nickname`,`sex`,`birthday`,`qq`,`score`,`login`,`reg_ip`,`reg_time`,`last_login_ip`,`last_login_time`,`status` FROM `onethink_member` WHERE `uid` = 1 LIMIT 1   [ RunTime:0.0014s ]
SQL: UPDATE `onethink_member` SET `login`=`login`+1,`last_login_time`='1427188104',`last_login_ip`='2130706433' WHERE `uid` = 1 [ RunTime:0.0014s ]
SQL: SHOW COLUMNS FROM `onethink_action` [ RunTime:0.0584s ]
SQL: SELECT * FROM `onethink_action` WHERE `name` = 'user_login' LIMIT 1   [ RunTime:0.0066s ]
SQL: SHOW COLUMNS FROM `onethink_action_log` [ RunTime:0.0804s ]
SQL: INSERT INTO `onethink_action_log` (`action_id`,`user_id`,`action_ip`,`model`,`record_id`,`create_time`,`remark`) VALUES ('1','1','2130706433','member','1','1427188104','admin在2015-03-24 17:08登录了后台') [ RunTime:0.0552s ]
SQL: SELECT * FROM `onethink_action` WHERE `name` = 'user_login' LIMIT 1   [ RunTime:0.0013s ]
NOTIC: [8] Undefined offset: 1 E:\wamp\www\ot\Application\Common\Common\function.php 第 679 行.
NOTIC: [2] array_key_exists() expects parameter 2 to be array, null given E:\wamp\www\ot\Application\Common\Common\function.php 第 679 行.
SQL: SELECT COUNT(*) AS tp_count FROM `onethink_action_log` WHERE `action_id` = 1 AND `user_id` = 1 AND `create_time` > 1427101704 LIMIT 1   [ RunTime:0.0262s ]
SQL: SHOW COLUMNS FROM `onethink_member` [ RunTime:0.0141s ]
SQL: UPDATE `onethink_member` SET `score`=score+10 WHERE ( uid=1 AND status>-1 ) [ RunTime:0.0012s ]

[ 2015-03-24T17:08:25+08:00 ] 127.0.0.1 /ot/index.php?s=/Home/Index/index.html
INFO: [ app_init ] --START--
INFO: Run Behavior\BuildLiteBehavior [ RunTime:0.000019s ]
INFO: Run Common\Behavior\InitHookBehavior [ RunTime:0.002068s ]
INFO: [ app_init ] --END-- [ RunTime:0.002740s ]
INFO: [ app_begin ] --START--
INFO: Run Behavior\ReadHtmlCacheBehavior [ RunTime:0.000538s ]
INFO: [ app_begin ] --END-- [ RunTime:0.000734s ]
SQL: SHOW COLUMNS FROM `onethink_config` [ RunTime:0.0046s ]
SQL: SELECT `type`,`name`,`value` FROM `onethink_config` WHERE `status` = 1  [ RunTime:0.0006s ]
SQL: SHOW COLUMNS FROM `onethink_category` [ RunTime:0.0054s ]
SQL: SELECT `id`,`name`,`title`,`pid`,`sort`,`list_row`,`meta_title`,`keywords`,`description`,`template_index`,`template_lists`,`template_detail`,`template_edit`,`model`,`model_sub`,`type`,`link_id`,`allow_publish`,`display`,`reply`,`check`,`reply_model`,`extend`,`create_time`,`update_time`,`status`,`icon`,`groups` FROM `onethink_category` WHERE `status` = 1 ORDER BY sort  [ RunTime:0.0010s ]
SQL: SHOW COLUMNS FROM `onethink_document` [ RunTime:0.0050s ]
SQL: SELECT `id`,`uid`,`name`,`title`,`category_id`,`group_id`,`description`,`root`,`pid`,`model_id`,`type`,`position`,`link_id`,`cover_id`,`display`,`deadline`,`attach`,`view`,`comment`,`extend`,`level`,`create_time`,`update_time`,`status` FROM `onethink_document` WHERE `status` = 1 AND `pid` = 0 AND `create_time` < 1427188105 AND ( deadline = 0 OR deadline > 1427188105 ) ORDER BY `id` DESC  [ RunTime:0.0006s ]
INFO: [ view_parse ] --START--
INFO: [ template_filter ] --START--
INFO: Run Behavior\ContentReplaceBehavior [ RunTime:0.000187s ]
INFO: [ template_filter ] --END-- [ RunTime:0.000388s ]
SQL: SHOW COLUMNS FROM `onethink_channel` [ RunTime:0.0051s ]
SQL: SELECT `id`,`pid`,`title`,`url`,`sort`,`create_time`,`update_time`,`status`,`target` FROM `onethink_channel` WHERE ( status=1 ) ORDER BY sort  [ RunTime:0.0005s ]
SQL: SELECT `id`,`name`,`title`,`pid`,`sort`,`list_row`,`meta_title`,`keywords`,`description`,`template_index`,`template_lists`,`template_detail`,`template_edit`,`model`,`model_sub`,`type`,`link_id`,`allow_publish`,`display`,`reply`,`check`,`reply_model`,`extend`,`create_time`,`update_time`,`status`,`icon`,`groups` FROM `onethink_category` WHERE `id` = 1 LIMIT 1   [ RunTime:0.0006s ]
SQL: SELECT `id`,`name`,`pid`,`title`,`link_id` FROM `onethink_category` WHERE `status` = 1 ORDER BY sort  [ RunTime:0.0004s ]
INFO: [ view_parse ] --START--
INFO: [ template_filter ] --START--
INFO: Run Behavior\ContentReplaceBehavior [ RunTime:0.000102s ]
INFO: [ template_filter ] --END-- [ RunTime:-0.018367s ]
INFO: Run Behavior\ParseTemplateBehavior [ RunTime:0.005606s ]
INFO: [ view_parse ] --END-- [ RunTime:0.005847s ]
INFO: [ view_filter ] --START--
INFO: Run Behavior\WriteHtmlCacheBehavior [ RunTime:0.000697s ]
INFO: [ view_filter ] --END-- [ RunTime:0.000907s ]
SQL: SELECT `id`,`name`,`title`,`pid`,`sort`,`list_row`,`meta_title`,`keywords`,`description`,`template_index`,`template_lists`,`template_detail`,`template_edit`,`model`,`model_sub`,`type`,`link_id`,`allow_publish`,`display`,`reply`,`check`,`reply_model`,`extend`,`create_time`,`update_time`,`status`,`icon`,`groups` FROM `onethink_category` WHERE `id` = 1 LIMIT 1   [ RunTime:0.0008s ]
SQL: SELECT `id`,`name`,`pid`,`title`,`link_id` FROM `onethink_category` WHERE `status` = 1 ORDER BY sort  [ RunTime:0.0004s ]
SQL: SELECT `id`,`uid`,`name`,`title`,`category_id`,`group_id`,`description`,`root`,`pid`,`model_id`,`type`,`position`,`link_id`,`cover_id`,`display`,`deadline`,`attach`,`view`,`comment`,`extend`,`level`,`create_time`,`update_time`,`status` FROM `onethink_document` WHERE `status` = 1 AND `pid` = 0 AND `category_id` IN ('1','2') AND `create_time` < 1427188105 AND ( deadline = 0 OR deadline > 1427188105 ) ORDER BY `level` DESC,`id` DESC LIMIT 0,10   [ RunTime:0.0006s ]
INFO: Run Behavior\ParseTemplateBehavior [ RunTime:0.013220s ]
INFO: [ view_parse ] --END-- [ RunTime:0.005847s ]
INFO: [ view_filter ] --START--
INFO: Run Behavior\WriteHtmlCacheBehavior [ RunTime:0.000033s ]
INFO: [ view_filter ] --END-- [ RunTime:-0.006538s ]
INFO: [ app_end ] --START--
INFO: Run Behavior\ShowPageTraceBehavior [ RunTime:0.000762s ]
INFO: [ app_end ] --END-- [ RunTime:0.000962s ]

[ 2015-03-24T17:08:40+08:00 ] 127.0.0.1 /ot/index.php?s=/Home/admin/index.html
INFO: [ app_init ] --START--
INFO: Run Behavior\BuildLiteBehavior [ RunTime:0.000016s ]
INFO: Run Common\Behavior\InitHookBehavior [ RunTime:0.001809s ]
INFO: [ app_init ] --END-- [ RunTime:0.002410s ]
INFO: [ app_begin ] --START--
INFO: Run Behavior\ReadHtmlCacheBehavior [ RunTime:0.000631s ]
INFO: [ app_begin ] --END-- [ RunTime:0.000832s ]
SQL: SHOW COLUMNS FROM `onethink_config` [ RunTime:0.0053s ]
SQL: SELECT `type`,`name`,`value` FROM `onethink_config` WHERE `status` = 1  [ RunTime:0.0006s ]

[ 2015-03-24T17:08:40+08:00 ] 127.0.0.1 /ot/index.php?s=/Home/Index/index.html
INFO: [ app_init ] --START--
INFO: Run Behavior\BuildLiteBehavior [ RunTime:0.000017s ]
INFO: Run Common\Behavior\InitHookBehavior [ RunTime:0.001899s ]
INFO: [ app_init ] --END-- [ RunTime:0.002499s ]
INFO: [ app_begin ] --START--
INFO: Run Behavior\ReadHtmlCacheBehavior [ RunTime:0.000527s ]
INFO: [ app_begin ] --END-- [ RunTime:0.000731s ]
SQL: SHOW COLUMNS FROM `onethink_config` [ RunTime:0.0048s ]
SQL: SELECT `type`,`name`,`value` FROM `onethink_config` WHERE `status` = 1  [ RunTime:0.0005s ]
SQL: SHOW COLUMNS FROM `onethink_category` [ RunTime:0.0055s ]
SQL: SELECT `id`,`name`,`title`,`pid`,`sort`,`list_row`,`meta_title`,`keywords`,`description`,`template_index`,`template_lists`,`template_detail`,`template_edit`,`model`,`model_sub`,`type`,`link_id`,`allow_publish`,`display`,`reply`,`check`,`reply_model`,`extend`,`create_time`,`update_time`,`status`,`icon`,`groups` FROM `onethink_category` WHERE `status` = 1 ORDER BY sort  [ RunTime:0.0006s ]
SQL: SHOW COLUMNS FROM `onethink_document` [ RunTime:0.0067s ]
SQL: SELECT `id`,`uid`,`name`,`title`,`category_id`,`group_id`,`description`,`root`,`pid`,`model_id`,`type`,`position`,`link_id`,`cover_id`,`display`,`deadline`,`attach`,`view`,`comment`,`extend`,`level`,`create_time`,`update_time`,`status` FROM `onethink_document` WHERE `status` = 1 AND `pid` = 0 AND `create_time` < 1427188120 AND ( deadline = 0 OR deadline > 1427188120 ) ORDER BY `id` DESC  [ RunTime:0.0007s ]
INFO: [ view_parse ] --START--
INFO: [ template_filter ] --START--
INFO: Run Behavior\ContentReplaceBehavior [ RunTime:0.000302s ]
INFO: [ template_filter ] --END-- [ RunTime:0.000595s ]
SQL: SHOW COLUMNS FROM `onethink_channel` [ RunTime:0.0047s ]
SQL: SELECT `id`,`pid`,`title`,`url`,`sort`,`create_time`,`update_time`,`status`,`target` FROM `onethink_channel` WHERE ( status=1 ) ORDER BY sort  [ RunTime:0.0004s ]
SQL: SELECT `id`,`name`,`title`,`pid`,`sort`,`list_row`,`meta_title`,`keywords`,`description`,`template_index`,`template_lists`,`template_detail`,`template_edit`,`model`,`model_sub`,`type`,`link_id`,`allow_publish`,`display`,`reply`,`check`,`reply_model`,`extend`,`create_time`,`update_time`,`status`,`icon`,`groups` FROM `onethink_category` WHERE `id` = 1 LIMIT 1   [ RunTime:0.0006s ]
SQL: SELECT `id`,`name`,`pid`,`title`,`link_id` FROM `onethink_category` WHERE `status` = 1 ORDER BY sort  [ RunTime:0.0004s ]
INFO: [ view_parse ] --START--
INFO: [ template_filter ] --START--
INFO: Run Behavior\ContentReplaceBehavior [ RunTime:0.000103s ]
INFO: [ template_filter ] --END-- [ RunTime:-0.018072s ]
INFO: Run Behavior\ParseTemplateBehavior [ RunTime:0.005405s ]
INFO: [ view_parse ] --END-- [ RunTime:0.005597s ]
INFO: [ view_filter ] --START--
INFO: Run Behavior\WriteHtmlCacheBehavior [ RunTime:0.000471s ]
INFO: [ view_filter ] --END-- [ RunTime:0.000707s ]
SQL: SELECT `id`,`name`,`title`,`pid`,`sort`,`list_row`,`meta_title`,`keywords`,`description`,`template_index`,`template_lists`,`template_detail`,`template_edit`,`model`,`model_sub`,`type`,`link_id`,`allow_publish`,`display`,`reply`,`check`,`reply_model`,`extend`,`create_time`,`update_time`,`status`,`icon`,`groups` FROM `onethink_category` WHERE `id` = 1 LIMIT 1   [ RunTime:0.0006s ]
SQL: SELECT `id`,`name`,`pid`,`title`,`link_id` FROM `onethink_category` WHERE `status` = 1 ORDER BY sort  [ RunTime:0.0003s ]
SQL: SELECT `id`,`uid`,`name`,`title`,`category_id`,`group_id`,`description`,`root`,`pid`,`model_id`,`type`,`position`,`link_id`,`cover_id`,`display`,`deadline`,`attach`,`view`,`comment`,`extend`,`level`,`create_time`,`update_time`,`status` FROM `onethink_document` WHERE `status` = 1 AND `pid` = 0 AND `category_id` IN ('1','2') AND `create_time` < 1427188120 AND ( deadline = 0 OR deadline > 1427188120 ) ORDER BY `level` DESC,`id` DESC LIMIT 0,10   [ RunTime:0.0005s ]
INFO: Run Behavior\ParseTemplateBehavior [ RunTime:0.011990s ]
INFO: [ view_parse ] --END-- [ RunTime:0.005597s ]
INFO: [ view_filter ] --START--
INFO: Run Behavior\WriteHtmlCacheBehavior [ RunTime:0.000035s ]
INFO: [ view_filter ] --END-- [ RunTime:-0.005887s ]
INFO: [ app_end ] --START--
INFO: Run Behavior\ShowPageTraceBehavior [ RunTime:0.000908s ]
INFO: [ app_end ] --END-- [ RunTime:0.001088s ]

[ 2015-03-24T17:10:16+08:00 ] 127.0.0.1 /ot/
INFO: [ app_init ] --START--
INFO: Run Behavior\BuildLiteBehavior [ RunTime:0.000018s ]
INFO: Run Common\Behavior\InitHookBehavior [ RunTime:0.002501s ]
INFO: [ app_init ] --END-- [ RunTime:0.003174s ]
INFO: [ app_begin ] --START--
INFO: Run Behavior\ReadHtmlCacheBehavior [ RunTime:0.000728s ]
INFO: [ app_begin ] --END-- [ RunTime:0.000929s ]
SQL: SHOW COLUMNS FROM `onethink_config` [ RunTime:0.0056s ]
SQL: SELECT `type`,`name`,`value` FROM `onethink_config` WHERE `status` = 1  [ RunTime:0.0005s ]
SQL: SHOW COLUMNS FROM `onethink_category` [ RunTime:0.0063s ]
SQL: SELECT `id`,`name`,`title`,`pid`,`sort`,`list_row`,`meta_title`,`keywords`,`description`,`template_index`,`template_lists`,`template_detail`,`template_edit`,`model`,`model_sub`,`type`,`link_id`,`allow_publish`,`display`,`reply`,`check`,`reply_model`,`extend`,`create_time`,`update_time`,`status`,`icon`,`groups` FROM `onethink_category` WHERE `status` = 1 ORDER BY sort  [ RunTime:0.0007s ]
SQL: SHOW COLUMNS FROM `onethink_document` [ RunTime:0.0051s ]
SQL: SELECT `id`,`uid`,`name`,`title`,`category_id`,`group_id`,`description`,`root`,`pid`,`model_id`,`type`,`position`,`link_id`,`cover_id`,`display`,`deadline`,`attach`,`view`,`comment`,`extend`,`level`,`create_time`,`update_time`,`status` FROM `onethink_document` WHERE `status` = 1 AND `pid` = 0 AND `create_time` < 1427188216 AND ( deadline = 0 OR deadline > 1427188216 ) ORDER BY `id` DESC  [ RunTime:0.0007s ]
INFO: [ view_parse ] --START--
INFO: [ template_filter ] --START--
INFO: Run Behavior\ContentReplaceBehavior [ RunTime:0.000176s ]
INFO: [ template_filter ] --END-- [ RunTime:0.000362s ]
SQL: SHOW COLUMNS FROM `onethink_channel` [ RunTime:0.0049s ]
SQL: SELECT `id`,`pid`,`title`,`url`,`sort`,`create_time`,`update_time`,`status`,`target` FROM `onethink_channel` WHERE ( status=1 ) ORDER BY sort  [ RunTime:0.0004s ]
SQL: SELECT `id`,`name`,`title`,`pid`,`sort`,`list_row`,`meta_title`,`keywords`,`description`,`template_index`,`template_lists`,`template_detail`,`template_edit`,`model`,`model_sub`,`type`,`link_id`,`allow_publish`,`display`,`reply`,`check`,`reply_model`,`extend`,`create_time`,`update_time`,`status`,`icon`,`groups` FROM `onethink_category` WHERE `id` = 1 LIMIT 1   [ RunTime:0.0005s ]
SQL: SELECT `id`,`name`,`pid`,`title`,`link_id` FROM `onethink_category` WHERE `status` = 1 ORDER BY sort  [ RunTime:0.0003s ]
INFO: [ view_parse ] --START--
INFO: [ template_filter ] --START--
INFO: Run Behavior\ContentReplaceBehavior [ RunTime:0.000104s ]
INFO: [ template_filter ] --END-- [ RunTime:-0.018330s ]
INFO: Run Behavior\ParseTemplateBehavior [ RunTime:0.005597s ]
INFO: [ view_parse ] --END-- [ RunTime:0.005882s ]
INFO: [ view_filter ] --START--
INFO: Run Behavior\WriteHtmlCacheBehavior [ RunTime:0.000555s ]
INFO: [ view_filter ] --END-- [ RunTime:0.000745s ]
SQL: SELECT `id`,`name`,`title`,`pid`,`sort`,`list_row`,`meta_title`,`keywords`,`description`,`template_index`,`template_lists`,`template_detail`,`template_edit`,`model`,`model_sub`,`type`,`link_id`,`allow_publish`,`display`,`reply`,`check`,`reply_model`,`extend`,`create_time`,`update_time`,`status`,`icon`,`groups` FROM `onethink_category` WHERE `id` = 1 LIMIT 1   [ RunTime:0.0006s ]
SQL: SELECT `id`,`name`,`pid`,`title`,`link_id` FROM `onethink_category` WHERE `status` = 1 ORDER BY sort  [ RunTime:0.0006s ]
SQL: SELECT `id`,`uid`,`name`,`title`,`category_id`,`group_id`,`description`,`root`,`pid`,`model_id`,`type`,`position`,`link_id`,`cover_id`,`display`,`deadline`,`attach`,`view`,`comment`,`extend`,`level`,`create_time`,`update_time`,`status` FROM `onethink_document` WHERE `status` = 1 AND `pid` = 0 AND `category_id` IN ('1','2') AND `create_time` < 1427188216 AND ( deadline = 0 OR deadline > 1427188216 ) ORDER BY `level` DESC,`id` DESC LIMIT 0,10   [ RunTime:0.0005s ]
INFO: Run Behavior\ParseTemplateBehavior [ RunTime:0.013517s ]
INFO: [ view_parse ] --END-- [ RunTime:0.005882s ]
INFO: [ view_filter ] --START--
INFO: Run Behavior\WriteHtmlCacheBehavior [ RunTime:0.000037s ]
INFO: [ view_filter ] --END-- [ RunTime:-0.007055s ]
INFO: [ app_end ] --START--
INFO: Run Behavior\ShowPageTraceBehavior [ RunTime:0.000841s ]
INFO: [ app_end ] --END-- [ RunTime:0.001020s ]

[ 2015-03-24T17:11:28+08:00 ] 127.0.0.1 /ot/index.php
INFO: [ app_init ] --START--
INFO: Run Behavior\BuildLiteBehavior [ RunTime:0.000021s ]
INFO: Run Common\Behavior\InitHookBehavior [ RunTime:0.002017s ]
INFO: [ app_init ] --END-- [ RunTime:0.002740s ]
INFO: [ app_begin ] --START--
INFO: Run Behavior\ReadHtmlCacheBehavior [ RunTime:0.000738s ]
INFO: [ app_begin ] --END-- [ RunTime:0.000932s ]
SQL: SHOW COLUMNS FROM `onethink_config` [ RunTime:0.0047s ]
SQL: SELECT `type`,`name`,`value` FROM `onethink_config` WHERE `status` = 1  [ RunTime:0.0006s ]
SQL: SHOW COLUMNS FROM `onethink_category` [ RunTime:0.0051s ]
SQL: SELECT `id`,`name`,`title`,`pid`,`sort`,`list_row`,`meta_title`,`keywords`,`description`,`template_index`,`template_lists`,`template_detail`,`template_edit`,`model`,`model_sub`,`type`,`link_id`,`allow_publish`,`display`,`reply`,`check`,`reply_model`,`extend`,`create_time`,`update_time`,`status`,`icon`,`groups` FROM `onethink_category` WHERE `status` = 1 ORDER BY sort  [ RunTime:0.0007s ]
SQL: SHOW COLUMNS FROM `onethink_document` [ RunTime:0.0049s ]
SQL: SELECT `id`,`uid`,`name`,`title`,`category_id`,`group_id`,`description`,`root`,`pid`,`model_id`,`type`,`position`,`link_id`,`cover_id`,`display`,`deadline`,`attach`,`view`,`comment`,`extend`,`level`,`create_time`,`update_time`,`status` FROM `onethink_document` WHERE `status` = 1 AND `pid` = 0 AND `create_time` < 1427188288 AND ( deadline = 0 OR deadline > 1427188288 ) ORDER BY `id` DESC  [ RunTime:0.0006s ]
INFO: [ view_parse ] --START--
INFO: [ template_filter ] --START--
INFO: Run Behavior\ContentReplaceBehavior [ RunTime:0.000176s ]
INFO: [ template_filter ] --END-- [ RunTime:0.000387s ]
SQL: SHOW COLUMNS FROM `onethink_channel` [ RunTime:0.0048s ]
SQL: SELECT `id`,`pid`,`title`,`url`,`sort`,`create_time`,`update_time`,`status`,`target` FROM `onethink_channel` WHERE ( status=1 ) ORDER BY sort  [ RunTime:0.0005s ]
SQL: SELECT `id`,`name`,`title`,`pid`,`sort`,`list_row`,`meta_title`,`keywords`,`description`,`template_index`,`template_lists`,`template_detail`,`template_edit`,`model`,`model_sub`,`type`,`link_id`,`allow_publish`,`display`,`reply`,`check`,`reply_model`,`extend`,`create_time`,`update_time`,`status`,`icon`,`groups` FROM `onethink_category` WHERE `id` = 1 LIMIT 1   [ RunTime:0.0006s ]
SQL: SELECT `id`,`name`,`pid`,`title`,`link_id` FROM `onethink_category` WHERE `status` = 1 ORDER BY sort  [ RunTime:0.0005s ]
INFO: [ view_parse ] --START--
INFO: [ template_filter ] --START--
INFO: Run Behavior\ContentReplaceBehavior [ RunTime:0.000118s ]
INFO: [ template_filter ] --END-- [ RunTime:-0.018870s ]
INFO: Run Behavior\ParseTemplateBehavior [ RunTime:0.005365s ]
INFO: [ view_parse ] --END-- [ RunTime:0.005563s ]
INFO: [ view_filter ] --START--
INFO: Run Behavior\WriteHtmlCacheBehavior [ RunTime:0.000433s ]
INFO: [ view_filter ] --END-- [ RunTime:0.000611s ]
SQL: SELECT `id`,`name`,`title`,`pid`,`sort`,`list_row`,`meta_title`,`keywords`,`description`,`template_index`,`template_lists`,`template_detail`,`template_edit`,`model`,`model_sub`,`type`,`link_id`,`allow_publish`,`display`,`reply`,`check`,`reply_model`,`extend`,`create_time`,`update_time`,`status`,`icon`,`groups` FROM `onethink_category` WHERE `id` = 1 LIMIT 1   [ RunTime:0.0006s ]
SQL: SELECT `id`,`name`,`pid`,`title`,`link_id` FROM `onethink_category` WHERE `status` = 1 ORDER BY sort  [ RunTime:0.0003s ]
SQL: SELECT `id`,`uid`,`name`,`title`,`category_id`,`group_id`,`description`,`root`,`pid`,`model_id`,`type`,`position`,`link_id`,`cover_id`,`display`,`deadline`,`attach`,`view`,`comment`,`extend`,`level`,`create_time`,`update_time`,`status` FROM `onethink_document` WHERE `status` = 1 AND `pid` = 0 AND `category_id` IN ('1','2') AND `create_time` < 1427188288 AND ( deadline = 0 OR deadline > 1427188288 ) ORDER BY `level` DESC,`id` DESC LIMIT 0,10   [ RunTime:0.0005s ]
INFO: Run Behavior\ParseTemplateBehavior [ RunTime:0.013473s ]
INFO: [ view_parse ] --END-- [ RunTime:0.005563s ]
INFO: [ view_filter ] --START--
INFO: Run Behavior\WriteHtmlCacheBehavior [ RunTime:0.000037s ]
INFO: [ view_filter ] --END-- [ RunTime:-0.007496s ]
INFO: [ app_end ] --START--
INFO: Run Behavior\ShowPageTraceBehavior [ RunTime:0.000896s ]
INFO: [ app_end ] --END-- [ RunTime:0.001076s ]

[ 2015-03-24T17:21:16+08:00 ] 127.0.0.1 /ot/
INFO: [ app_init ] --START--
INFO: Run Behavior\BuildLiteBehavior [ RunTime:0.000019s ]
INFO: Run Common\Behavior\InitHookBehavior [ RunTime:0.002082s ]
INFO: [ app_init ] --END-- [ RunTime:0.002746s ]
INFO: [ app_begin ] --START--
INFO: Run Behavior\ReadHtmlCacheBehavior [ RunTime:0.000882s ]
INFO: [ app_begin ] --END-- [ RunTime:0.001114s ]
SQL: SHOW COLUMNS FROM `onethink_config` [ RunTime:0.0056s ]
SQL: SELECT `type`,`name`,`value` FROM `onethink_config` WHERE `status` = 1  [ RunTime:0.0006s ]
SQL: SHOW COLUMNS FROM `onethink_category` [ RunTime:0.0077s ]
SQL: SELECT `id`,`name`,`title`,`pid`,`sort`,`list_row`,`meta_title`,`keywords`,`description`,`template_index`,`template_lists`,`template_detail`,`template_edit`,`model`,`model_sub`,`type`,`link_id`,`allow_publish`,`display`,`reply`,`check`,`reply_model`,`extend`,`create_time`,`update_time`,`status`,`icon`,`groups` FROM `onethink_category` WHERE `status` = 1 ORDER BY sort  [ RunTime:0.0008s ]
SQL: SHOW COLUMNS FROM `onethink_document` [ RunTime:0.0061s ]
SQL: SELECT `id`,`uid`,`name`,`title`,`category_id`,`group_id`,`description`,`root`,`pid`,`model_id`,`type`,`position`,`link_id`,`cover_id`,`display`,`deadline`,`attach`,`view`,`comment`,`extend`,`level`,`create_time`,`update_time`,`status` FROM `onethink_document` WHERE `status` = 1 AND `pid` = 0 AND `create_time` < 1427188876 AND ( deadline = 0 OR deadline > 1427188876 ) ORDER BY `id` DESC  [ RunTime:0.0007s ]
INFO: [ view_parse ] --START--
INFO: [ template_filter ] --START--
INFO: Run Behavior\ContentReplaceBehavior [ RunTime:0.000191s ]
INFO: [ template_filter ] --END-- [ RunTime:0.000416s ]
SQL: SHOW COLUMNS FROM `onethink_channel` [ RunTime:0.0048s ]
SQL: SELECT `id`,`pid`,`title`,`url`,`sort`,`create_time`,`update_time`,`status`,`target` FROM `onethink_channel` WHERE ( status=1 ) ORDER BY sort  [ RunTime:0.0004s ]
SQL: SELECT `id`,`name`,`title`,`pid`,`sort`,`list_row`,`meta_title`,`keywords`,`description`,`template_index`,`template_lists`,`template_detail`,`template_edit`,`model`,`model_sub`,`type`,`link_id`,`allow_publish`,`display`,`reply`,`check`,`reply_model`,`extend`,`create_time`,`update_time`,`status`,`icon`,`groups` FROM `onethink_category` WHERE `id` = 1 LIMIT 1   [ RunTime:0.0007s ]
SQL: SELECT `id`,`name`,`pid`,`title`,`link_id` FROM `onethink_category` WHERE `status` = 1 ORDER BY sort  [ RunTime:0.0004s ]
INFO: [ view_parse ] --START--
INFO: [ template_filter ] --START--
INFO: Run Behavior\ContentReplaceBehavior [ RunTime:0.000103s ]
INFO: [ template_filter ] --END-- [ RunTime:-0.018862s ]
INFO: Run Behavior\ParseTemplateBehavior [ RunTime:0.005466s ]
INFO: [ view_parse ] --END-- [ RunTime:0.005660s ]
INFO: [ view_filter ] --START--
INFO: Run Behavior\WriteHtmlCacheBehavior [ RunTime:0.000478s ]
INFO: [ view_filter ] --END-- [ RunTime:0.000659s ]
SQL: SELECT `id`,`name`,`title`,`pid`,`sort`,`list_row`,`meta_title`,`keywords`,`description`,`template_index`,`template_lists`,`template_detail`,`template_edit`,`model`,`model_sub`,`type`,`link_id`,`allow_publish`,`display`,`reply`,`check`,`reply_model`,`extend`,`create_time`,`update_time`,`status`,`icon`,`groups` FROM `onethink_category` WHERE `id` = 1 LIMIT 1   [ RunTime:0.0005s ]
SQL: SELECT `id`,`name`,`pid`,`title`,`link_id` FROM `onethink_category` WHERE `status` = 1 ORDER BY sort  [ RunTime:0.0003s ]
SQL: SELECT `id`,`uid`,`name`,`title`,`category_id`,`group_id`,`description`,`root`,`pid`,`model_id`,`type`,`position`,`link_id`,`cover_id`,`display`,`deadline`,`attach`,`view`,`comment`,`extend`,`level`,`create_time`,`update_time`,`status` FROM `onethink_document` WHERE `status` = 1 AND `pid` = 0 AND `category_id` IN ('1','2') AND `create_time` < 1427188876 AND ( deadline = 0 OR deadline > 1427188876 ) ORDER BY `level` DESC,`id` DESC LIMIT 0,10   [ RunTime:0.0004s ]
INFO: Run Behavior\ParseTemplateBehavior [ RunTime:0.011686s ]
INFO: [ view_parse ] --END-- [ RunTime:0.005660s ]
INFO: [ view_filter ] --START--
INFO: Run Behavior\WriteHtmlCacheBehavior [ RunTime:0.000036s ]
INFO: [ view_filter ] --END-- [ RunTime:-0.005549s ]
INFO: [ app_end ] --START--
INFO: Run Behavior\ShowPageTraceBehavior [ RunTime:0.000857s ]
INFO: [ app_end ] --END-- [ RunTime:0.001039s ]

[ 2015-03-24T17:22:44+08:00 ] 127.0.0.1 /ot/index.php?s=/Home/Article/lists/category/default_blog.html
INFO: [ app_init ] --START--
INFO: Run Behavior\BuildLiteBehavior [ RunTime:0.000019s ]
INFO: Run Common\Behavior\InitHookBehavior [ RunTime:0.002035s ]
INFO: [ app_init ] --END-- [ RunTime:0.002741s ]
INFO: [ app_begin ] --START--
INFO: Run Behavior\ReadHtmlCacheBehavior [ RunTime:0.000638s ]
INFO: [ app_begin ] --END-- [ RunTime:0.000839s ]
SQL: SHOW COLUMNS FROM `onethink_config` [ RunTime:0.0063s ]
SQL: SELECT `type`,`name`,`value` FROM `onethink_config` WHERE `status` = 1  [ RunTime:0.0005s ]
SQL: SHOW COLUMNS FROM `onethink_category` [ RunTime:0.0065s ]
SQL: SELECT `id`,`name`,`title`,`pid`,`sort`,`list_row`,`meta_title`,`keywords`,`description`,`template_index`,`template_lists`,`template_detail`,`template_edit`,`model`,`model_sub`,`type`,`link_id`,`allow_publish`,`display`,`reply`,`check`,`reply_model`,`extend`,`create_time`,`update_time`,`status`,`icon`,`groups` FROM `onethink_category` WHERE `name` = 'default_blog' LIMIT 1   [ RunTime:0.0006s ]
SQL: SHOW COLUMNS FROM `onethink_document` [ RunTime:0.0069s ]
SQL: SELECT `id`,`uid`,`name`,`title`,`category_id`,`group_id`,`description`,`root`,`pid`,`model_id`,`type`,`position`,`link_id`,`cover_id`,`display`,`deadline`,`attach`,`view`,`comment`,`extend`,`level`,`create_time`,`update_time`,`status` FROM `onethink_document` WHERE `status` = 1 AND `pid` = 0 AND `category_id` = 2 AND `create_time` < 1427188964 AND ( deadline = 0 OR deadline > 1427188964 ) ORDER BY `id` DESC LIMIT 0,10   [ RunTime:0.0006s ]
INFO: [ view_parse ] --START--
INFO: [ template_filter ] --START--
INFO: Run Behavior\ContentReplaceBehavior [ RunTime:0.000177s ]
INFO: [ template_filter ] --END-- [ RunTime:0.000442s ]
SQL: SHOW COLUMNS FROM `onethink_channel` [ RunTime:0.0056s ]
SQL: SELECT `id`,`pid`,`title`,`url`,`sort`,`create_time`,`update_time`,`status`,`target` FROM `onethink_channel` WHERE ( status=1 ) ORDER BY sort  [ RunTime:0.0004s ]
SQL: SELECT `pid` FROM `onethink_category` WHERE `id` = 2 LIMIT 1   [ RunTime:0.0005s ]
SQL: SELECT `id`,`name`,`pid`,`title`,`link_id` FROM `onethink_category` WHERE `pid` = 1 AND `status` = 1 ORDER BY sort  [ RunTime:0.0005s ]
INFO: [ view_parse ] --START--
INFO: [ template_filter ] --START--
INFO: Run Behavior\ContentReplaceBehavior [ RunTime:0.000108s ]
INFO: [ template_filter ] --END-- [ RunTime:-0.020408s ]
INFO: Run Behavior\ParseTemplateBehavior [ RunTime:0.005462s ]
INFO: [ view_parse ] --END-- [ RunTime:0.005653s ]
INFO: [ view_filter ] --START--
INFO: Run Behavior\WriteHtmlCacheBehavior [ RunTime:0.000423s ]
INFO: [ view_filter ] --END-- [ RunTime:0.000631s ]
SQL: SELECT COUNT(id) AS tp_count FROM `onethink_document` WHERE `status` = 1 AND `pid` = 0 AND `category_id` = 2 AND `create_time` < 1427188964 AND ( deadline = 0 OR deadline > 1427188964 ) LIMIT 1   [ RunTime:0.0004s ]
INFO: Run Behavior\ParseTemplateBehavior [ RunTime:0.010614s ]
INFO: [ view_parse ] --END-- [ RunTime:0.005653s ]
INFO: [ view_filter ] --START--
INFO: Run Behavior\WriteHtmlCacheBehavior [ RunTime:0.000035s ]
INFO: [ view_filter ] --END-- [ RunTime:-0.004557s ]
INFO: [ app_end ] --START--
INFO: Run Behavior\ShowPageTraceBehavior [ RunTime:0.000852s ]
INFO: [ app_end ] --END-- [ RunTime:0.001031s ]

[ 2015-03-24T17:22:45+08:00 ] 127.0.0.1 /ot/index.php?s=/Home/Article/lists/category/default_blog.html
INFO: [ app_init ] --START--
INFO: Run Behavior\BuildLiteBehavior [ RunTime:0.000032s ]
INFO: Run Common\Behavior\InitHookBehavior [ RunTime:0.002750s ]
INFO: [ app_init ] --END-- [ RunTime:0.003726s ]
INFO: [ app_begin ] --START--
INFO: Run Behavior\ReadHtmlCacheBehavior [ RunTime:0.000994s ]
INFO: [ app_begin ] --END-- [ RunTime:0.001300s ]
SQL: SHOW COLUMNS FROM `onethink_config` [ RunTime:0.0054s ]
SQL: SELECT `type`,`name`,`value` FROM `onethink_config` WHERE `status` = 1  [ RunTime:0.0005s ]
SQL: SHOW COLUMNS FROM `onethink_category` [ RunTime:0.0052s ]
SQL: SELECT `id`,`name`,`title`,`pid`,`sort`,`list_row`,`meta_title`,`keywords`,`description`,`template_index`,`template_lists`,`template_detail`,`template_edit`,`model`,`model_sub`,`type`,`link_id`,`allow_publish`,`display`,`reply`,`check`,`reply_model`,`extend`,`create_time`,`update_time`,`status`,`icon`,`groups` FROM `onethink_category` WHERE `name` = 'default_blog' LIMIT 1   [ RunTime:0.0006s ]
SQL: SHOW COLUMNS FROM `onethink_document` [ RunTime:0.0049s ]
SQL: SELECT `id`,`uid`,`name`,`title`,`category_id`,`group_id`,`description`,`root`,`pid`,`model_id`,`type`,`position`,`link_id`,`cover_id`,`display`,`deadline`,`attach`,`view`,`comment`,`extend`,`level`,`create_time`,`update_time`,`status` FROM `onethink_document` WHERE `status` = 1 AND `pid` = 0 AND `category_id` = 2 AND `create_time` < 1427188965 AND ( deadline = 0 OR deadline > 1427188965 ) ORDER BY `id` DESC LIMIT 0,10   [ RunTime:0.0006s ]
INFO: [ view_parse ] --START--
INFO: [ template_filter ] --START--
INFO: Run Behavior\ContentReplaceBehavior [ RunTime:0.000168s ]
INFO: [ template_filter ] --END-- [ RunTime:0.000425s ]
SQL: SHOW COLUMNS FROM `onethink_channel` [ RunTime:0.0053s ]
SQL: SELECT `id`,`pid`,`title`,`url`,`sort`,`create_time`,`update_time`,`status`,`target` FROM `onethink_channel` WHERE ( status=1 ) ORDER BY sort  [ RunTime:0.0010s ]
SQL: SELECT `pid` FROM `onethink_category` WHERE `id` = 2 LIMIT 1   [ RunTime:0.0004s ]
SQL: SELECT `id`,`name`,`pid`,`title`,`link_id` FROM `onethink_category` WHERE `pid` = 1 AND `status` = 1 ORDER BY sort  [ RunTime:0.0004s ]
INFO: [ view_parse ] --START--
INFO: [ template_filter ] --START--
INFO: Run Behavior\ContentReplaceBehavior [ RunTime:0.000126s ]
INFO: [ template_filter ] --END-- [ RunTime:-0.020992s ]
INFO: Run Behavior\ParseTemplateBehavior [ RunTime:0.005698s ]
INFO: [ view_parse ] --END-- [ RunTime:0.005932s ]
INFO: [ view_filter ] --START--
INFO: Run Behavior\WriteHtmlCacheBehavior [ RunTime:0.000441s ]
INFO: [ view_filter ] --END-- [ RunTime:0.000629s ]
SQL: SELECT COUNT(id) AS tp_count FROM `onethink_document` WHERE `status` = 1 AND `pid` = 0 AND `category_id` = 2 AND `create_time` < 1427188965 AND ( deadline = 0 OR deadline > 1427188965 ) LIMIT 1   [ RunTime:0.0005s ]
INFO: Run Behavior\ParseTemplateBehavior [ RunTime:0.010240s ]
INFO: [ view_parse ] --END-- [ RunTime:0.005932s ]
INFO: [ view_filter ] --START--
INFO: Run Behavior\WriteHtmlCacheBehavior [ RunTime:0.000032s ]
INFO: [ view_filter ] --END-- [ RunTime:-0.003847s ]
INFO: [ app_end ] --START--
INFO: Run Behavior\ShowPageTraceBehavior [ RunTime:0.000863s ]
INFO: [ app_end ] --END-- [ RunTime:0.001074s ]

[ 2015-03-24T17:27:16+08:00 ] 127.0.0.1 /ot/index.php?s=/Home/Article/detail/id/1.html
INFO: [ app_init ] --START--
INFO: Run Behavior\BuildLiteBehavior [ RunTime:0.000029s ]
INFO: Run Common\Behavior\InitHookBehavior [ RunTime:0.003213s ]
INFO: [ app_init ] --END-- [ RunTime:0.004161s ]
INFO: [ app_begin ] --START--
INFO: Run Behavior\ReadHtmlCacheBehavior [ RunTime:0.000922s ]
INFO: [ app_begin ] --END-- [ RunTime:0.001169s ]
SQL: SHOW COLUMNS FROM `onethink_config` [ RunTime:0.0063s ]
SQL: SELECT `type`,`name`,`value` FROM `onethink_config` WHERE `status` = 1  [ RunTime:0.0006s ]
SQL: SHOW COLUMNS FROM `onethink_document` [ RunTime:0.0050s ]
SQL: SELECT `id`,`uid`,`name`,`title`,`category_id`,`group_id`,`description`,`root`,`pid`,`model_id`,`type`,`position`,`link_id`,`cover_id`,`display`,`deadline`,`attach`,`view`,`comment`,`extend`,`level`,`create_time`,`update_time`,`status` FROM `onethink_document` WHERE `id` = 1 LIMIT 1   [ RunTime:0.0006s ]
SQL: SHOW COLUMNS FROM `onethink_document_article` [ RunTime:0.0547s ]
SQL: SELECT `id`,`parse`,`content`,`template`,`bookmark` FROM `onethink_document_article` WHERE `id` = 1 LIMIT 1   [ RunTime:0.0006s ]
SQL: SHOW COLUMNS FROM `onethink_category` [ RunTime:0.0051s ]
SQL: SELECT `id`,`name`,`title`,`pid`,`sort`,`list_row`,`meta_title`,`keywords`,`description`,`template_index`,`template_lists`,`template_detail`,`template_edit`,`model`,`model_sub`,`type`,`link_id`,`allow_publish`,`display`,`reply`,`check`,`reply_model`,`extend`,`create_time`,`update_time`,`status`,`icon`,`groups` FROM `onethink_category` WHERE `id` = 2 LIMIT 1   [ RunTime:0.0008s ]
SQL: UPDATE `onethink_document` SET `view`=view+1 WHERE `id` = 1 [ RunTime:0.0006s ]
INFO: [ view_parse ] --START--
INFO: [ template_filter ] --START--
INFO: Run Behavior\ContentReplaceBehavior [ RunTime:0.000155s ]
INFO: [ template_filter ] --END-- [ RunTime:0.000337s ]
SQL: SHOW COLUMNS FROM `onethink_channel` [ RunTime:0.0047s ]
SQL: SELECT `id`,`pid`,`title`,`url`,`sort`,`create_time`,`update_time`,`status`,`target` FROM `onethink_channel` WHERE ( status=1 ) ORDER BY sort  [ RunTime:0.0004s ]
SQL: SELECT `id`,`uid`,`name`,`title`,`category_id`,`group_id`,`description`,`root`,`pid`,`model_id`,`type`,`position`,`link_id`,`cover_id`,`display`,`deadline`,`attach`,`view`,`comment`,`extend`,`level`,`create_time`,`update_time`,`status` FROM `onethink_document` WHERE `id` < 1 AND `pid` = 0 AND `category_id` = 2 AND `status` = 1 AND `create_time` < 1427189236 AND ( deadline = 0 OR deadline > 1427189236 ) ORDER BY id DESC LIMIT 1   [ RunTime:0.0005s ]
SQL: SELECT `id`,`uid`,`name`,`title`,`category_id`,`group_id`,`description`,`root`,`pid`,`model_id`,`type`,`position`,`link_id`,`cover_id`,`display`,`deadline`,`attach`,`view`,`comment`,`extend`,`level`,`create_time`,`update_time`,`status` FROM `onethink_document` WHERE `id` > 1 AND `pid` = 0 AND `category_id` = 2 AND `status` = 1 AND `create_time` < 1427189236 AND ( deadline = 0 OR deadline > 1427189236 ) ORDER BY id LIMIT 1   [ RunTime:0.0005s ]
SQL: SELECT `pid` FROM `onethink_category` WHERE `id` = 2 LIMIT 1   [ RunTime:0.0003s ]
SQL: SELECT `id`,`name`,`pid`,`title`,`link_id` FROM `onethink_category` WHERE `pid` = 1 AND `status` = 1 ORDER BY sort  [ RunTime:0.0004s ]
INFO: [ view_parse ] --START--
INFO: [ template_filter ] --START--
INFO: Run Behavior\ContentReplaceBehavior [ RunTime:0.000096s ]
INFO: [ template_filter ] --END-- [ RunTime:-0.019896s ]
INFO: Run Behavior\ParseTemplateBehavior [ RunTime:0.005129s ]
INFO: [ view_parse ] --END-- [ RunTime:0.005314s ]
INFO: [ view_filter ] --START--
INFO: Run Behavior\WriteHtmlCacheBehavior [ RunTime:0.000432s ]
INFO: [ view_filter ] --END-- [ RunTime:0.000599s ]
INFO: [ documentDetailAfter ] --START--
SQL: SHOW COLUMNS FROM `onethink_attachment` [ RunTime:0.0345s ]
SQL: SELECT `id`,`uid`,`title`,`type`,`source`,`record_id`,`download`,`size`,`dir`,`sort`,`create_time`,`update_time`,`status` FROM `onethink_attachment` WHERE `record_id` = 1 AND `status` = 1  [ RunTime:0.0004s ]
INFO: Run Addons\Attachment\AttachmentAddon [ RunTime:0.039085s ]
SQL: SHOW COLUMNS FROM `onethink_addons` [ RunTime:0.0047s ]
SQL: SELECT `config` FROM `onethink_addons` WHERE `name` = 'SocialComment' AND `status` = 1 LIMIT 1   [ RunTime:0.0004s ]
INFO: [ view_parse ] --START--
INFO: [ template_filter ] --START--
INFO: Run Behavior\ContentReplaceBehavior [ RunTime:0.000110s ]
INFO: [ template_filter ] --END-- [ RunTime:-0.072059s ]
INFO: Run Behavior\ParseTemplateBehavior [ RunTime:0.003804s ]
INFO: [ view_parse ] --END-- [ RunTime:-0.047767s ]
INFO: [ view_filter ] --START--
INFO: Run Behavior\WriteHtmlCacheBehavior [ RunTime:0.000034s ]
INFO: [ view_filter ] --END-- [ RunTime:-0.051181s ]
INFO: Run Addons\SocialComment\SocialCommentAddon [ RunTime:0.012019s ]
INFO: [ documentDetailAfter ] --END-- [ RunTime:0.051355s ]
INFO: Run Behavior\ParseTemplateBehavior [ RunTime:0.004610s ]
INFO: [ view_parse ] --END-- [ RunTime:-0.047767s ]
INFO: [ view_filter ] --START--
INFO: Run Behavior\WriteHtmlCacheBehavior [ RunTime:0.000030s ]
INFO: [ view_filter ] --END-- [ RunTime:-0.051981s ]
INFO: [ app_end ] --START--
INFO: Run Behavior\ShowPageTraceBehavior [ RunTime:0.000795s ]
INFO: [ app_end ] --END-- [ RunTime:0.000959s ]

