[ 2015-05-04T11:28:06+08:00 ] 127.0.0.1 /ot/admin.php
INFO: [ app_init ] --START--
INFO: Run Behavior\BuildLiteBehavior [ RunTime:0.000018s ]
INFO: Run Common\Behavior\InitHookBehavior [ RunTime:0.001869s ]
INFO: [ app_init ] --END-- [ RunTime:0.002455s ]
INFO: [ app_begin ] --START--
INFO: Run Behavior\ReadHtmlCacheBehavior [ RunTime:0.001143s ]
INFO: [ app_begin ] --END-- [ RunTime:0.001586s ]
SQL: SHOW COLUMNS FROM `onethink_menu` [ RunTime:0.0117s ]
SQL: SELECT `id`,`title`,`url` FROM `onethink_menu` WHERE `pid` = 0 AND `hide` = 0 ORDER BY sort asc  [ RunTime:0.0096s ]
SQL: SELECT `pid` FROM `onethink_menu` WHERE ( pid !=0 AND url like '%Index/index%' ) LIMIT 1   [ RunTime:0.0016s ]
INFO: [ view_parse ] --START--
INFO: [ template_filter ] --START--
INFO: Run Behavior\ContentReplaceBehavior [ RunTime:0.000175s ]
INFO: [ template_filter ] --END-- [ RunTime:0.000398s ]
INFO: [ AdminIndex ] --START--
SQL: SHOW COLUMNS FROM `onethink_addons` [ RunTime:0.0114s ]
SQL: SELECT `config` FROM `onethink_addons` WHERE `name` = 'SiteStat' AND `status` = 1 LIMIT 1   [ RunTime:0.0007s ]
SQL: SHOW COLUMNS FROM `onethink_member` [ RunTime:0.0169s ]
SQL: SELECT COUNT(*) AS tp_count FROM `onethink_member` LIMIT 1   [ RunTime:0.0004s ]
SQL: SHOW COLUMNS FROM `onethink_action_log` [ RunTime:0.0485s ]
SQL: SELECT COUNT(*) AS tp_count FROM `onethink_action_log` LIMIT 1   [ RunTime:0.0004s ]
SQL: SHOW COLUMNS FROM `onethink_document` [ RunTime:0.0176s ]
SQL: SELECT COUNT(*) AS tp_count FROM `onethink_document` LIMIT 1   [ RunTime:0.0003s ]
SQL: SHOW COLUMNS FROM `onethink_category` [ RunTime:0.0056s ]
SQL: SELECT COUNT(*) AS tp_count FROM `onethink_category` LIMIT 1   [ RunTime:0.0003s ]
SQL: SHOW COLUMNS FROM `onethink_model` [ RunTime:0.0081s ]
SQL: SELECT COUNT(*) AS tp_count FROM `onethink_model` LIMIT 1   [ RunTime:0.0003s ]
INFO: [ view_parse ] --START--
INFO: [ template_filter ] --START--
INFO: Run Behavior\ContentReplaceBehavior [ RunTime:0.000104s ]
INFO: [ template_filter ] --END-- [ RunTime:-0.179427s ]
INFO: Run Behavior\ParseTemplateBehavior [ RunTime:0.009372s ]
INFO: [ view_parse ] --END-- [ RunTime:0.009594s ]
INFO: [ view_filter ] --START--
INFO: Run Behavior\WriteHtmlCacheBehavior [ RunTime:0.000279s ]
INFO: [ view_filter ] --END-- [ RunTime:0.000473s ]
INFO: Run Addons\SiteStat\SiteStatAddon [ RunTime:0.162817s ]
SQL: SELECT `config` FROM `onethink_addons` WHERE `name` = 'SystemInfo' AND `status` = 1 LIMIT 1   [ RunTime:0.0005s ]
INFO: [ view_parse ] --START--
INFO: [ template_filter ] --START--
INFO: Run Behavior\ContentReplaceBehavior [ RunTime:0.000111s ]
INFO: [ template_filter ] --END-- [ RunTime:-0.274443s ]
SQL: select version() as v; [ RunTime:0.0003s ]
INFO: Run Behavior\ParseTemplateBehavior [ RunTime:0.005038s ]
INFO: [ view_parse ] --END-- [ RunTime:-0.090502s ]
INFO: [ view_filter ] --START--
INFO: Run Behavior\WriteHtmlCacheBehavior [ RunTime:0.000034s ]
INFO: [ view_filter ] --END-- [ RunTime:-0.095249s ]
INFO: Run Addons\SystemInfo\SystemInfoAddon [ RunTime:0.095386s ]
SQL: SELECT `config` FROM `onethink_addons` WHERE `name` = 'DevTeam' AND `status` = 1 LIMIT 1   [ RunTime:0.0005s ]
INFO: [ view_parse ] --START--
INFO: [ template_filter ] --START--
INFO: Run Behavior\ContentReplaceBehavior [ RunTime:0.000201s ]
INFO: [ template_filter ] --END-- [ RunTime:-0.297065s ]
INFO: Run Behavior\ParseTemplateBehavior [ RunTime:0.003535s ]
INFO: [ view_parse ] --END-- [ RunTime:-0.113726s ]
INFO: [ view_filter ] --START--
INFO: Run Behavior\WriteHtmlCacheBehavior [ RunTime:0.000038s ]
INFO: [ view_filter ] --END-- [ RunTime:-0.116975s ]
INFO: Run Addons\DevTeam\DevTeamAddon [ RunTime:0.021624s ]
INFO: [ AdminIndex ] --END-- [ RunTime:0.280373s ]
INFO: Run Behavior\ParseTemplateBehavior [ RunTime:0.004459s ]
INFO: [ view_parse ] --END-- [ RunTime:-0.113726s ]
INFO: [ view_filter ] --START--
INFO: Run Behavior\WriteHtmlCacheBehavior [ RunTime:0.000031s ]
INFO: [ view_filter ] --END-- [ RunTime:-0.117862s ]
INFO: [ app_end ] --START--
INFO: Run Behavior\ShowPageTraceBehavior [ RunTime:0.000598s ]
INFO: [ app_end ] --END-- [ RunTime:0.000787s ]

[ 2015-05-04T11:28:08+08:00 ] 127.0.0.1 /ot/admin.php?s=/Papers/index.html
INFO: [ app_init ] --START--
INFO: Run Behavior\BuildLiteBehavior [ RunTime:0.000018s ]
INFO: Run Common\Behavior\InitHookBehavior [ RunTime:0.001945s ]
INFO: [ app_init ] --END-- [ RunTime:0.002658s ]
INFO: [ app_begin ] --START--
INFO: Run Behavior\ReadHtmlCacheBehavior [ RunTime:0.000616s ]
INFO: [ app_begin ] --END-- [ RunTime:0.000819s ]
SQL: SHOW COLUMNS FROM `onethink_menu` [ RunTime:0.0064s ]
SQL: SELECT `id`,`title`,`url` FROM `onethink_menu` WHERE `pid` = 0 AND `hide` = 0 ORDER BY sort asc  [ RunTime:0.0005s ]
SQL: SELECT `pid` FROM `onethink_menu` WHERE ( pid !=0 AND url like '%Papers/index%' ) LIMIT 1   [ RunTime:0.0010s ]
SQL: SELECT * FROM `onethink_menu` WHERE `id` = 124 LIMIT 1   [ RunTime:0.0004s ]
SQL: SELECT DISTINCT  `group` FROM `onethink_menu` WHERE `group` <> '' AND `pid` = 124  [ RunTime:0.0006s ]
SQL: SELECT `id`,`url` FROM `onethink_menu` WHERE `pid` = 124 AND `hide` = 0  [ RunTime:0.0004s ]
SQL: SELECT `id`,`pid`,`title`,`url`,`tip` FROM `onethink_menu` WHERE `group` = '试题列表' AND `pid` = 124 AND `hide` = 0 ORDER BY sort asc  [ RunTime:0.0005s ]
INFO: [ view_parse ] --START--
INFO: [ template_filter ] --START--
INFO: Run Behavior\ContentReplaceBehavior [ RunTime:0.000232s ]
INFO: [ template_filter ] --END-- [ RunTime:0.000433s ]
NOTIC: [8] Undefined variable: meta_title E:\wamp\www\ot\Runtime\Cache\Admin\8846c9b30ebffc8d9feee7305ca4e270.php 第 5 行.
NOTIC: [8] Undefined variable: _page E:\wamp\www\ot\Runtime\Cache\Admin\8846c9b30ebffc8d9feee7305ca4e270.php 第 115 行.
INFO: Run Behavior\ParseTemplateBehavior [ RunTime:0.061969s ]
INFO: [ view_parse ] --END-- [ RunTime:0.062266s ]
INFO: [ view_filter ] --START--
INFO: Run Behavior\WriteHtmlCacheBehavior [ RunTime:0.000384s ]
INFO: [ view_filter ] --END-- [ RunTime:0.000564s ]
INFO: [ app_end ] --START--
INFO: Run Behavior\ShowPageTraceBehavior [ RunTime:0.000627s ]
INFO: [ app_end ] --END-- [ RunTime:0.000808s ]

[ 2015-05-04T11:28:12+08:00 ] 127.0.0.1 /ot/admin.php?s=/Papers/add.html
INFO: [ app_init ] --START--
INFO: Run Behavior\BuildLiteBehavior [ RunTime:0.000027s ]
INFO: Run Common\Behavior\InitHookBehavior [ RunTime:0.002191s ]
INFO: [ app_init ] --END-- [ RunTime:0.002913s ]
INFO: [ app_begin ] --START--
INFO: Run Behavior\ReadHtmlCacheBehavior [ RunTime:0.000643s ]
INFO: [ app_begin ] --END-- [ RunTime:0.000843s ]
SQL: SHOW COLUMNS FROM `onethink_menu` [ RunTime:0.0062s ]
SQL: SELECT `id`,`title`,`url` FROM `onethink_menu` WHERE `pid` = 0 AND `hide` = 0 ORDER BY sort asc  [ RunTime:0.0006s ]
SQL: SELECT `pid` FROM `onethink_menu` WHERE ( pid !=0 AND url like '%Papers/add%' ) LIMIT 1   [ RunTime:0.0010s ]
SQL: SELECT * FROM `onethink_menu` WHERE `id` = 124 LIMIT 1   [ RunTime:0.0004s ]
SQL: SELECT DISTINCT  `group` FROM `onethink_menu` WHERE `group` <> '' AND `pid` = 124  [ RunTime:0.0004s ]
SQL: SELECT `id`,`url` FROM `onethink_menu` WHERE `pid` = 124 AND `hide` = 0  [ RunTime:0.0004s ]
SQL: SELECT `id`,`pid`,`title`,`url`,`tip` FROM `onethink_menu` WHERE `group` = '试题列表' AND `pid` = 124 AND `hide` = 0 ORDER BY sort asc  [ RunTime:0.0004s ]
INFO: [ view_parse ] --START--
INFO: [ template_filter ] --START--
INFO: Run Behavior\ContentReplaceBehavior [ RunTime:0.000478s ]
INFO: [ template_filter ] --END-- [ RunTime:0.000880s ]
NOTIC: [8] Undefined variable: meta_title E:\wamp\www\ot\Runtime\Cache\Admin\9eb072d9ea80e67ca7e1ad6770ece22d.php 第 5 行.
INFO: Run Behavior\ParseTemplateBehavior [ RunTime:0.092262s ]
INFO: [ view_parse ] --END-- [ RunTime:0.092460s ]
INFO: [ view_filter ] --START--
INFO: Run Behavior\WriteHtmlCacheBehavior [ RunTime:0.000403s ]
INFO: [ view_filter ] --END-- [ RunTime:0.000584s ]
INFO: [ app_end ] --START--
INFO: Run Behavior\ShowPageTraceBehavior [ RunTime:0.000585s ]
INFO: [ app_end ] --END-- [ RunTime:0.000758s ]

[ 2015-05-04T11:28:14+08:00 ] 127.0.0.1 /ot/admin.php?s=/Papers/index.html
INFO: [ app_init ] --START--
INFO: Run Behavior\BuildLiteBehavior [ RunTime:0.000032s ]
INFO: Run Common\Behavior\InitHookBehavior [ RunTime:0.003282s ]
INFO: [ app_init ] --END-- [ RunTime:0.004454s ]
INFO: [ app_begin ] --START--
INFO: Run Behavior\ReadHtmlCacheBehavior [ RunTime:0.000632s ]
INFO: [ app_begin ] --END-- [ RunTime:0.000838s ]
SQL: SHOW COLUMNS FROM `onethink_menu` [ RunTime:0.0060s ]
SQL: SELECT `id`,`title`,`url` FROM `onethink_menu` WHERE `pid` = 0 AND `hide` = 0 ORDER BY sort asc  [ RunTime:0.0005s ]
SQL: SELECT `pid` FROM `onethink_menu` WHERE ( pid !=0 AND url like '%Papers/index%' ) LIMIT 1   [ RunTime:0.0013s ]
SQL: SELECT * FROM `onethink_menu` WHERE `id` = 124 LIMIT 1   [ RunTime:0.0004s ]
SQL: SELECT DISTINCT  `group` FROM `onethink_menu` WHERE `group` <> '' AND `pid` = 124  [ RunTime:0.0004s ]
SQL: SELECT `id`,`url` FROM `onethink_menu` WHERE `pid` = 124 AND `hide` = 0  [ RunTime:0.0005s ]
SQL: SELECT `id`,`pid`,`title`,`url`,`tip` FROM `onethink_menu` WHERE `group` = '试题列表' AND `pid` = 124 AND `hide` = 0 ORDER BY sort asc  [ RunTime:0.0004s ]
INFO: [ view_parse ] --START--
INFO: [ template_filter ] --START--
INFO: Run Behavior\ContentReplaceBehavior [ RunTime:0.000229s ]
INFO: [ template_filter ] --END-- [ RunTime:0.000456s ]
NOTIC: [8] Undefined variable: meta_title E:\wamp\www\ot\Runtime\Cache\Admin\8846c9b30ebffc8d9feee7305ca4e270.php 第 5 行.
NOTIC: [8] Undefined variable: _page E:\wamp\www\ot\Runtime\Cache\Admin\8846c9b30ebffc8d9feee7305ca4e270.php 第 115 行.
INFO: Run Behavior\ParseTemplateBehavior [ RunTime:0.025010s ]
INFO: [ view_parse ] --END-- [ RunTime:0.025322s ]
INFO: [ view_filter ] --START--
INFO: Run Behavior\WriteHtmlCacheBehavior [ RunTime:0.000551s ]
INFO: [ view_filter ] --END-- [ RunTime:0.000947s ]
INFO: [ app_end ] --START--
INFO: Run Behavior\ShowPageTraceBehavior [ RunTime:0.001194s ]
INFO: [ app_end ] --END-- [ RunTime:0.001612s ]

[ 2015-05-04T11:28:14+08:00 ] 127.0.0.1 /ot/admin.php?s=/Papers/add.html
INFO: [ app_init ] --START--
INFO: Run Behavior\BuildLiteBehavior [ RunTime:0.000018s ]
INFO: Run Common\Behavior\InitHookBehavior [ RunTime:0.001912s ]
INFO: [ app_init ] --END-- [ RunTime:0.002548s ]
INFO: [ app_begin ] --START--
INFO: Run Behavior\ReadHtmlCacheBehavior [ RunTime:0.000895s ]
INFO: [ app_begin ] --END-- [ RunTime:0.001187s ]
SQL: SHOW COLUMNS FROM `onethink_menu` [ RunTime:0.0046s ]
SQL: SELECT `id`,`title`,`url` FROM `onethink_menu` WHERE `pid` = 0 AND `hide` = 0 ORDER BY sort asc  [ RunTime:0.0005s ]
SQL: SELECT `pid` FROM `onethink_menu` WHERE ( pid !=0 AND url like '%Papers/add%' ) LIMIT 1   [ RunTime:0.0010s ]
SQL: SELECT * FROM `onethink_menu` WHERE `id` = 124 LIMIT 1   [ RunTime:0.0005s ]
SQL: SELECT DISTINCT  `group` FROM `onethink_menu` WHERE `group` <> '' AND `pid` = 124  [ RunTime:0.0004s ]
SQL: SELECT `id`,`url` FROM `onethink_menu` WHERE `pid` = 124 AND `hide` = 0  [ RunTime:0.0004s ]
SQL: SELECT `id`,`pid`,`title`,`url`,`tip` FROM `onethink_menu` WHERE `group` = '试题列表' AND `pid` = 124 AND `hide` = 0 ORDER BY sort asc  [ RunTime:0.0005s ]
INFO: [ view_parse ] --START--
INFO: [ template_filter ] --START--
INFO: Run Behavior\ContentReplaceBehavior [ RunTime:0.000258s ]
INFO: [ template_filter ] --END-- [ RunTime:0.000442s ]
NOTIC: [8] Undefined variable: meta_title E:\wamp\www\ot\Runtime\Cache\Admin\9eb072d9ea80e67ca7e1ad6770ece22d.php 第 5 行.
INFO: Run Behavior\ParseTemplateBehavior [ RunTime:0.031556s ]
INFO: [ view_parse ] --END-- [ RunTime:0.031748s ]
INFO: [ view_filter ] --START--
INFO: Run Behavior\WriteHtmlCacheBehavior [ RunTime:0.000369s ]
INFO: [ view_filter ] --END-- [ RunTime:0.000627s ]
INFO: [ app_end ] --START--
INFO: Run Behavior\ShowPageTraceBehavior [ RunTime:0.000789s ]
INFO: [ app_end ] --END-- [ RunTime:0.000996s ]

[ 2015-05-04T11:28:15+08:00 ] 127.0.0.1 /ot/admin.php?s=/Papers/index.html
INFO: [ app_init ] --START--
INFO: Run Behavior\BuildLiteBehavior [ RunTime:0.000018s ]
INFO: Run Common\Behavior\InitHookBehavior [ RunTime:0.001912s ]
INFO: [ app_init ] --END-- [ RunTime:0.002526s ]
INFO: [ app_begin ] --START--
INFO: Run Behavior\ReadHtmlCacheBehavior [ RunTime:0.000911s ]
INFO: [ app_begin ] --END-- [ RunTime:0.001168s ]
SQL: SHOW COLUMNS FROM `onethink_menu` [ RunTime:0.0051s ]
SQL: SELECT `id`,`title`,`url` FROM `onethink_menu` WHERE `pid` = 0 AND `hide` = 0 ORDER BY sort asc  [ RunTime:0.0006s ]
SQL: SELECT `pid` FROM `onethink_menu` WHERE ( pid !=0 AND url like '%Papers/index%' ) LIMIT 1   [ RunTime:0.0010s ]
SQL: SELECT * FROM `onethink_menu` WHERE `id` = 124 LIMIT 1   [ RunTime:0.0005s ]
SQL: SELECT DISTINCT  `group` FROM `onethink_menu` WHERE `group` <> '' AND `pid` = 124  [ RunTime:0.0005s ]
SQL: SELECT `id`,`url` FROM `onethink_menu` WHERE `pid` = 124 AND `hide` = 0  [ RunTime:0.0006s ]
SQL: SELECT `id`,`pid`,`title`,`url`,`tip` FROM `onethink_menu` WHERE `group` = '试题列表' AND `pid` = 124 AND `hide` = 0 ORDER BY sort asc  [ RunTime:0.0005s ]
INFO: [ view_parse ] --START--
INFO: [ template_filter ] --START--
INFO: Run Behavior\ContentReplaceBehavior [ RunTime:0.000225s ]
INFO: [ template_filter ] --END-- [ RunTime:0.000425s ]
NOTIC: [8] Undefined variable: meta_title E:\wamp\www\ot\Runtime\Cache\Admin\8846c9b30ebffc8d9feee7305ca4e270.php 第 5 行.
NOTIC: [8] Undefined variable: _page E:\wamp\www\ot\Runtime\Cache\Admin\8846c9b30ebffc8d9feee7305ca4e270.php 第 115 行.
INFO: Run Behavior\ParseTemplateBehavior [ RunTime:0.022200s ]
INFO: [ view_parse ] --END-- [ RunTime:0.022569s ]
INFO: [ view_filter ] --START--
INFO: Run Behavior\WriteHtmlCacheBehavior [ RunTime:0.000373s ]
INFO: [ view_filter ] --END-- [ RunTime:0.000552s ]
INFO: [ app_end ] --START--
INFO: Run Behavior\ShowPageTraceBehavior [ RunTime:0.000613s ]
INFO: [ app_end ] --END-- [ RunTime:0.000790s ]

[ 2015-05-04T11:28:16+08:00 ] 127.0.0.1 /ot/admin.php?s=/Papers/add.html
INFO: [ app_init ] --START--
INFO: Run Behavior\BuildLiteBehavior [ RunTime:0.000016s ]
INFO: Run Common\Behavior\InitHookBehavior [ RunTime:0.001773s ]
INFO: [ app_init ] --END-- [ RunTime:0.002405s ]
INFO: [ app_begin ] --START--
INFO: Run Behavior\ReadHtmlCacheBehavior [ RunTime:0.000568s ]
INFO: [ app_begin ] --END-- [ RunTime:0.000751s ]
SQL: SHOW COLUMNS FROM `onethink_menu` [ RunTime:0.0051s ]
SQL: SELECT `id`,`title`,`url` FROM `onethink_menu` WHERE `pid` = 0 AND `hide` = 0 ORDER BY sort asc  [ RunTime:0.0005s ]
SQL: SELECT `pid` FROM `onethink_menu` WHERE ( pid !=0 AND url like '%Papers/add%' ) LIMIT 1   [ RunTime:0.0012s ]
SQL: SELECT * FROM `onethink_menu` WHERE `id` = 124 LIMIT 1   [ RunTime:0.0004s ]
SQL: SELECT DISTINCT  `group` FROM `onethink_menu` WHERE `group` <> '' AND `pid` = 124  [ RunTime:0.0003s ]
SQL: SELECT `id`,`url` FROM `onethink_menu` WHERE `pid` = 124 AND `hide` = 0  [ RunTime:0.0003s ]
SQL: SELECT `id`,`pid`,`title`,`url`,`tip` FROM `onethink_menu` WHERE `group` = '试题列表' AND `pid` = 124 AND `hide` = 0 ORDER BY sort asc  [ RunTime:0.0004s ]
INFO: [ view_parse ] --START--
INFO: [ template_filter ] --START--
INFO: Run Behavior\ContentReplaceBehavior [ RunTime:0.000260s ]
INFO: [ template_filter ] --END-- [ RunTime:0.000443s ]
NOTIC: [8] Undefined variable: meta_title E:\wamp\www\ot\Runtime\Cache\Admin\9eb072d9ea80e67ca7e1ad6770ece22d.php 第 5 行.
INFO: Run Behavior\ParseTemplateBehavior [ RunTime:0.023335s ]
INFO: [ view_parse ] --END-- [ RunTime:0.023531s ]
INFO: [ view_filter ] --START--
INFO: Run Behavior\WriteHtmlCacheBehavior [ RunTime:0.000269s ]
INFO: [ view_filter ] --END-- [ RunTime:0.000470s ]
INFO: [ app_end ] --START--
INFO: Run Behavior\ShowPageTraceBehavior [ RunTime:0.000550s ]
INFO: [ app_end ] --END-- [ RunTime:0.000727s ]

[ 2015-05-04T15:26:49+08:00 ] 127.0.0.1 /ot/admin.php
INFO: [ app_init ] --START--
INFO: Run Behavior\BuildLiteBehavior [ RunTime:0.000034s ]
INFO: Run Common\Behavior\InitHookBehavior [ RunTime:0.003929s ]
INFO: [ app_init ] --END-- [ RunTime:0.005093s ]
INFO: [ app_begin ] --START--
INFO: Run Behavior\ReadHtmlCacheBehavior [ RunTime:0.001406s ]
INFO: [ app_begin ] --END-- [ RunTime:0.001766s ]

[ 2015-05-04T15:26:49+08:00 ] 127.0.0.1 /ot/admin.php?s=/Public/login.html
INFO: [ app_init ] --START--
INFO: Run Behavior\BuildLiteBehavior [ RunTime:0.000020s ]
INFO: Run Common\Behavior\InitHookBehavior [ RunTime:0.004205s ]
INFO: [ app_init ] --END-- [ RunTime:0.005008s ]
INFO: [ app_begin ] --START--
INFO: Run Behavior\ReadHtmlCacheBehavior [ RunTime:0.000790s ]
INFO: [ app_begin ] --END-- [ RunTime:0.001010s ]
INFO: [ view_parse ] --START--
INFO: [ template_filter ] --START--
INFO: Run Behavior\ContentReplaceBehavior [ RunTime:0.000144s ]
INFO: [ template_filter ] --END-- [ RunTime:0.000350s ]
INFO: Run Behavior\ParseTemplateBehavior [ RunTime:0.017881s ]
INFO: [ view_parse ] --END-- [ RunTime:0.018084s ]
INFO: [ view_filter ] --START--
INFO: Run Behavior\WriteHtmlCacheBehavior [ RunTime:0.000463s ]
INFO: [ view_filter ] --END-- [ RunTime:0.000644s ]
INFO: [ app_end ] --START--
INFO: Run Behavior\ShowPageTraceBehavior [ RunTime:0.001434s ]
INFO: [ app_end ] --END-- [ RunTime:0.001678s ]

[ 2015-05-04T15:26:50+08:00 ] 127.0.0.1 /ot/admin.php?s=/Public/verify.html
INFO: [ app_init ] --START--
INFO: Run Behavior\BuildLiteBehavior [ RunTime:0.000021s ]
INFO: Run Common\Behavior\InitHookBehavior [ RunTime:0.003403s ]
INFO: [ app_init ] --END-- [ RunTime:0.004288s ]
INFO: [ app_begin ] --START--
INFO: Run Behavior\ReadHtmlCacheBehavior [ RunTime:0.000759s ]
INFO: [ app_begin ] --END-- [ RunTime:0.000973s ]
INFO: [ app_end ] --START--
INFO: Run Behavior\ShowPageTraceBehavior [ RunTime:0.001430s ]
INFO: [ app_end ] --END-- [ RunTime:0.001888s ]

[ 2015-05-04T15:26:56+08:00 ] 127.0.0.1 /ot/admin.php?s=/Papers/
INFO: [ app_init ] --START--
INFO: Run Behavior\BuildLiteBehavior [ RunTime:0.000035s ]
INFO: Run Common\Behavior\InitHookBehavior [ RunTime:0.004078s ]
INFO: [ app_init ] --END-- [ RunTime:0.005256s ]
INFO: [ app_begin ] --START--
INFO: Run Behavior\ReadHtmlCacheBehavior [ RunTime:0.000846s ]
INFO: [ app_begin ] --END-- [ RunTime:0.001078s ]

[ 2015-05-04T15:26:56+08:00 ] 127.0.0.1 /ot/admin.php?s=/Public/login.html
INFO: [ app_init ] --START--
INFO: Run Behavior\BuildLiteBehavior [ RunTime:0.000018s ]
INFO: Run Common\Behavior\InitHookBehavior [ RunTime:0.002694s ]
INFO: [ app_init ] --END-- [ RunTime:0.003331s ]
INFO: [ app_begin ] --START--
INFO: Run Behavior\ReadHtmlCacheBehavior [ RunTime:0.000656s ]
INFO: [ app_begin ] --END-- [ RunTime:0.000926s ]
INFO: [ view_parse ] --START--
INFO: [ template_filter ] --START--
INFO: Run Behavior\ContentReplaceBehavior [ RunTime:0.000142s ]
INFO: [ template_filter ] --END-- [ RunTime:0.000346s ]
INFO: Run Behavior\ParseTemplateBehavior [ RunTime:0.011060s ]
INFO: [ view_parse ] --END-- [ RunTime:0.011384s ]
INFO: [ view_filter ] --START--
INFO: Run Behavior\WriteHtmlCacheBehavior [ RunTime:0.000632s ]
INFO: [ view_filter ] --END-- [ RunTime:0.001053s ]
INFO: [ app_end ] --START--
INFO: Run Behavior\ShowPageTraceBehavior [ RunTime:0.001353s ]
INFO: [ app_end ] --END-- [ RunTime:0.001634s ]

[ 2015-05-04T15:26:57+08:00 ] 127.0.0.1 /ot/admin.php?s=/Public/verify.html
INFO: [ app_init ] --START--
INFO: Run Behavior\BuildLiteBehavior [ RunTime:0.000019s ]
INFO: Run Common\Behavior\InitHookBehavior [ RunTime:0.002059s ]
INFO: [ app_init ] --END-- [ RunTime:0.002756s ]
INFO: [ app_begin ] --START--
INFO: Run Behavior\ReadHtmlCacheBehavior [ RunTime:0.000931s ]
INFO: [ app_begin ] --END-- [ RunTime:0.001259s ]
INFO: [ app_end ] --START--
INFO: Run Behavior\ShowPageTraceBehavior [ RunTime:0.000735s ]
INFO: [ app_end ] --END-- [ RunTime:0.001026s ]

[ 2015-05-04T15:27:20+08:00 ] 127.0.0.1 /ot/admin.php?s=/Papers/add
INFO: [ app_init ] --START--
INFO: Run Behavior\BuildLiteBehavior [ RunTime:0.000030s ]
INFO: Run Common\Behavior\InitHookBehavior [ RunTime:0.002036s ]
INFO: [ app_init ] --END-- [ RunTime:0.002719s ]
INFO: [ app_begin ] --START--
INFO: Run Behavior\ReadHtmlCacheBehavior [ RunTime:0.000654s ]
INFO: [ app_begin ] --END-- [ RunTime:0.000905s ]

[ 2015-05-04T15:27:20+08:00 ] 127.0.0.1 /ot/admin.php?s=/Public/login.html
INFO: [ app_init ] --START--
INFO: Run Behavior\BuildLiteBehavior [ RunTime:0.000035s ]
INFO: Run Common\Behavior\InitHookBehavior [ RunTime:0.003457s ]
INFO: [ app_init ] --END-- [ RunTime:0.004681s ]
INFO: [ app_begin ] --START--
INFO: Run Behavior\ReadHtmlCacheBehavior [ RunTime:0.001103s ]
INFO: [ app_begin ] --END-- [ RunTime:0.001534s ]
INFO: [ view_parse ] --START--
INFO: [ template_filter ] --START--
INFO: Run Behavior\ContentReplaceBehavior [ RunTime:0.000143s ]
INFO: [ template_filter ] --END-- [ RunTime:0.000345s ]
INFO: Run Behavior\ParseTemplateBehavior [ RunTime:0.009101s ]
INFO: [ view_parse ] --END-- [ RunTime:0.009351s ]
INFO: [ view_filter ] --START--
INFO: Run Behavior\WriteHtmlCacheBehavior [ RunTime:0.000369s ]
INFO: [ view_filter ] --END-- [ RunTime:0.000642s ]
INFO: [ app_end ] --START--
INFO: Run Behavior\ShowPageTraceBehavior [ RunTime:0.000648s ]
INFO: [ app_end ] --END-- [ RunTime:0.000833s ]

[ 2015-05-04T15:27:20+08:00 ] 127.0.0.1 /ot/admin.php?s=/Public/verify.html
INFO: [ app_init ] --START--
INFO: Run Behavior\BuildLiteBehavior [ RunTime:0.000033s ]
INFO: Run Common\Behavior\InitHookBehavior [ RunTime:0.003498s ]
INFO: [ app_init ] --END-- [ RunTime:0.004717s ]
INFO: [ app_begin ] --START--
INFO: Run Behavior\ReadHtmlCacheBehavior [ RunTime:0.001156s ]
INFO: [ app_begin ] --END-- [ RunTime:0.001486s ]
INFO: [ app_end ] --START--
INFO: Run Behavior\ShowPageTraceBehavior [ RunTime:0.000760s ]
INFO: [ app_end ] --END-- [ RunTime:0.000982s ]

[ 2015-05-04T15:27:25+08:00 ] 127.0.0.1 /ot/admin.php?s=/Papers
INFO: [ app_init ] --START--
INFO: Run Behavior\BuildLiteBehavior [ RunTime:0.000020s ]
INFO: Run Common\Behavior\InitHookBehavior [ RunTime:0.002069s ]
INFO: [ app_init ] --END-- [ RunTime:0.002808s ]
INFO: [ app_begin ] --START--
INFO: Run Behavior\ReadHtmlCacheBehavior [ RunTime:0.000629s ]
INFO: [ app_begin ] --END-- [ RunTime:0.000840s ]

[ 2015-05-04T15:27:25+08:00 ] 127.0.0.1 /ot/admin.php?s=/Public/login.html
INFO: [ app_init ] --START--
INFO: Run Behavior\BuildLiteBehavior [ RunTime:0.000018s ]
INFO: Run Common\Behavior\InitHookBehavior [ RunTime:0.001883s ]
INFO: [ app_init ] --END-- [ RunTime:0.002499s ]
INFO: [ app_begin ] --START--
INFO: Run Behavior\ReadHtmlCacheBehavior [ RunTime:0.000647s ]
INFO: [ app_begin ] --END-- [ RunTime:0.000864s ]
INFO: [ view_parse ] --START--
INFO: [ template_filter ] --START--
INFO: Run Behavior\ContentReplaceBehavior [ RunTime:0.000143s ]
INFO: [ template_filter ] --END-- [ RunTime:0.000347s ]
INFO: Run Behavior\ParseTemplateBehavior [ RunTime:0.010917s ]
INFO: [ view_parse ] --END-- [ RunTime:0.011235s ]
INFO: [ view_filter ] --START--
INFO: Run Behavior\WriteHtmlCacheBehavior [ RunTime:0.000388s ]
INFO: [ view_filter ] --END-- [ RunTime:0.000668s ]
INFO: [ app_end ] --START--
INFO: Run Behavior\ShowPageTraceBehavior [ RunTime:0.000796s ]
INFO: [ app_end ] --END-- [ RunTime:0.001000s ]

[ 2015-05-04T15:27:25+08:00 ] 127.0.0.1 /ot/admin.php?s=/Public/verify.html
INFO: [ app_init ] --START--
INFO: Run Behavior\BuildLiteBehavior [ RunTime:0.000036s ]
INFO: Run Common\Behavior\InitHookBehavior [ RunTime:0.003608s ]
INFO: [ app_init ] --END-- [ RunTime:0.004773s ]
INFO: [ app_begin ] --START--
INFO: Run Behavior\ReadHtmlCacheBehavior [ RunTime:0.001133s ]
INFO: [ app_begin ] --END-- [ RunTime:0.001550s ]
INFO: [ app_end ] --START--
INFO: Run Behavior\ShowPageTraceBehavior [ RunTime:0.000691s ]
INFO: [ app_end ] --END-- [ RunTime:0.000921s ]

[ 2015-05-04T15:27:35+08:00 ] 127.0.0.1 /ot/admin.php?s=/Public/login.html
INFO: [ app_init ] --START--
INFO: Run Behavior\BuildLiteBehavior [ RunTime:0.000018s ]
INFO: Run Common\Behavior\InitHookBehavior [ RunTime:0.001826s ]
INFO: [ app_init ] --END-- [ RunTime:0.002445s ]
INFO: [ app_begin ] --START--
INFO: Run Behavior\ReadHtmlCacheBehavior [ RunTime:0.000879s ]
INFO: [ app_begin ] --END-- [ RunTime:0.001097s ]
NOTIC: [8] Undefined index: lite E:\wamp\www\ot\ThinkPHP\Library\Think\Db.class.php 第 37 行.
SQL: SHOW COLUMNS FROM `onethink_member` [ RunTime:0.0055s ]
SQL: SELECT `uid`,`nickname`,`sex`,`birthday`,`qq`,`score`,`login`,`reg_ip`,`reg_time`,`last_login_ip`,`last_login_time`,`status` FROM `onethink_member` WHERE `uid` = 1 LIMIT 1   [ RunTime:0.0006s ]
SQL: SHOW COLUMNS FROM `onethink_action` [ RunTime:0.0117s ]
SQL: SELECT * FROM `onethink_action` WHERE `name` = 'user_login' LIMIT 1   [ RunTime:0.0060s ]
SQL: SHOW COLUMNS FROM `onethink_action_log` [ RunTime:0.0072s ]
SQL: INSERT INTO `onethink_action_log` (`action_id`,`user_id`,`action_ip`,`model`,`record_id`,`create_time`,`remark`) VALUES ('1','1','2130706433','member','1','1430724454','admin在2015-05-04 15:27登录了后台') [ RunTime:0.0074s ]
SQL: SELECT * FROM `onethink_action` WHERE `name` = 'user_login' LIMIT 1   [ RunTime:0.0005s ]
NOTIC: [8] Undefined offset: 1 E:\wamp\www\ot\Application\Common\Common\function.php 第 679 行.
NOTIC: [2] array_key_exists() expects parameter 2 to be array, null given E:\wamp\www\ot\Application\Common\Common\function.php 第 679 行.
SQL: SELECT COUNT(*) AS tp_count FROM `onethink_action_log` WHERE `action_id` = 1 AND `user_id` = 1 AND `create_time` > 1430638054 LIMIT 1   [ RunTime:0.0244s ]
SQL: SHOW COLUMNS FROM `onethink_member` [ RunTime:0.0050s ]
SQL: UPDATE `onethink_member` SET `score`=score+10 WHERE ( uid=1 AND status>-1 ) [ RunTime:0.0004s ]
SQL: UPDATE `onethink_member` SET `login`=`login`+1,`last_login_time`='1430724454',`last_login_ip`='2130706433' WHERE `uid` = 1 [ RunTime:0.0004s ]

[ 2015-05-04T15:27:35+08:00 ] 127.0.0.1 /ot/admin.php?s=/Index/index.html
INFO: [ app_init ] --START--
INFO: Run Behavior\BuildLiteBehavior [ RunTime:0.000018s ]
INFO: Run Common\Behavior\InitHookBehavior [ RunTime:0.002760s ]
INFO: [ app_init ] --END-- [ RunTime:0.003387s ]
INFO: [ app_begin ] --START--
INFO: Run Behavior\ReadHtmlCacheBehavior [ RunTime:0.000697s ]
INFO: [ app_begin ] --END-- [ RunTime:0.000914s ]
SQL: SHOW COLUMNS FROM `onethink_menu` [ RunTime:0.0050s ]
SQL: SELECT `id`,`title`,`url` FROM `onethink_menu` WHERE `pid` = 0 AND `hide` = 0 ORDER BY sort asc  [ RunTime:0.0006s ]
SQL: SELECT `pid` FROM `onethink_menu` WHERE ( pid !=0 AND url like '%Index/index%' ) LIMIT 1   [ RunTime:0.0010s ]
INFO: [ view_parse ] --START--
INFO: [ template_filter ] --START--
INFO: Run Behavior\ContentReplaceBehavior [ RunTime:0.000195s ]
INFO: [ template_filter ] --END-- [ RunTime:0.000420s ]
INFO: [ AdminIndex ] --START--
SQL: SHOW COLUMNS FROM `onethink_addons` [ RunTime:0.0048s ]
SQL: SELECT `config` FROM `onethink_addons` WHERE `name` = 'SiteStat' AND `status` = 1 LIMIT 1   [ RunTime:0.0004s ]
SQL: SHOW COLUMNS FROM `onethink_member` [ RunTime:0.0051s ]
SQL: SELECT COUNT(*) AS tp_count FROM `onethink_member` LIMIT 1   [ RunTime:0.0004s ]
SQL: SHOW COLUMNS FROM `onethink_action_log` [ RunTime:0.0063s ]
SQL: SELECT COUNT(*) AS tp_count FROM `onethink_action_log` LIMIT 1   [ RunTime:0.0003s ]
SQL: SHOW COLUMNS FROM `onethink_document` [ RunTime:0.0055s ]
SQL: SELECT COUNT(*) AS tp_count FROM `onethink_document` LIMIT 1   [ RunTime:0.0002s ]
SQL: SHOW COLUMNS FROM `onethink_category` [ RunTime:0.0053s ]
SQL: SELECT COUNT(*) AS tp_count FROM `onethink_category` LIMIT 1   [ RunTime:0.0002s ]
SQL: SHOW COLUMNS FROM `onethink_model` [ RunTime:0.0049s ]
SQL: SELECT COUNT(*) AS tp_count FROM `onethink_model` LIMIT 1   [ RunTime:0.0004s ]
INFO: [ view_parse ] --START--
INFO: [ template_filter ] --START--
INFO: Run Behavior\ContentReplaceBehavior [ RunTime:0.000202s ]
INFO: [ template_filter ] --END-- [ RunTime:-0.060022s ]
INFO: Run Behavior\ParseTemplateBehavior [ RunTime:0.005831s ]
INFO: [ view_parse ] --END-- [ RunTime:0.006172s ]
INFO: [ view_filter ] --START--
INFO: Run Behavior\WriteHtmlCacheBehavior [ RunTime:0.000475s ]
INFO: [ view_filter ] --END-- [ RunTime:0.000870s ]
INFO: Run Addons\SiteStat\SiteStatAddon [ RunTime:0.055984s ]
SQL: SELECT `config` FROM `onethink_addons` WHERE `name` = 'SystemInfo' AND `status` = 1 LIMIT 1   [ RunTime:0.0005s ]
INFO: [ view_parse ] --START--
INFO: [ template_filter ] --START--
INFO: Run Behavior\ContentReplaceBehavior [ RunTime:0.000132s ]
INFO: [ template_filter ] --END-- [ RunTime:-0.140531s ]
SQL: select version() as v; [ RunTime:0.0003s ]
INFO: Run Behavior\ParseTemplateBehavior [ RunTime:0.005872s ]
INFO: [ view_parse ] --END-- [ RunTime:-0.074391s ]
INFO: [ view_filter ] --START--
INFO: Run Behavior\WriteHtmlCacheBehavior [ RunTime:0.000036s ]
INFO: [ view_filter ] --END-- [ RunTime:-0.079575s ]
INFO: Run Addons\SystemInfo\SystemInfoAddon [ RunTime:0.079470s ]
SQL: SELECT `config` FROM `onethink_addons` WHERE `name` = 'DevTeam' AND `status` = 1 LIMIT 1   [ RunTime:0.0004s ]
INFO: [ view_parse ] --START--
INFO: [ template_filter ] --START--
INFO: Run Behavior\ContentReplaceBehavior [ RunTime:0.000108s ]
INFO: [ template_filter ] --END-- [ RunTime:-0.148308s ]
INFO: Run Behavior\ParseTemplateBehavior [ RunTime:0.003288s ]
INFO: [ view_parse ] --END-- [ RunTime:-0.083578s ]
INFO: [ view_filter ] --START--
INFO: Run Behavior\WriteHtmlCacheBehavior [ RunTime:0.000034s ]
INFO: [ view_filter ] --END-- [ RunTime:-0.086115s ]
INFO: Run Addons\DevTeam\DevTeamAddon [ RunTime:0.006431s ]
INFO: [ AdminIndex ] --END-- [ RunTime:0.142379s ]
INFO: Run Behavior\ParseTemplateBehavior [ RunTime:0.004124s ]
INFO: [ view_parse ] --END-- [ RunTime:-0.083578s ]
INFO: [ view_filter ] --START--
INFO: Run Behavior\WriteHtmlCacheBehavior [ RunTime:0.000030s ]
INFO: [ view_filter ] --END-- [ RunTime:-0.086875s ]
INFO: [ app_end ] --START--
INFO: Run Behavior\ShowPageTraceBehavior [ RunTime:0.000567s ]
INFO: [ app_end ] --END-- [ RunTime:0.000779s ]

[ 2015-05-04T15:27:50+08:00 ] 127.0.0.1 /ot/admin.php?s=/Papers/index.html
INFO: [ app_init ] --START--
INFO: Run Behavior\BuildLiteBehavior [ RunTime:0.000035s ]
INFO: Run Common\Behavior\InitHookBehavior [ RunTime:0.004110s ]
INFO: [ app_init ] --END-- [ RunTime:0.005237s ]
INFO: [ app_begin ] --START--
INFO: Run Behavior\ReadHtmlCacheBehavior [ RunTime:0.000759s ]
INFO: [ app_begin ] --END-- [ RunTime:0.000964s ]
SQL: SHOW COLUMNS FROM `onethink_menu` [ RunTime:0.0068s ]
SQL: SELECT `id`,`title`,`url` FROM `onethink_menu` WHERE `pid` = 0 AND `hide` = 0 ORDER BY sort asc  [ RunTime:0.0005s ]
SQL: SELECT `pid` FROM `onethink_menu` WHERE ( pid !=0 AND url like '%Papers/index%' ) LIMIT 1   [ RunTime:0.0010s ]
SQL: SELECT * FROM `onethink_menu` WHERE `id` = 124 LIMIT 1   [ RunTime:0.0004s ]
SQL: SELECT DISTINCT  `group` FROM `onethink_menu` WHERE `group` <> '' AND `pid` = 124  [ RunTime:0.0004s ]
SQL: SELECT `id`,`url` FROM `onethink_menu` WHERE `pid` = 124 AND `hide` = 0  [ RunTime:0.0003s ]
SQL: SELECT `id`,`pid`,`title`,`url`,`tip` FROM `onethink_menu` WHERE `group` = '试题列表' AND `pid` = 124 AND `hide` = 0 ORDER BY sort asc  [ RunTime:0.0005s ]
INFO: [ view_parse ] --START--
INFO: [ template_filter ] --START--
INFO: Run Behavior\ContentReplaceBehavior [ RunTime:0.000233s ]
INFO: [ template_filter ] --END-- [ RunTime:0.000436s ]
NOTIC: [8] Undefined variable: meta_title E:\wamp\www\ot\Runtime\Cache\Admin\8846c9b30ebffc8d9feee7305ca4e270.php 第 5 行.
NOTIC: [8] Undefined variable: _page E:\wamp\www\ot\Runtime\Cache\Admin\8846c9b30ebffc8d9feee7305ca4e270.php 第 115 行.
INFO: Run Behavior\ParseTemplateBehavior [ RunTime:0.028044s ]
INFO: [ view_parse ] --END-- [ RunTime:0.028340s ]
INFO: [ view_filter ] --START--
INFO: Run Behavior\WriteHtmlCacheBehavior [ RunTime:0.000522s ]
INFO: [ view_filter ] --END-- [ RunTime:0.000703s ]
INFO: [ app_end ] --START--
INFO: Run Behavior\ShowPageTraceBehavior [ RunTime:0.000784s ]
INFO: [ app_end ] --END-- [ RunTime:0.000964s ]

[ 2015-05-04T15:27:53+08:00 ] 127.0.0.1 /ot/admin.php?s=/Papers/add.html
INFO: [ app_init ] --START--
INFO: Run Behavior\BuildLiteBehavior [ RunTime:0.000032s ]
INFO: Run Common\Behavior\InitHookBehavior [ RunTime:0.003510s ]
INFO: [ app_init ] --END-- [ RunTime:0.004539s ]
INFO: [ app_begin ] --START--
INFO: Run Behavior\ReadHtmlCacheBehavior [ RunTime:0.001348s ]
INFO: [ app_begin ] --END-- [ RunTime:0.001795s ]
SQL: SHOW COLUMNS FROM `onethink_menu` [ RunTime:0.0046s ]
SQL: SELECT `id`,`title`,`url` FROM `onethink_menu` WHERE `pid` = 0 AND `hide` = 0 ORDER BY sort asc  [ RunTime:0.0004s ]
SQL: SELECT `pid` FROM `onethink_menu` WHERE ( pid !=0 AND url like '%Papers/add%' ) LIMIT 1   [ RunTime:0.0009s ]
SQL: SELECT * FROM `onethink_menu` WHERE `id` = 124 LIMIT 1   [ RunTime:0.0003s ]
SQL: SELECT DISTINCT  `group` FROM `onethink_menu` WHERE `group` <> '' AND `pid` = 124  [ RunTime:0.0003s ]
SQL: SELECT `id`,`url` FROM `onethink_menu` WHERE `pid` = 124 AND `hide` = 0  [ RunTime:0.0003s ]
SQL: SELECT `id`,`pid`,`title`,`url`,`tip` FROM `onethink_menu` WHERE `group` = '试题列表' AND `pid` = 124 AND `hide` = 0 ORDER BY sort asc  [ RunTime:0.0003s ]
INFO: [ view_parse ] --START--
INFO: [ template_filter ] --START--
INFO: Run Behavior\ContentReplaceBehavior [ RunTime:0.000283s ]
INFO: [ template_filter ] --END-- [ RunTime:0.000483s ]
NOTIC: [8] Undefined variable: meta_title E:\wamp\www\ot\Runtime\Cache\Admin\9eb072d9ea80e67ca7e1ad6770ece22d.php 第 5 行.
INFO: Run Behavior\ParseTemplateBehavior [ RunTime:0.027460s ]
INFO: [ view_parse ] --END-- [ RunTime:0.027663s ]
INFO: [ view_filter ] --START--
INFO: Run Behavior\WriteHtmlCacheBehavior [ RunTime:0.000506s ]
INFO: [ view_filter ] --END-- [ RunTime:0.000684s ]
INFO: [ app_end ] --START--
INFO: Run Behavior\ShowPageTraceBehavior [ RunTime:0.000777s ]
INFO: [ app_end ] --END-- [ RunTime:0.000957s ]

[ 2015-05-04T15:27:54+08:00 ] 127.0.0.1 /ot/admin.php?s=/Papers/index.html
INFO: [ app_init ] --START--
INFO: Run Behavior\BuildLiteBehavior [ RunTime:0.000018s ]
INFO: Run Common\Behavior\InitHookBehavior [ RunTime:0.002615s ]
INFO: [ app_init ] --END-- [ RunTime:0.003252s ]
INFO: [ app_begin ] --START--
INFO: Run Behavior\ReadHtmlCacheBehavior [ RunTime:0.001045s ]
INFO: [ app_begin ] --END-- [ RunTime:0.001338s ]
SQL: SHOW COLUMNS FROM `onethink_menu` [ RunTime:0.0049s ]
SQL: SELECT `id`,`title`,`url` FROM `onethink_menu` WHERE `pid` = 0 AND `hide` = 0 ORDER BY sort asc  [ RunTime:0.0006s ]
SQL: SELECT `pid` FROM `onethink_menu` WHERE ( pid !=0 AND url like '%Papers/index%' ) LIMIT 1   [ RunTime:0.0014s ]
SQL: SELECT * FROM `onethink_menu` WHERE `id` = 124 LIMIT 1   [ RunTime:0.0004s ]
SQL: SELECT DISTINCT  `group` FROM `onethink_menu` WHERE `group` <> '' AND `pid` = 124  [ RunTime:0.0003s ]
SQL: SELECT `id`,`url` FROM `onethink_menu` WHERE `pid` = 124 AND `hide` = 0  [ RunTime:0.0003s ]
SQL: SELECT `id`,`pid`,`title`,`url`,`tip` FROM `onethink_menu` WHERE `group` = '试题列表' AND `pid` = 124 AND `hide` = 0 ORDER BY sort asc  [ RunTime:0.0003s ]
INFO: [ view_parse ] --START--
INFO: [ template_filter ] --START--
INFO: Run Behavior\ContentReplaceBehavior [ RunTime:0.000227s ]
INFO: [ template_filter ] --END-- [ RunTime:0.000428s ]
NOTIC: [8] Undefined variable: meta_title E:\wamp\www\ot\Runtime\Cache\Admin\8846c9b30ebffc8d9feee7305ca4e270.php 第 5 行.
NOTIC: [8] Undefined variable: _page E:\wamp\www\ot\Runtime\Cache\Admin\8846c9b30ebffc8d9feee7305ca4e270.php 第 115 行.
INFO: Run Behavior\ParseTemplateBehavior [ RunTime:0.024363s ]
INFO: [ view_parse ] --END-- [ RunTime:0.024559s ]
INFO: [ view_filter ] --START--
INFO: Run Behavior\WriteHtmlCacheBehavior [ RunTime:0.000745s ]
INFO: [ view_filter ] --END-- [ RunTime:0.001137s ]
INFO: [ app_end ] --START--
INFO: Run Behavior\ShowPageTraceBehavior [ RunTime:0.001277s ]
INFO: [ app_end ] --END-- [ RunTime:0.001688s ]

[ 2015-05-04T15:27:58+08:00 ] 127.0.0.1 /ot/admin.php?s=/Papers/add.html
INFO: [ app_init ] --START--
INFO: Run Behavior\BuildLiteBehavior [ RunTime:0.000029s ]
INFO: Run Common\Behavior\InitHookBehavior [ RunTime:0.004207s ]
INFO: [ app_init ] --END-- [ RunTime:0.005186s ]
INFO: [ app_begin ] --START--
INFO: Run Behavior\ReadHtmlCacheBehavior [ RunTime:0.000787s ]
INFO: [ app_begin ] --END-- [ RunTime:0.001008s ]
SQL: SHOW COLUMNS FROM `onethink_menu` [ RunTime:0.0042s ]
SQL: SELECT `id`,`title`,`url` FROM `onethink_menu` WHERE `pid` = 0 AND `hide` = 0 ORDER BY sort asc  [ RunTime:0.0004s ]
SQL: SELECT `pid` FROM `onethink_menu` WHERE ( pid !=0 AND url like '%Papers/add%' ) LIMIT 1   [ RunTime:0.0009s ]
SQL: SELECT * FROM `onethink_menu` WHERE `id` = 124 LIMIT 1   [ RunTime:0.0003s ]
SQL: SELECT DISTINCT  `group` FROM `onethink_menu` WHERE `group` <> '' AND `pid` = 124  [ RunTime:0.0004s ]
SQL: SELECT `id`,`url` FROM `onethink_menu` WHERE `pid` = 124 AND `hide` = 0  [ RunTime:0.0005s ]
SQL: SELECT `id`,`pid`,`title`,`url`,`tip` FROM `onethink_menu` WHERE `group` = '试题列表' AND `pid` = 124 AND `hide` = 0 ORDER BY sort asc  [ RunTime:0.0006s ]
INFO: [ view_parse ] --START--
INFO: [ template_filter ] --START--
INFO: Run Behavior\ContentReplaceBehavior [ RunTime:0.000287s ]
INFO: [ template_filter ] --END-- [ RunTime:0.000491s ]
NOTIC: [8] Undefined variable: meta_title E:\wamp\www\ot\Runtime\Cache\Admin\9eb072d9ea80e67ca7e1ad6770ece22d.php 第 5 行.
INFO: Run Behavior\ParseTemplateBehavior [ RunTime:0.028788s ]
INFO: [ view_parse ] --END-- [ RunTime:0.029266s ]
INFO: [ view_filter ] --START--
INFO: Run Behavior\WriteHtmlCacheBehavior [ RunTime:0.000517s ]
INFO: [ view_filter ] --END-- [ RunTime:0.000727s ]
INFO: [ app_end ] --START--
INFO: Run Behavior\ShowPageTraceBehavior [ RunTime:0.001108s ]
INFO: [ app_end ] --END-- [ RunTime:0.001449s ]

[ 2015-05-04T15:30:33+08:00 ] 127.0.0.1 /ot/admin.php?s=/Papers/add.html
INFO: [ app_init ] --START--
INFO: Run Behavior\BuildLiteBehavior [ RunTime:0.000021s ]
INFO: Run Common\Behavior\InitHookBehavior [ RunTime:0.003090s ]
INFO: [ app_init ] --END-- [ RunTime:0.003984s ]
INFO: [ app_begin ] --START--
INFO: Run Behavior\ReadHtmlCacheBehavior [ RunTime:0.000981s ]
INFO: [ app_begin ] --END-- [ RunTime:0.001291s ]
SQL: SHOW COLUMNS FROM `onethink_menu` [ RunTime:0.0061s ]
SQL: SELECT `id`,`title`,`url` FROM `onethink_menu` WHERE `pid` = 0 AND `hide` = 0 ORDER BY sort asc  [ RunTime:0.0006s ]
SQL: SELECT `pid` FROM `onethink_menu` WHERE ( pid !=0 AND url like '%Papers/add%' ) LIMIT 1   [ RunTime:0.0011s ]
SQL: SELECT * FROM `onethink_menu` WHERE `id` = 124 LIMIT 1   [ RunTime:0.0004s ]
SQL: SELECT DISTINCT  `group` FROM `onethink_menu` WHERE `group` <> '' AND `pid` = 124  [ RunTime:0.0004s ]
SQL: SELECT `id`,`url` FROM `onethink_menu` WHERE `pid` = 124 AND `hide` = 0  [ RunTime:0.0004s ]
SQL: SELECT `id`,`pid`,`title`,`url`,`tip` FROM `onethink_menu` WHERE `group` = '试题列表' AND `pid` = 124 AND `hide` = 0 ORDER BY sort asc  [ RunTime:0.0004s ]
NOTIC: [8] Undefined variable: _session E:\wamp\www\ot\Application\Admin\Controller\PapersController.class.php 第 22 行.

[ 2015-05-04T15:30:53+08:00 ] 127.0.0.1 /ot/admin.php?s=/Papers/add.html
INFO: [ app_init ] --START--
INFO: Run Behavior\BuildLiteBehavior [ RunTime:0.000018s ]
INFO: Run Common\Behavior\InitHookBehavior [ RunTime:0.002850s ]
INFO: [ app_init ] --END-- [ RunTime:0.003490s ]
INFO: [ app_begin ] --START--
INFO: Run Behavior\ReadHtmlCacheBehavior [ RunTime:0.000785s ]
INFO: [ app_begin ] --END-- [ RunTime:0.000992s ]
SQL: SHOW COLUMNS FROM `onethink_menu` [ RunTime:0.0066s ]
SQL: SELECT `id`,`title`,`url` FROM `onethink_menu` WHERE `pid` = 0 AND `hide` = 0 ORDER BY sort asc  [ RunTime:0.0007s ]
SQL: SELECT `pid` FROM `onethink_menu` WHERE ( pid !=0 AND url like '%Papers/add%' ) LIMIT 1   [ RunTime:0.0010s ]
SQL: SELECT * FROM `onethink_menu` WHERE `id` = 124 LIMIT 1   [ RunTime:0.0003s ]
SQL: SELECT DISTINCT  `group` FROM `onethink_menu` WHERE `group` <> '' AND `pid` = 124  [ RunTime:0.0004s ]
SQL: SELECT `id`,`url` FROM `onethink_menu` WHERE `pid` = 124 AND `hide` = 0  [ RunTime:0.0003s ]
SQL: SELECT `id`,`pid`,`title`,`url`,`tip` FROM `onethink_menu` WHERE `group` = '试题列表' AND `pid` = 124 AND `hide` = 0 ORDER BY sort asc  [ RunTime:0.0004s ]
INFO: [ view_parse ] --START--
INFO: [ template_filter ] --START--
INFO: Run Behavior\ContentReplaceBehavior [ RunTime:0.000286s ]
INFO: [ template_filter ] --END-- [ RunTime:0.000534s ]
NOTIC: [8] Undefined variable: meta_title E:\wamp\www\ot\Runtime\Cache\Admin\9eb072d9ea80e67ca7e1ad6770ece22d.php 第 5 行.
INFO: Run Behavior\ParseTemplateBehavior [ RunTime:0.034698s ]
INFO: [ view_parse ] --END-- [ RunTime:0.034948s ]
INFO: [ view_filter ] --START--
INFO: Run Behavior\WriteHtmlCacheBehavior [ RunTime:0.000553s ]
INFO: [ view_filter ] --END-- [ RunTime:0.000759s ]
INFO: [ app_end ] --START--
INFO: Run Behavior\ShowPageTraceBehavior [ RunTime:0.000784s ]
INFO: [ app_end ] --END-- [ RunTime:0.001000s ]

[ 2015-05-04T15:31:50+08:00 ] 127.0.0.1 /ot/admin.php?s=/Papers/add.html
INFO: [ app_init ] --START--
INFO: Run Behavior\BuildLiteBehavior [ RunTime:0.000034s ]
INFO: Run Common\Behavior\InitHookBehavior [ RunTime:0.004200s ]
INFO: [ app_init ] --END-- [ RunTime:0.005559s ]
INFO: [ app_begin ] --START--
INFO: Run Behavior\ReadHtmlCacheBehavior [ RunTime:0.000885s ]
INFO: [ app_begin ] --END-- [ RunTime:0.001126s ]
SQL: SHOW COLUMNS FROM `onethink_menu` [ RunTime:0.0056s ]
SQL: SELECT `id`,`title`,`url` FROM `onethink_menu` WHERE `pid` = 0 AND `hide` = 0 ORDER BY sort asc  [ RunTime:0.0005s ]
SQL: SELECT `pid` FROM `onethink_menu` WHERE ( pid !=0 AND url like '%Papers/add%' ) LIMIT 1   [ RunTime:0.0009s ]
SQL: SELECT * FROM `onethink_menu` WHERE `id` = 124 LIMIT 1   [ RunTime:0.0004s ]
SQL: SELECT DISTINCT  `group` FROM `onethink_menu` WHERE `group` <> '' AND `pid` = 124  [ RunTime:0.0003s ]
SQL: SELECT `id`,`url` FROM `onethink_menu` WHERE `pid` = 124 AND `hide` = 0  [ RunTime:0.0003s ]
SQL: SELECT `id`,`pid`,`title`,`url`,`tip` FROM `onethink_menu` WHERE `group` = '试题列表' AND `pid` = 124 AND `hide` = 0 ORDER BY sort asc  [ RunTime:0.0004s ]
INFO: [ view_parse ] --START--
INFO: [ template_filter ] --START--
INFO: Run Behavior\ContentReplaceBehavior [ RunTime:0.000332s ]
INFO: [ template_filter ] --END-- [ RunTime:0.000533s ]
NOTIC: [8] Undefined variable: meta_title E:\wamp\www\ot\Runtime\Cache\Admin\9eb072d9ea80e67ca7e1ad6770ece22d.php 第 5 行.
INFO: Run Behavior\ParseTemplateBehavior [ RunTime:0.029272s ]
INFO: [ view_parse ] --END-- [ RunTime:0.029564s ]
INFO: [ view_filter ] --START--
INFO: Run Behavior\WriteHtmlCacheBehavior [ RunTime:0.000559s ]
INFO: [ view_filter ] --END-- [ RunTime:0.000747s ]
INFO: [ app_end ] --START--
INFO: Run Behavior\ShowPageTraceBehavior [ RunTime:0.001043s ]
INFO: [ app_end ] --END-- [ RunTime:0.001239s ]

[ 2015-05-04T15:31:53+08:00 ] 127.0.0.1 /ot/admin.php?s=/Papers/add.html
INFO: [ app_init ] --START--
INFO: Run Behavior\BuildLiteBehavior [ RunTime:0.000031s ]
INFO: Run Common\Behavior\InitHookBehavior [ RunTime:0.003173s ]
INFO: [ app_init ] --END-- [ RunTime:0.004088s ]
INFO: [ app_begin ] --START--
INFO: Run Behavior\ReadHtmlCacheBehavior [ RunTime:0.000801s ]
INFO: [ app_begin ] --END-- [ RunTime:0.001013s ]

[ 2015-05-04T15:31:53+08:00 ] 127.0.0.1 /ot/admin.php?s=/Public/login.html
INFO: [ app_init ] --START--
INFO: Run Behavior\BuildLiteBehavior [ RunTime:0.000018s ]
INFO: Run Common\Behavior\InitHookBehavior [ RunTime:0.003514s ]
INFO: [ app_init ] --END-- [ RunTime:0.004294s ]
INFO: [ app_begin ] --START--
INFO: Run Behavior\ReadHtmlCacheBehavior [ RunTime:0.000923s ]
INFO: [ app_begin ] --END-- [ RunTime:0.001158s ]
INFO: [ view_parse ] --START--
INFO: [ template_filter ] --START--
INFO: Run Behavior\ContentReplaceBehavior [ RunTime:0.000145s ]
INFO: [ template_filter ] --END-- [ RunTime:0.000357s ]
INFO: Run Behavior\ParseTemplateBehavior [ RunTime:0.011121s ]
INFO: [ view_parse ] --END-- [ RunTime:0.011317s ]
INFO: [ view_filter ] --START--
INFO: Run Behavior\WriteHtmlCacheBehavior [ RunTime:0.000417s ]
INFO: [ view_filter ] --END-- [ RunTime:0.000594s ]
INFO: [ app_end ] --START--
INFO: Run Behavior\ShowPageTraceBehavior [ RunTime:0.000822s ]
INFO: [ app_end ] --END-- [ RunTime:0.001012s ]

[ 2015-05-04T15:31:53+08:00 ] 127.0.0.1 /ot/admin.php?s=/Public/verify.html
INFO: [ app_init ] --START--
INFO: Run Behavior\BuildLiteBehavior [ RunTime:0.000033s ]
INFO: Run Common\Behavior\InitHookBehavior [ RunTime:0.005673s ]
INFO: [ app_init ] --END-- [ RunTime:0.006904s ]
INFO: [ app_begin ] --START--
INFO: Run Behavior\ReadHtmlCacheBehavior [ RunTime:0.001295s ]
INFO: [ app_begin ] --END-- [ RunTime:0.001711s ]
INFO: [ app_end ] --START--
INFO: Run Behavior\ShowPageTraceBehavior [ RunTime:0.001507s ]
INFO: [ app_end ] --END-- [ RunTime:0.001914s ]

[ 2015-05-04T15:31:53+08:00 ] 127.0.0.1 /ot/admin.php?s=/Public/login.html
INFO: [ app_init ] --START--
INFO: Run Behavior\BuildLiteBehavior [ RunTime:0.000020s ]
INFO: Run Common\Behavior\InitHookBehavior [ RunTime:0.003182s ]
INFO: [ app_init ] --END-- [ RunTime:0.004196s ]
INFO: [ app_begin ] --START--
INFO: Run Behavior\ReadHtmlCacheBehavior [ RunTime:0.000762s ]
INFO: [ app_begin ] --END-- [ RunTime:0.000968s ]
INFO: [ view_parse ] --START--
INFO: [ template_filter ] --START--
INFO: Run Behavior\ContentReplaceBehavior [ RunTime:0.000155s ]
INFO: [ template_filter ] --END-- [ RunTime:0.000678s ]
INFO: Run Behavior\ParseTemplateBehavior [ RunTime:0.113952s ]
INFO: [ view_parse ] --END-- [ RunTime:0.114163s ]
INFO: [ view_filter ] --START--
INFO: Run Behavior\WriteHtmlCacheBehavior [ RunTime:0.000490s ]
INFO: [ view_filter ] --END-- [ RunTime:0.000673s ]
INFO: [ app_end ] --START--
INFO: Run Behavior\ShowPageTraceBehavior [ RunTime:0.000863s ]
INFO: [ app_end ] --END-- [ RunTime:0.001053s ]

[ 2015-05-04T15:31:53+08:00 ] 127.0.0.1 /ot/admin.php?s=/Public/verify.html
INFO: [ app_init ] --START--
INFO: Run Behavior\BuildLiteBehavior [ RunTime:0.000033s ]
INFO: Run Common\Behavior\InitHookBehavior [ RunTime:0.004672s ]
INFO: [ app_init ] --END-- [ RunTime:0.005957s ]
INFO: [ app_begin ] --START--
INFO: Run Behavior\ReadHtmlCacheBehavior [ RunTime:0.001340s ]
INFO: [ app_begin ] --END-- [ RunTime:0.001755s ]
INFO: [ app_end ] --START--
INFO: Run Behavior\ShowPageTraceBehavior [ RunTime:0.002482s ]
INFO: [ app_end ] --END-- [ RunTime:0.002932s ]

[ 2015-05-04T15:31:53+08:00 ] 127.0.0.1 /ot/admin.php?s=/Public/login.html
INFO: [ app_init ] --START--
INFO: Run Behavior\BuildLiteBehavior [ RunTime:0.000019s ]
INFO: Run Common\Behavior\InitHookBehavior [ RunTime:0.004185s ]
INFO: [ app_init ] --END-- [ RunTime:0.004844s ]
INFO: [ app_begin ] --START--
INFO: Run Behavior\ReadHtmlCacheBehavior [ RunTime:0.000838s ]
INFO: [ app_begin ] --END-- [ RunTime:0.001051s ]
INFO: [ view_parse ] --START--
INFO: [ template_filter ] --START--
INFO: Run Behavior\ContentReplaceBehavior [ RunTime:0.000148s ]
INFO: [ template_filter ] --END-- [ RunTime:0.000419s ]
INFO: Run Behavior\ParseTemplateBehavior [ RunTime:0.013180s ]
INFO: [ view_parse ] --END-- [ RunTime:0.013417s ]
INFO: [ view_filter ] --START--
INFO: Run Behavior\WriteHtmlCacheBehavior [ RunTime:0.000729s ]
INFO: [ view_filter ] --END-- [ RunTime:0.001135s ]
INFO: [ app_end ] --START--
INFO: Run Behavior\ShowPageTraceBehavior [ RunTime:0.001184s ]
INFO: [ app_end ] --END-- [ RunTime:0.001431s ]

[ 2015-05-04T15:31:54+08:00 ] 127.0.0.1 /ot/admin.php?s=/Public/verify.html
INFO: [ app_init ] --START--
INFO: Run Behavior\BuildLiteBehavior [ RunTime:0.000034s ]
INFO: Run Common\Behavior\InitHookBehavior [ RunTime:0.004437s ]
INFO: [ app_init ] --END-- [ RunTime:0.005795s ]
INFO: [ app_begin ] --START--
INFO: Run Behavior\ReadHtmlCacheBehavior [ RunTime:0.001398s ]
INFO: [ app_begin ] --END-- [ RunTime:0.001851s ]
INFO: [ app_end ] --START--
INFO: Run Behavior\ShowPageTraceBehavior [ RunTime:0.001340s ]
INFO: [ app_end ] --END-- [ RunTime:0.001680s ]

[ 2015-05-04T15:31:54+08:00 ] 127.0.0.1 /ot/admin.php?s=/Public/login.html
INFO: [ app_init ] --START--
INFO: Run Behavior\BuildLiteBehavior [ RunTime:0.000018s ]
INFO: Run Common\Behavior\InitHookBehavior [ RunTime:0.002900s ]
INFO: [ app_init ] --END-- [ RunTime:0.003505s ]
INFO: [ app_begin ] --START--
INFO: Run Behavior\ReadHtmlCacheBehavior [ RunTime:0.000830s ]
INFO: [ app_begin ] --END-- [ RunTime:0.001052s ]
INFO: [ view_parse ] --START--
INFO: [ template_filter ] --START--
INFO: Run Behavior\ContentReplaceBehavior [ RunTime:0.000303s ]
INFO: [ template_filter ] --END-- [ RunTime:0.000742s ]
INFO: Run Behavior\ParseTemplateBehavior [ RunTime:0.015063s ]
INFO: [ view_parse ] --END-- [ RunTime:0.015335s ]
INFO: [ view_filter ] --START--
INFO: Run Behavior\WriteHtmlCacheBehavior [ RunTime:0.000705s ]
INFO: [ view_filter ] --END-- [ RunTime:0.001043s ]
INFO: [ app_end ] --START--
INFO: Run Behavior\ShowPageTraceBehavior [ RunTime:0.001129s ]
INFO: [ app_end ] --END-- [ RunTime:0.001441s ]

[ 2015-05-04T15:31:54+08:00 ] 127.0.0.1 /ot/admin.php?s=/Public/verify.html
INFO: [ app_init ] --START--
INFO: Run Behavior\BuildLiteBehavior [ RunTime:0.000020s ]
INFO: Run Common\Behavior\InitHookBehavior [ RunTime:0.003043s ]
INFO: [ app_init ] --END-- [ RunTime:0.003865s ]
INFO: [ app_begin ] --START--
INFO: Run Behavior\ReadHtmlCacheBehavior [ RunTime:0.002236s ]
INFO: [ app_begin ] --END-- [ RunTime:0.002464s ]
INFO: [ app_end ] --START--
INFO: Run Behavior\ShowPageTraceBehavior [ RunTime:0.002431s ]
INFO: [ app_end ] --END-- [ RunTime:0.003056s ]

[ 2015-05-04T15:31:55+08:00 ] 127.0.0.1 /ot/admin.php?s=/Public/login.html
INFO: [ app_init ] --START--
INFO: Run Behavior\BuildLiteBehavior [ RunTime:0.000018s ]
INFO: Run Common\Behavior\InitHookBehavior [ RunTime:0.003038s ]
INFO: [ app_init ] --END-- [ RunTime:0.003698s ]
INFO: [ app_begin ] --START--
INFO: Run Behavior\ReadHtmlCacheBehavior [ RunTime:0.000854s ]
INFO: [ app_begin ] --END-- [ RunTime:0.001079s ]
INFO: [ view_parse ] --START--
INFO: [ template_filter ] --START--
INFO: Run Behavior\ContentReplaceBehavior [ RunTime:0.000286s ]
INFO: [ template_filter ] --END-- [ RunTime:0.000741s ]
INFO: Run Behavior\ParseTemplateBehavior [ RunTime:0.013048s ]
INFO: [ view_parse ] --END-- [ RunTime:0.013377s ]
INFO: [ view_filter ] --START--
INFO: Run Behavior\WriteHtmlCacheBehavior [ RunTime:0.000714s ]
INFO: [ view_filter ] --END-- [ RunTime:0.001111s ]
INFO: [ app_end ] --START--
INFO: Run Behavior\ShowPageTraceBehavior [ RunTime:0.001641s ]
INFO: [ app_end ] --END-- [ RunTime:0.001995s ]

[ 2015-05-04T15:31:55+08:00 ] 127.0.0.1 /ot/admin.php?s=/Public/verify.html
INFO: [ app_init ] --START--
INFO: Run Behavior\BuildLiteBehavior [ RunTime:0.000020s ]
INFO: Run Common\Behavior\InitHookBehavior [ RunTime:0.002674s ]
INFO: [ app_init ] --END-- [ RunTime:0.003370s ]
INFO: [ app_begin ] --START--
INFO: Run Behavior\ReadHtmlCacheBehavior [ RunTime:0.002748s ]
INFO: [ app_begin ] --END-- [ RunTime:0.003201s ]
INFO: [ app_end ] --START--
INFO: Run Behavior\ShowPageTraceBehavior [ RunTime:0.001452s ]
INFO: [ app_end ] --END-- [ RunTime:0.002041s ]

[ 2015-05-04T15:31:55+08:00 ] 127.0.0.1 /ot/admin.php?s=/Public/login.html
INFO: [ app_init ] --START--
INFO: Run Behavior\BuildLiteBehavior [ RunTime:0.000034s ]
INFO: Run Common\Behavior\InitHookBehavior [ RunTime:0.005048s ]
INFO: [ app_init ] --END-- [ RunTime:0.006248s ]
INFO: [ app_begin ] --START--
INFO: Run Behavior\ReadHtmlCacheBehavior [ RunTime:0.001141s ]
INFO: [ app_begin ] --END-- [ RunTime:0.001505s ]
INFO: [ view_parse ] --START--
INFO: [ template_filter ] --START--
INFO: Run Behavior\ContentReplaceBehavior [ RunTime:0.000277s ]
INFO: [ template_filter ] --END-- [ RunTime:0.000689s ]
INFO: Run Behavior\ParseTemplateBehavior [ RunTime:0.012981s ]
INFO: [ view_parse ] --END-- [ RunTime:0.013180s ]
INFO: [ view_filter ] --START--
INFO: Run Behavior\WriteHtmlCacheBehavior [ RunTime:0.000455s ]
INFO: [ view_filter ] --END-- [ RunTime:0.000647s ]
INFO: [ app_end ] --START--
INFO: Run Behavior\ShowPageTraceBehavior [ RunTime:0.000925s ]
INFO: [ app_end ] --END-- [ RunTime:0.001117s ]

[ 2015-05-04T15:31:55+08:00 ] 127.0.0.1 /ot/admin.php?s=/Public/verify.html
INFO: [ app_init ] --START--
INFO: Run Behavior\BuildLiteBehavior [ RunTime:0.000032s ]
INFO: Run Common\Behavior\InitHookBehavior [ RunTime:0.004464s ]
INFO: [ app_init ] --END-- [ RunTime:0.005698s ]
INFO: [ app_begin ] --START--
INFO: Run Behavior\ReadHtmlCacheBehavior [ RunTime:0.000915s ]
INFO: [ app_begin ] --END-- [ RunTime:0.001151s ]
INFO: [ app_end ] --START--
INFO: Run Behavior\ShowPageTraceBehavior [ RunTime:0.001713s ]
INFO: [ app_end ] --END-- [ RunTime:0.002158s ]

[ 2015-05-04T15:31:55+08:00 ] 127.0.0.1 /ot/admin.php?s=/Public/login.html
INFO: [ app_init ] --START--
INFO: Run Behavior\BuildLiteBehavior [ RunTime:0.000032s ]
INFO: Run Common\Behavior\InitHookBehavior [ RunTime:0.004125s ]
INFO: [ app_init ] --END-- [ RunTime:0.005296s ]
INFO: [ app_begin ] --START--
INFO: Run Behavior\ReadHtmlCacheBehavior [ RunTime:0.000884s ]
INFO: [ app_begin ] --END-- [ RunTime:0.001101s ]
INFO: [ view_parse ] --START--
INFO: [ template_filter ] --START--
INFO: Run Behavior\ContentReplaceBehavior [ RunTime:0.000144s ]
INFO: [ template_filter ] --END-- [ RunTime:0.000348s ]
INFO: Run Behavior\ParseTemplateBehavior [ RunTime:0.010058s ]
INFO: [ view_parse ] --END-- [ RunTime:0.010359s ]
INFO: [ view_filter ] --START--
INFO: Run Behavior\WriteHtmlCacheBehavior [ RunTime:0.000571s ]
INFO: [ view_filter ] --END-- [ RunTime:0.000866s ]
INFO: [ app_end ] --START--
INFO: Run Behavior\ShowPageTraceBehavior [ RunTime:0.000727s ]
INFO: [ app_end ] --END-- [ RunTime:0.000909s ]

[ 2015-05-04T15:31:55+08:00 ] 127.0.0.1 /ot/admin.php?s=/Public/verify.html
INFO: [ app_init ] --START--
INFO: Run Behavior\BuildLiteBehavior [ RunTime:0.000033s ]
INFO: Run Common\Behavior\InitHookBehavior [ RunTime:0.004632s ]
INFO: [ app_init ] --END-- [ RunTime:0.005906s ]
INFO: [ app_begin ] --START--
INFO: Run Behavior\ReadHtmlCacheBehavior [ RunTime:0.001395s ]
INFO: [ app_begin ] --END-- [ RunTime:0.001831s ]
INFO: [ app_end ] --START--
INFO: Run Behavior\ShowPageTraceBehavior [ RunTime:0.000909s ]
INFO: [ app_end ] --END-- [ RunTime:0.001130s ]

[ 2015-05-04T15:31:55+08:00 ] 127.0.0.1 /ot/admin.php?s=/Public/login.html
INFO: [ app_init ] --START--
INFO: Run Behavior\BuildLiteBehavior [ RunTime:0.000035s ]
INFO: Run Common\Behavior\InitHookBehavior [ RunTime:0.002832s ]
INFO: [ app_init ] --END-- [ RunTime:0.004138s ]
INFO: [ app_begin ] --START--
INFO: Run Behavior\ReadHtmlCacheBehavior [ RunTime:0.001119s ]
INFO: [ app_begin ] --END-- [ RunTime:0.001538s ]
INFO: [ view_parse ] --START--
INFO: [ template_filter ] --START--
INFO: Run Behavior\ContentReplaceBehavior [ RunTime:0.000155s ]
INFO: [ template_filter ] --END-- [ RunTime:0.000372s ]
INFO: Run Behavior\ParseTemplateBehavior [ RunTime:0.013886s ]
INFO: [ view_parse ] --END-- [ RunTime:0.014207s ]
INFO: [ view_filter ] --START--
INFO: Run Behavior\WriteHtmlCacheBehavior [ RunTime:0.000529s ]
INFO: [ view_filter ] --END-- [ RunTime:0.000711s ]
INFO: [ app_end ] --START--
INFO: Run Behavior\ShowPageTraceBehavior [ RunTime:0.000804s ]
INFO: [ app_end ] --END-- [ RunTime:0.001025s ]

[ 2015-05-04T15:31:56+08:00 ] 127.0.0.1 /ot/admin.php?s=/Public/verify.html
INFO: [ app_init ] --START--
INFO: Run Behavior\BuildLiteBehavior [ RunTime:0.000019s ]
INFO: Run Common\Behavior\InitHookBehavior [ RunTime:0.002832s ]
INFO: [ app_init ] --END-- [ RunTime:0.003484s ]
INFO: [ app_begin ] --START--
INFO: Run Behavior\ReadHtmlCacheBehavior [ RunTime:0.001313s ]
INFO: [ app_begin ] --END-- [ RunTime:0.001743s ]
INFO: [ app_end ] --START--
INFO: Run Behavior\ShowPageTraceBehavior [ RunTime:0.001988s ]
INFO: [ app_end ] --END-- [ RunTime:0.002541s ]

[ 2015-05-04T15:31:56+08:00 ] 127.0.0.1 /ot/admin.php?s=/Public/login.html
INFO: [ app_init ] --START--
INFO: Run Behavior\BuildLiteBehavior [ RunTime:0.000032s ]
INFO: Run Common\Behavior\InitHookBehavior [ RunTime:0.003766s ]
INFO: [ app_init ] --END-- [ RunTime:0.004728s ]
INFO: [ app_begin ] --START--
INFO: Run Behavior\ReadHtmlCacheBehavior [ RunTime:0.001318s ]
INFO: [ app_begin ] --END-- [ RunTime:0.001725s ]
INFO: [ view_parse ] --START--
INFO: [ template_filter ] --START--
INFO: Run Behavior\ContentReplaceBehavior [ RunTime:0.000152s ]
INFO: [ template_filter ] --END-- [ RunTime:0.000349s ]
INFO: Run Behavior\ParseTemplateBehavior [ RunTime:0.010979s ]
INFO: [ view_parse ] --END-- [ RunTime:0.011301s ]
INFO: [ view_filter ] --START--
INFO: Run Behavior\WriteHtmlCacheBehavior [ RunTime:0.000538s ]
INFO: [ view_filter ] --END-- [ RunTime:0.000816s ]
INFO: [ app_end ] --START--
INFO: Run Behavior\ShowPageTraceBehavior [ RunTime:0.000903s ]
INFO: [ app_end ] --END-- [ RunTime:0.001174s ]

[ 2015-05-04T15:31:57+08:00 ] 127.0.0.1 /ot/admin.php?s=/Public/verify.html
INFO: [ app_init ] --START--
INFO: Run Behavior\BuildLiteBehavior [ RunTime:0.000019s ]
INFO: Run Common\Behavior\InitHookBehavior [ RunTime:0.002658s ]
INFO: [ app_init ] --END-- [ RunTime:0.003316s ]
INFO: [ app_begin ] --START--
INFO: Run Behavior\ReadHtmlCacheBehavior [ RunTime:0.001382s ]
INFO: [ app_begin ] --END-- [ RunTime:0.001806s ]
INFO: [ app_end ] --START--
INFO: Run Behavior\ShowPageTraceBehavior [ RunTime:0.001520s ]
INFO: [ app_end ] --END-- [ RunTime:0.001859s ]

[ 2015-05-04T15:31:57+08:00 ] 127.0.0.1 /ot/admin.php?s=/Public/login.html
INFO: [ app_init ] --START--
INFO: Run Behavior\BuildLiteBehavior [ RunTime:0.000020s ]
INFO: Run Common\Behavior\InitHookBehavior [ RunTime:0.002507s ]
INFO: [ app_init ] --END-- [ RunTime:0.003260s ]
INFO: [ app_begin ] --START--
INFO: Run Behavior\ReadHtmlCacheBehavior [ RunTime:0.000808s ]
INFO: [ app_begin ] --END-- [ RunTime:0.001013s ]
INFO: [ view_parse ] --START--
INFO: [ template_filter ] --START--
INFO: Run Behavior\ContentReplaceBehavior [ RunTime:0.000220s ]
INFO: [ template_filter ] --END-- [ RunTime:0.000545s ]
INFO: Run Behavior\ParseTemplateBehavior [ RunTime:0.011132s ]
INFO: [ view_parse ] --END-- [ RunTime:0.011402s ]
INFO: [ view_filter ] --START--
INFO: Run Behavior\WriteHtmlCacheBehavior [ RunTime:0.000521s ]
INFO: [ view_filter ] --END-- [ RunTime:0.000704s ]
INFO: [ app_end ] --START--
INFO: Run Behavior\ShowPageTraceBehavior [ RunTime:0.001417s ]
INFO: [ app_end ] --END-- [ RunTime:0.001806s ]

[ 2015-05-04T15:31:57+08:00 ] 127.0.0.1 /ot/admin.php?s=/Public/verify.html
INFO: [ app_init ] --START--
INFO: Run Behavior\BuildLiteBehavior [ RunTime:0.000033s ]
INFO: Run Common\Behavior\InitHookBehavior [ RunTime:0.004622s ]
INFO: [ app_init ] --END-- [ RunTime:0.005850s ]
INFO: [ app_begin ] --START--
INFO: Run Behavior\ReadHtmlCacheBehavior [ RunTime:0.000800s ]
INFO: [ app_begin ] --END-- [ RunTime:0.001013s ]
INFO: [ app_end ] --START--
INFO: Run Behavior\ShowPageTraceBehavior [ RunTime:0.001756s ]
INFO: [ app_end ] --END-- [ RunTime:0.002216s ]

[ 2015-05-04T15:32:13+08:00 ] 127.0.0.1 /ot/admin.php?s=/Public/login.html
INFO: [ app_init ] --START--
INFO: Run Behavior\BuildLiteBehavior [ RunTime:0.000021s ]
INFO: Run Common\Behavior\InitHookBehavior [ RunTime:0.003470s ]
INFO: [ app_init ] --END-- [ RunTime:0.004361s ]
INFO: [ app_begin ] --START--
INFO: Run Behavior\ReadHtmlCacheBehavior [ RunTime:0.001260s ]
INFO: [ app_begin ] --END-- [ RunTime:0.001622s ]
NOTIC: [8] Undefined index: lite E:\wamp\www\ot\ThinkPHP\Library\Think\Db.class.php 第 37 行.
SQL: SHOW COLUMNS FROM `onethink_member` [ RunTime:0.0063s ]
SQL: SELECT `uid`,`nickname`,`sex`,`birthday`,`qq`,`score`,`login`,`reg_ip`,`reg_time`,`last_login_ip`,`last_login_time`,`status` FROM `onethink_member` WHERE `uid` = 1 LIMIT 1   [ RunTime:0.0005s ]
SQL: SHOW COLUMNS FROM `onethink_action` [ RunTime:0.0062s ]
SQL: SELECT * FROM `onethink_action` WHERE `name` = 'user_login' LIMIT 1   [ RunTime:0.0004s ]
SQL: SHOW COLUMNS FROM `onethink_action_log` [ RunTime:0.0055s ]
SQL: INSERT INTO `onethink_action_log` (`action_id`,`user_id`,`action_ip`,`model`,`record_id`,`create_time`,`remark`) VALUES ('1','1','2130706433','member','1','1430724733','admin在2015-05-04 15:32登录了后台') [ RunTime:0.0004s ]
SQL: SELECT * FROM `onethink_action` WHERE `name` = 'user_login' LIMIT 1   [ RunTime:0.0004s ]
NOTIC: [8] Undefined offset: 1 E:\wamp\www\ot\Application\Common\Common\function.php 第 679 行.
NOTIC: [2] array_key_exists() expects parameter 2 to be array, null given E:\wamp\www\ot\Application\Common\Common\function.php 第 679 行.
SQL: SELECT COUNT(*) AS tp_count FROM `onethink_action_log` WHERE `action_id` = 1 AND `user_id` = 1 AND `create_time` > 1430638333 LIMIT 1   [ RunTime:0.0004s ]
SQL: UPDATE `onethink_member` SET `login`=`login`+1,`last_login_time`='1430724733',`last_login_ip`='2130706433' WHERE `uid` = 1 [ RunTime:0.0004s ]

[ 2015-05-04T15:32:14+08:00 ] 127.0.0.1 /ot/admin.php?s=/Index/index.html
INFO: [ app_init ] --START--
INFO: Run Behavior\BuildLiteBehavior [ RunTime:0.000034s ]
INFO: Run Common\Behavior\InitHookBehavior [ RunTime:0.002647s ]
INFO: [ app_init ] --END-- [ RunTime:0.003709s ]
INFO: [ app_begin ] --START--
INFO: Run Behavior\ReadHtmlCacheBehavior [ RunTime:0.000836s ]
INFO: [ app_begin ] --END-- [ RunTime:0.001046s ]
SQL: SHOW COLUMNS FROM `onethink_menu` [ RunTime:0.0048s ]
SQL: SELECT `id`,`title`,`url` FROM `onethink_menu` WHERE `pid` = 0 AND `hide` = 0 ORDER BY sort asc  [ RunTime:0.0005s ]
SQL: SELECT `pid` FROM `onethink_menu` WHERE ( pid !=0 AND url like '%Index/index%' ) LIMIT 1   [ RunTime:0.0009s ]
INFO: [ view_parse ] --START--
INFO: [ template_filter ] --START--
INFO: Run Behavior\ContentReplaceBehavior [ RunTime:0.000211s ]
INFO: [ template_filter ] --END-- [ RunTime:0.000419s ]
INFO: [ AdminIndex ] --START--
SQL: SHOW COLUMNS FROM `onethink_addons` [ RunTime:0.0052s ]
SQL: SELECT `config` FROM `onethink_addons` WHERE `name` = 'SiteStat' AND `status` = 1 LIMIT 1   [ RunTime:0.0005s ]
SQL: SHOW COLUMNS FROM `onethink_member` [ RunTime:0.0065s ]
SQL: SELECT COUNT(*) AS tp_count FROM `onethink_member` LIMIT 1   [ RunTime:0.0003s ]
SQL: SHOW COLUMNS FROM `onethink_action_log` [ RunTime:0.0055s ]
SQL: SELECT COUNT(*) AS tp_count FROM `onethink_action_log` LIMIT 1   [ RunTime:0.0002s ]
SQL: SHOW COLUMNS FROM `onethink_document` [ RunTime:0.0047s ]
SQL: SELECT COUNT(*) AS tp_count FROM `onethink_document` LIMIT 1   [ RunTime:0.0003s ]
SQL: SHOW COLUMNS FROM `onethink_category` [ RunTime:0.0064s ]
SQL: SELECT COUNT(*) AS tp_count FROM `onethink_category` LIMIT 1   [ RunTime:0.0003s ]
SQL: SHOW COLUMNS FROM `onethink_model` [ RunTime:0.0056s ]
SQL: SELECT COUNT(*) AS tp_count FROM `onethink_model` LIMIT 1   [ RunTime:0.0003s ]
INFO: [ view_parse ] --START--
INFO: [ template_filter ] --START--
INFO: Run Behavior\ContentReplaceBehavior [ RunTime:0.000103s ]
INFO: [ template_filter ] --END-- [ RunTime:-0.060395s ]
INFO: Run Behavior\ParseTemplateBehavior [ RunTime:0.004616s ]
INFO: [ view_parse ] --END-- [ RunTime:0.004833s ]
INFO: [ view_filter ] --START--
INFO: Run Behavior\WriteHtmlCacheBehavior [ RunTime:0.000410s ]
INFO: [ view_filter ] --END-- [ RunTime:0.000615s ]
INFO: Run Addons\SiteStat\SiteStatAddon [ RunTime:0.057562s ]
SQL: SELECT `config` FROM `onethink_addons` WHERE `name` = 'SystemInfo' AND `status` = 1 LIMIT 1   [ RunTime:0.0005s ]
INFO: [ view_parse ] --START--
INFO: [ template_filter ] --START--
INFO: Run Behavior\ContentReplaceBehavior [ RunTime:0.000110s ]
INFO: [ template_filter ] --END-- [ RunTime:-0.148269s ]
SQL: select version() as v; [ RunTime:0.0003s ]
INFO: Run Behavior\ParseTemplateBehavior [ RunTime:0.005609s ]
INFO: [ view_parse ] --END-- [ RunTime:-0.082728s ]
INFO: [ view_filter ] --START--
INFO: Run Behavior\WriteHtmlCacheBehavior [ RunTime:0.000034s ]
INFO: [ view_filter ] --END-- [ RunTime:-0.088093s ]
INFO: Run Addons\SystemInfo\SystemInfoAddon [ RunTime:0.088181s ]
SQL: SELECT `config` FROM `onethink_addons` WHERE `name` = 'DevTeam' AND `status` = 1 LIMIT 1   [ RunTime:0.0006s ]
INFO: [ view_parse ] --START--
INFO: [ template_filter ] --START--
INFO: Run Behavior\ContentReplaceBehavior [ RunTime:0.000105s ]
INFO: [ template_filter ] --END-- [ RunTime:-0.155620s ]
INFO: Run Behavior\ParseTemplateBehavior [ RunTime:0.003408s ]
INFO: [ view_parse ] --END-- [ RunTime:-0.091657s ]
INFO: [ view_filter ] --START--
INFO: Run Behavior\WriteHtmlCacheBehavior [ RunTime:0.000039s ]
INFO: [ view_filter ] --END-- [ RunTime:-0.094673s ]
INFO: Run Addons\DevTeam\DevTeamAddon [ RunTime:0.006495s ]
INFO: [ AdminIndex ] --END-- [ RunTime:0.152642s ]
INFO: Run Behavior\ParseTemplateBehavior [ RunTime:0.004637s ]
INFO: [ view_parse ] --END-- [ RunTime:-0.091657s ]
INFO: [ view_filter ] --START--
INFO: Run Behavior\WriteHtmlCacheBehavior [ RunTime:0.000073s ]
INFO: [ view_filter ] --END-- [ RunTime:-0.096092s ]
INFO: [ app_end ] --START--
INFO: Run Behavior\ShowPageTraceBehavior [ RunTime:0.001250s ]
INFO: [ app_end ] --END-- [ RunTime:0.001659s ]

[ 2015-05-04T15:32:16+08:00 ] 127.0.0.1 /ot/admin.php?s=/Papers/index.html
INFO: [ app_init ] --START--
INFO: Run Behavior\BuildLiteBehavior [ RunTime:0.000032s ]
INFO: Run Common\Behavior\InitHookBehavior [ RunTime:0.004463s ]
INFO: [ app_init ] --END-- [ RunTime:0.005621s ]
INFO: [ app_begin ] --START--
INFO: Run Behavior\ReadHtmlCacheBehavior [ RunTime:0.001328s ]
INFO: [ app_begin ] --END-- [ RunTime:0.001661s ]
SQL: SHOW COLUMNS FROM `onethink_menu` [ RunTime:0.0046s ]
SQL: SELECT `id`,`title`,`url` FROM `onethink_menu` WHERE `pid` = 0 AND `hide` = 0 ORDER BY sort asc  [ RunTime:0.0005s ]
SQL: SELECT `pid` FROM `onethink_menu` WHERE ( pid !=0 AND url like '%Papers/index%' ) LIMIT 1   [ RunTime:0.0023s ]
SQL: SELECT * FROM `onethink_menu` WHERE `id` = 124 LIMIT 1   [ RunTime:0.0007s ]
SQL: SELECT DISTINCT  `group` FROM `onethink_menu` WHERE `group` <> '' AND `pid` = 124  [ RunTime:0.0006s ]
SQL: SELECT `id`,`url` FROM `onethink_menu` WHERE `pid` = 124 AND `hide` = 0  [ RunTime:0.0005s ]
SQL: SELECT `id`,`pid`,`title`,`url`,`tip` FROM `onethink_menu` WHERE `group` = '试题列表' AND `pid` = 124 AND `hide` = 0 ORDER BY sort asc  [ RunTime:0.0005s ]
INFO: [ view_parse ] --START--
INFO: [ template_filter ] --START--
INFO: Run Behavior\ContentReplaceBehavior [ RunTime:0.000309s ]
INFO: [ template_filter ] --END-- [ RunTime:0.000521s ]
NOTIC: [8] Undefined variable: meta_title E:\wamp\www\ot\Runtime\Cache\Admin\8846c9b30ebffc8d9feee7305ca4e270.php 第 5 行.
NOTIC: [8] Undefined variable: _page E:\wamp\www\ot\Runtime\Cache\Admin\8846c9b30ebffc8d9feee7305ca4e270.php 第 115 行.
INFO: Run Behavior\ParseTemplateBehavior [ RunTime:0.026568s ]
INFO: [ view_parse ] --END-- [ RunTime:0.026796s ]
INFO: [ view_filter ] --START--
INFO: Run Behavior\WriteHtmlCacheBehavior [ RunTime:0.000606s ]
INFO: [ view_filter ] --END-- [ RunTime:0.000810s ]
INFO: [ app_end ] --START--
INFO: Run Behavior\ShowPageTraceBehavior [ RunTime:0.000806s ]
INFO: [ app_end ] --END-- [ RunTime:0.000987s ]

[ 2015-05-04T15:32:17+08:00 ] 127.0.0.1 /ot/admin.php?s=/Papers/index.html
INFO: [ app_init ] --START--
INFO: Run Behavior\BuildLiteBehavior [ RunTime:0.000033s ]
INFO: Run Common\Behavior\InitHookBehavior [ RunTime:0.004793s ]
INFO: [ app_init ] --END-- [ RunTime:0.005951s ]
INFO: [ app_begin ] --START--
INFO: Run Behavior\ReadHtmlCacheBehavior [ RunTime:0.001079s ]
INFO: [ app_begin ] --END-- [ RunTime:0.001328s ]
SQL: SHOW COLUMNS FROM `onethink_menu` [ RunTime:0.0069s ]
SQL: SELECT `id`,`title`,`url` FROM `onethink_menu` WHERE `pid` = 0 AND `hide` = 0 ORDER BY sort asc  [ RunTime:0.0008s ]
SQL: SELECT `pid` FROM `onethink_menu` WHERE ( pid !=0 AND url like '%Papers/index%' ) LIMIT 1   [ RunTime:0.0017s ]
SQL: SELECT * FROM `onethink_menu` WHERE `id` = 124 LIMIT 1   [ RunTime:0.0007s ]
SQL: SELECT DISTINCT  `group` FROM `onethink_menu` WHERE `group` <> '' AND `pid` = 124  [ RunTime:0.0006s ]
SQL: SELECT `id`,`url` FROM `onethink_menu` WHERE `pid` = 124 AND `hide` = 0  [ RunTime:0.0006s ]
SQL: SELECT `id`,`pid`,`title`,`url`,`tip` FROM `onethink_menu` WHERE `group` = '试题列表' AND `pid` = 124 AND `hide` = 0 ORDER BY sort asc  [ RunTime:0.0007s ]
INFO: [ view_parse ] --START--
INFO: [ template_filter ] --START--
INFO: Run Behavior\ContentReplaceBehavior [ RunTime:0.000401s ]
INFO: [ template_filter ] --END-- [ RunTime:0.000932s ]
NOTIC: [8] Undefined variable: meta_title E:\wamp\www\ot\Runtime\Cache\Admin\8846c9b30ebffc8d9feee7305ca4e270.php 第 5 行.
NOTIC: [8] Undefined variable: _page E:\wamp\www\ot\Runtime\Cache\Admin\8846c9b30ebffc8d9feee7305ca4e270.php 第 115 行.
INFO: Run Behavior\ParseTemplateBehavior [ RunTime:0.043396s ]
INFO: [ view_parse ] --END-- [ RunTime:0.043827s ]
INFO: [ view_filter ] --START--
INFO: Run Behavior\WriteHtmlCacheBehavior [ RunTime:0.000751s ]
INFO: [ view_filter ] --END-- [ RunTime:0.001153s ]
INFO: [ app_end ] --START--
INFO: Run Behavior\ShowPageTraceBehavior [ RunTime:0.001039s ]
INFO: [ app_end ] --END-- [ RunTime:0.001338s ]

[ 2015-05-04T15:32:19+08:00 ] 127.0.0.1 /ot/admin.php?s=/Papers/add.html
INFO: [ app_init ] --START--
INFO: Run Behavior\BuildLiteBehavior [ RunTime:0.000038s ]
INFO: Run Common\Behavior\InitHookBehavior [ RunTime:0.006009s ]
INFO: [ app_init ] --END-- [ RunTime:0.007949s ]
INFO: [ app_begin ] --START--
INFO: Run Behavior\ReadHtmlCacheBehavior [ RunTime:0.001325s ]
INFO: [ app_begin ] --END-- [ RunTime:0.001742s ]
SQL: SHOW COLUMNS FROM `onethink_menu` [ RunTime:0.0065s ]
SQL: SELECT `id`,`title`,`url` FROM `onethink_menu` WHERE `pid` = 0 AND `hide` = 0 ORDER BY sort asc  [ RunTime:0.0012s ]
SQL: SELECT `pid` FROM `onethink_menu` WHERE ( pid !=0 AND url like '%Papers/add%' ) LIMIT 1   [ RunTime:0.0020s ]
SQL: SELECT * FROM `onethink_menu` WHERE `id` = 124 LIMIT 1   [ RunTime:0.0007s ]
SQL: SELECT DISTINCT  `group` FROM `onethink_menu` WHERE `group` <> '' AND `pid` = 124  [ RunTime:0.0007s ]
SQL: SELECT `id`,`url` FROM `onethink_menu` WHERE `pid` = 124 AND `hide` = 0  [ RunTime:0.0006s ]
SQL: SELECT `id`,`pid`,`title`,`url`,`tip` FROM `onethink_menu` WHERE `group` = '试题列表' AND `pid` = 124 AND `hide` = 0 ORDER BY sort asc  [ RunTime:0.0007s ]
INFO: [ view_parse ] --START--
INFO: [ template_filter ] --START--
INFO: Run Behavior\ContentReplaceBehavior [ RunTime:0.000492s ]
INFO: [ template_filter ] --END-- [ RunTime:0.000905s ]
NOTIC: [8] Undefined variable: meta_title E:\wamp\www\ot\Runtime\Cache\Admin\9eb072d9ea80e67ca7e1ad6770ece22d.php 第 5 行.
INFO: Run Behavior\ParseTemplateBehavior [ RunTime:0.052334s ]
INFO: [ view_parse ] --END-- [ RunTime:0.052749s ]
INFO: [ view_filter ] --START--
INFO: Run Behavior\WriteHtmlCacheBehavior [ RunTime:0.001408s ]
INFO: [ view_filter ] --END-- [ RunTime:0.001892s ]
INFO: [ app_end ] --START--
INFO: Run Behavior\ShowPageTraceBehavior [ RunTime:0.001827s ]
INFO: [ app_end ] --END-- [ RunTime:0.002817s ]

[ 2015-05-04T15:34:14+08:00 ] 127.0.0.1 /ot/admin.php?s=/Papers/add.html
INFO: [ app_init ] --START--
INFO: Run Behavior\BuildLiteBehavior [ RunTime:0.000034s ]
INFO: Run Common\Behavior\InitHookBehavior [ RunTime:0.005947s ]
INFO: [ app_init ] --END-- [ RunTime:0.007074s ]
INFO: [ app_begin ] --START--
INFO: Run Behavior\ReadHtmlCacheBehavior [ RunTime:0.001013s ]
INFO: [ app_begin ] --END-- [ RunTime:0.001326s ]
SQL: SHOW COLUMNS FROM `onethink_menu` [ RunTime:0.0056s ]
SQL: SELECT `id`,`title`,`url` FROM `onethink_menu` WHERE `pid` = 0 AND `hide` = 0 ORDER BY sort asc  [ RunTime:0.0007s ]
SQL: SELECT `pid` FROM `onethink_menu` WHERE ( pid !=0 AND url like '%Papers/add%' ) LIMIT 1   [ RunTime:0.0016s ]
SQL: SELECT * FROM `onethink_menu` WHERE `id` = 124 LIMIT 1   [ RunTime:0.0007s ]
SQL: SELECT DISTINCT  `group` FROM `onethink_menu` WHERE `group` <> '' AND `pid` = 124  [ RunTime:0.0005s ]
SQL: SELECT `id`,`url` FROM `onethink_menu` WHERE `pid` = 124 AND `hide` = 0  [ RunTime:0.0004s ]
SQL: SELECT `id`,`pid`,`title`,`url`,`tip` FROM `onethink_menu` WHERE `group` = '试题列表' AND `pid` = 124 AND `hide` = 0 ORDER BY sort asc  [ RunTime:0.0005s ]
INFO: [ view_parse ] --START--
INFO: [ template_filter ] --START--
INFO: Run Behavior\ContentReplaceBehavior [ RunTime:0.000527s ]
INFO: [ template_filter ] --END-- [ RunTime:0.000960s ]
NOTIC: [8] Undefined variable: meta_title E:\wamp\www\ot\Runtime\Cache\Admin\9eb072d9ea80e67ca7e1ad6770ece22d.php 第 5 行.
INFO: Run Behavior\ParseTemplateBehavior [ RunTime:0.038547s ]
INFO: [ view_parse ] --END-- [ RunTime:0.038806s ]
INFO: [ view_filter ] --START--
INFO: Run Behavior\WriteHtmlCacheBehavior [ RunTime:0.000716s ]
INFO: [ view_filter ] --END-- [ RunTime:0.001003s ]
INFO: [ app_end ] --START--
INFO: Run Behavior\ShowPageTraceBehavior [ RunTime:0.001404s ]
INFO: [ app_end ] --END-- [ RunTime:0.001817s ]

[ 2015-05-04T15:41:23+08:00 ] 127.0.0.1 /ot/admin.php?s=/Papers/index.html
INFO: [ app_init ] --START--
INFO: Run Behavior\BuildLiteBehavior [ RunTime:0.000034s ]
INFO: Run Common\Behavior\InitHookBehavior [ RunTime:0.003653s ]
INFO: [ app_init ] --END-- [ RunTime:0.004910s ]
INFO: [ app_begin ] --START--
INFO: Run Behavior\ReadHtmlCacheBehavior [ RunTime:0.001179s ]
INFO: [ app_begin ] --END-- [ RunTime:0.001513s ]
SQL: SHOW COLUMNS FROM `onethink_menu` [ RunTime:0.0055s ]
SQL: SELECT `id`,`title`,`url` FROM `onethink_menu` WHERE `pid` = 0 AND `hide` = 0 ORDER BY sort asc  [ RunTime:0.0006s ]
SQL: SELECT `pid` FROM `onethink_menu` WHERE ( pid !=0 AND url like '%Papers/index%' ) LIMIT 1   [ RunTime:0.0015s ]
SQL: SELECT * FROM `onethink_menu` WHERE `id` = 124 LIMIT 1   [ RunTime:0.0008s ]
SQL: SELECT DISTINCT  `group` FROM `onethink_menu` WHERE `group` <> '' AND `pid` = 124  [ RunTime:0.0006s ]
SQL: SELECT `id`,`url` FROM `onethink_menu` WHERE `pid` = 124 AND `hide` = 0  [ RunTime:0.0005s ]
SQL: SELECT `id`,`pid`,`title`,`url`,`tip` FROM `onethink_menu` WHERE `group` = '试题列表' AND `pid` = 124 AND `hide` = 0 ORDER BY sort asc  [ RunTime:0.0010s ]
INFO: [ view_parse ] --START--
INFO: [ template_filter ] --START--
INFO: Run Behavior\ContentReplaceBehavior [ RunTime:0.000227s ]
INFO: [ template_filter ] --END-- [ RunTime:0.000449s ]
NOTIC: [8] Undefined variable: meta_title E:\wamp\www\ot\Runtime\Cache\Admin\8846c9b30ebffc8d9feee7305ca4e270.php 第 5 行.
NOTIC: [8] Undefined variable: _page E:\wamp\www\ot\Runtime\Cache\Admin\8846c9b30ebffc8d9feee7305ca4e270.php 第 115 行.
INFO: Run Behavior\ParseTemplateBehavior [ RunTime:0.024696s ]
INFO: [ view_parse ] --END-- [ RunTime:0.025091s ]
INFO: [ view_filter ] --START--
INFO: Run Behavior\WriteHtmlCacheBehavior [ RunTime:0.000768s ]
INFO: [ view_filter ] --END-- [ RunTime:0.001085s ]
INFO: [ app_end ] --START--
INFO: Run Behavior\ShowPageTraceBehavior [ RunTime:0.001529s ]
INFO: [ app_end ] --END-- [ RunTime:0.002077s ]

[ 2015-05-04T15:41:25+08:00 ] 127.0.0.1 /ot/admin.php?s=/Papers/add.html
INFO: [ app_init ] --START--
INFO: Run Behavior\BuildLiteBehavior [ RunTime:0.000035s ]
INFO: Run Common\Behavior\InitHookBehavior [ RunTime:0.003586s ]
INFO: [ app_init ] --END-- [ RunTime:0.004765s ]
INFO: [ app_begin ] --START--
INFO: Run Behavior\ReadHtmlCacheBehavior [ RunTime:0.001379s ]
INFO: [ app_begin ] --END-- [ RunTime:0.001845s ]
SQL: SHOW COLUMNS FROM `onethink_menu` [ RunTime:0.0065s ]
SQL: SELECT `id`,`title`,`url` FROM `onethink_menu` WHERE `pid` = 0 AND `hide` = 0 ORDER BY sort asc  [ RunTime:0.0007s ]
SQL: SELECT `pid` FROM `onethink_menu` WHERE ( pid !=0 AND url like '%Papers/add%' ) LIMIT 1   [ RunTime:0.0016s ]
SQL: SELECT * FROM `onethink_menu` WHERE `id` = 124 LIMIT 1   [ RunTime:0.0007s ]
SQL: SELECT DISTINCT  `group` FROM `onethink_menu` WHERE `group` <> '' AND `pid` = 124  [ RunTime:0.0009s ]
SQL: SELECT `id`,`url` FROM `onethink_menu` WHERE `pid` = 124 AND `hide` = 0  [ RunTime:0.0007s ]
SQL: SELECT `id`,`pid`,`title`,`url`,`tip` FROM `onethink_menu` WHERE `group` = '试题列表' AND `pid` = 124 AND `hide` = 0 ORDER BY sort asc  [ RunTime:0.0008s ]
INFO: [ view_parse ] --START--
INFO: [ template_filter ] --START--
INFO: Run Behavior\ContentReplaceBehavior [ RunTime:0.000451s ]
INFO: [ template_filter ] --END-- [ RunTime:0.000851s ]
NOTIC: [8] Undefined variable: meta_title E:\wamp\www\ot\Runtime\Cache\Admin\9eb072d9ea80e67ca7e1ad6770ece22d.php 第 5 行.
INFO: Run Behavior\ParseTemplateBehavior [ RunTime:0.042830s ]
INFO: [ view_parse ] --END-- [ RunTime:0.043274s ]
INFO: [ view_filter ] --START--
INFO: Run Behavior\WriteHtmlCacheBehavior [ RunTime:0.000656s ]
INFO: [ view_filter ] --END-- [ RunTime:0.001038s ]
INFO: [ app_end ] --START--
INFO: Run Behavior\ShowPageTraceBehavior [ RunTime:0.001320s ]
INFO: [ app_end ] --END-- [ RunTime:0.001718s ]

[ 2015-05-04T17:15:40+08:00 ] 127.0.0.1 /ot/admin.php?s=/Papers/add.html
INFO: [ app_init ] --START--
INFO: Run Behavior\BuildLiteBehavior [ RunTime:0.000018s ]
INFO: Run Common\Behavior\InitHookBehavior [ RunTime:0.002822s ]
INFO: [ app_init ] --END-- [ RunTime:0.003627s ]
INFO: [ app_begin ] --START--
INFO: Run Behavior\ReadHtmlCacheBehavior [ RunTime:0.000685s ]
INFO: [ app_begin ] --END-- [ RunTime:0.000922s ]
SQL: SHOW COLUMNS FROM `onethink_menu` [ RunTime:0.0049s ]
SQL: SELECT `id`,`title`,`url` FROM `onethink_menu` WHERE `pid` = 0 AND `hide` = 0 ORDER BY sort asc  [ RunTime:0.0006s ]
SQL: SELECT `pid` FROM `onethink_menu` WHERE ( pid !=0 AND url like '%Papers/add%' ) LIMIT 1   [ RunTime:0.0011s ]
SQL: SELECT * FROM `onethink_menu` WHERE `id` = 124 LIMIT 1   [ RunTime:0.0005s ]
SQL: SELECT DISTINCT  `group` FROM `onethink_menu` WHERE `group` <> '' AND `pid` = 124  [ RunTime:0.0004s ]
SQL: SELECT `id`,`url` FROM `onethink_menu` WHERE `pid` = 124 AND `hide` = 0  [ RunTime:0.0003s ]
SQL: SELECT `id`,`pid`,`title`,`url`,`tip` FROM `onethink_menu` WHERE `group` = '试题列表' AND `pid` = 124 AND `hide` = 0 ORDER BY sort asc  [ RunTime:0.0005s ]
INFO: [ view_parse ] --START--
INFO: [ template_filter ] --START--
INFO: Run Behavior\ContentReplaceBehavior [ RunTime:0.000277s ]
INFO: [ template_filter ] --END-- [ RunTime:0.000463s ]
NOTIC: [8] Undefined variable: meta_title E:\wamp\www\ot\Runtime\Cache\Admin\9eb072d9ea80e67ca7e1ad6770ece22d.php 第 5 行.
INFO: Run Behavior\ParseTemplateBehavior [ RunTime:0.024221s ]
INFO: [ view_parse ] --END-- [ RunTime:0.024420s ]
INFO: [ view_filter ] --START--
INFO: Run Behavior\WriteHtmlCacheBehavior [ RunTime:0.000446s ]
INFO: [ view_filter ] --END-- [ RunTime:0.000635s ]
INFO: [ app_end ] --START--
INFO: Run Behavior\ShowPageTraceBehavior [ RunTime:0.000760s ]
INFO: [ app_end ] --END-- [ RunTime:0.000947s ]

[ 2015-05-04T17:15:41+08:00 ] 127.0.0.1 /ot/admin.php?s=/Papers/add.html
INFO: [ app_init ] --START--
INFO: Run Behavior\BuildLiteBehavior [ RunTime:0.000018s ]
INFO: Run Common\Behavior\InitHookBehavior [ RunTime:0.001809s ]
INFO: [ app_init ] --END-- [ RunTime:0.002483s ]
INFO: [ app_begin ] --START--
INFO: Run Behavior\ReadHtmlCacheBehavior [ RunTime:0.000574s ]
INFO: [ app_begin ] --END-- [ RunTime:0.000748s ]
SQL: SHOW COLUMNS FROM `onethink_menu` [ RunTime:0.0045s ]
SQL: SELECT `id`,`title`,`url` FROM `onethink_menu` WHERE `pid` = 0 AND `hide` = 0 ORDER BY sort asc  [ RunTime:0.0007s ]
SQL: SELECT `pid` FROM `onethink_menu` WHERE ( pid !=0 AND url like '%Papers/add%' ) LIMIT 1   [ RunTime:0.0011s ]
SQL: SELECT * FROM `onethink_menu` WHERE `id` = 124 LIMIT 1   [ RunTime:0.0004s ]
SQL: SELECT DISTINCT  `group` FROM `onethink_menu` WHERE `group` <> '' AND `pid` = 124  [ RunTime:0.0004s ]
SQL: SELECT `id`,`url` FROM `onethink_menu` WHERE `pid` = 124 AND `hide` = 0  [ RunTime:0.0004s ]
SQL: SELECT `id`,`pid`,`title`,`url`,`tip` FROM `onethink_menu` WHERE `group` = '试题列表' AND `pid` = 124 AND `hide` = 0 ORDER BY sort asc  [ RunTime:0.0005s ]
INFO: [ view_parse ] --START--
INFO: [ template_filter ] --START--
INFO: Run Behavior\ContentReplaceBehavior [ RunTime:0.000325s ]
INFO: [ template_filter ] --END-- [ RunTime:0.000540s ]
NOTIC: [8] Undefined variable: meta_title E:\wamp\www\ot\Runtime\Cache\Admin\9eb072d9ea80e67ca7e1ad6770ece22d.php 第 5 行.
INFO: Run Behavior\ParseTemplateBehavior [ RunTime:0.026688s ]
INFO: [ view_parse ] --END-- [ RunTime:0.026998s ]
INFO: [ view_filter ] --START--
INFO: Run Behavior\WriteHtmlCacheBehavior [ RunTime:0.000448s ]
INFO: [ view_filter ] --END-- [ RunTime:0.000680s ]
INFO: [ app_end ] --START--
INFO: Run Behavior\ShowPageTraceBehavior [ RunTime:0.000805s ]
INFO: [ app_end ] --END-- [ RunTime:0.000994s ]

[ 2015-05-04T17:15:41+08:00 ] 127.0.0.1 /ot/admin.php?s=/Papers/add.html
INFO: [ app_init ] --START--
INFO: Run Behavior\BuildLiteBehavior [ RunTime:0.000017s ]
INFO: Run Common\Behavior\InitHookBehavior [ RunTime:0.001880s ]
INFO: [ app_init ] --END-- [ RunTime:0.002489s ]
INFO: [ app_begin ] --START--
INFO: Run Behavior\ReadHtmlCacheBehavior [ RunTime:0.001009s ]
INFO: [ app_begin ] --END-- [ RunTime:0.001393s ]
SQL: SHOW COLUMNS FROM `onethink_menu` [ RunTime:0.0047s ]
SQL: SELECT `id`,`title`,`url` FROM `onethink_menu` WHERE `pid` = 0 AND `hide` = 0 ORDER BY sort asc  [ RunTime:0.0004s ]
SQL: SELECT `pid` FROM `onethink_menu` WHERE ( pid !=0 AND url like '%Papers/add%' ) LIMIT 1   [ RunTime:0.0010s ]
SQL: SELECT * FROM `onethink_menu` WHERE `id` = 124 LIMIT 1   [ RunTime:0.0003s ]
SQL: SELECT DISTINCT  `group` FROM `onethink_menu` WHERE `group` <> '' AND `pid` = 124  [ RunTime:0.0003s ]
SQL: SELECT `id`,`url` FROM `onethink_menu` WHERE `pid` = 124 AND `hide` = 0  [ RunTime:0.0003s ]
SQL: SELECT `id`,`pid`,`title`,`url`,`tip` FROM `onethink_menu` WHERE `group` = '试题列表' AND `pid` = 124 AND `hide` = 0 ORDER BY sort asc  [ RunTime:0.0003s ]
INFO: [ view_parse ] --START--
INFO: [ template_filter ] --START--
INFO: Run Behavior\ContentReplaceBehavior [ RunTime:0.000303s ]
INFO: [ template_filter ] --END-- [ RunTime:0.000504s ]
NOTIC: [8] Undefined variable: meta_title E:\wamp\www\ot\Runtime\Cache\Admin\9eb072d9ea80e67ca7e1ad6770ece22d.php 第 5 行.
INFO: Run Behavior\ParseTemplateBehavior [ RunTime:0.029034s ]
INFO: [ view_parse ] --END-- [ RunTime:0.029249s ]
INFO: [ view_filter ] --START--
INFO: Run Behavior\WriteHtmlCacheBehavior [ RunTime:0.000355s ]
INFO: [ view_filter ] --END-- [ RunTime:0.000532s ]
INFO: [ app_end ] --START--
INFO: Run Behavior\ShowPageTraceBehavior [ RunTime:0.000615s ]
INFO: [ app_end ] --END-- [ RunTime:0.000793s ]

[ 2015-05-04T17:15:42+08:00 ] 127.0.0.1 /ot/admin.php?s=/Papers/add.html
INFO: [ app_init ] --START--
INFO: Run Behavior\BuildLiteBehavior [ RunTime:0.000018s ]
INFO: Run Common\Behavior\InitHookBehavior [ RunTime:0.002102s ]
INFO: [ app_init ] --END-- [ RunTime:0.002844s ]
INFO: [ app_begin ] --START--
INFO: Run Behavior\ReadHtmlCacheBehavior [ RunTime:0.000716s ]
INFO: [ app_begin ] --END-- [ RunTime:0.000932s ]
SQL: SHOW COLUMNS FROM `onethink_menu` [ RunTime:0.0043s ]
SQL: SELECT `id`,`title`,`url` FROM `onethink_menu` WHERE `pid` = 0 AND `hide` = 0 ORDER BY sort asc  [ RunTime:0.0004s ]
SQL: SELECT `pid` FROM `onethink_menu` WHERE ( pid !=0 AND url like '%Papers/add%' ) LIMIT 1   [ RunTime:0.0010s ]
SQL: SELECT * FROM `onethink_menu` WHERE `id` = 124 LIMIT 1   [ RunTime:0.0003s ]
SQL: SELECT DISTINCT  `group` FROM `onethink_menu` WHERE `group` <> '' AND `pid` = 124  [ RunTime:0.0003s ]
SQL: SELECT `id`,`url` FROM `onethink_menu` WHERE `pid` = 124 AND `hide` = 0  [ RunTime:0.0003s ]
SQL: SELECT `id`,`pid`,`title`,`url`,`tip` FROM `onethink_menu` WHERE `group` = '试题列表' AND `pid` = 124 AND `hide` = 0 ORDER BY sort asc  [ RunTime:0.0005s ]
INFO: [ view_parse ] --START--
INFO: [ template_filter ] --START--
INFO: Run Behavior\ContentReplaceBehavior [ RunTime:0.000297s ]
INFO: [ template_filter ] --END-- [ RunTime:0.000496s ]
NOTIC: [8] Undefined variable: meta_title E:\wamp\www\ot\Runtime\Cache\Admin\9eb072d9ea80e67ca7e1ad6770ece22d.php 第 5 行.
INFO: Run Behavior\ParseTemplateBehavior [ RunTime:0.024429s ]
INFO: [ view_parse ] --END-- [ RunTime:0.024644s ]
INFO: [ view_filter ] --START--
INFO: Run Behavior\WriteHtmlCacheBehavior [ RunTime:0.000384s ]
INFO: [ view_filter ] --END-- [ RunTime:0.000621s ]
INFO: [ app_end ] --START--
INFO: Run Behavior\ShowPageTraceBehavior [ RunTime:0.000624s ]
INFO: [ app_end ] --END-- [ RunTime:0.000802s ]

[ 2015-05-04T17:15:43+08:00 ] 127.0.0.1 /ot/admin.php?s=/Papers/add.html
INFO: [ app_init ] --START--
INFO: Run Behavior\BuildLiteBehavior [ RunTime:0.000020s ]
INFO: Run Common\Behavior\InitHookBehavior [ RunTime:0.003016s ]
INFO: [ app_init ] --END-- [ RunTime:0.003824s ]
INFO: [ app_begin ] --START--
INFO: Run Behavior\ReadHtmlCacheBehavior [ RunTime:0.000595s ]
INFO: [ app_begin ] --END-- [ RunTime:0.000790s ]
SQL: SHOW COLUMNS FROM `onethink_menu` [ RunTime:0.0048s ]
SQL: SELECT `id`,`title`,`url` FROM `onethink_menu` WHERE `pid` = 0 AND `hide` = 0 ORDER BY sort asc  [ RunTime:0.0007s ]
SQL: SELECT `pid` FROM `onethink_menu` WHERE ( pid !=0 AND url like '%Papers/add%' ) LIMIT 1   [ RunTime:0.0011s ]
SQL: SELECT * FROM `onethink_menu` WHERE `id` = 124 LIMIT 1   [ RunTime:0.0005s ]
SQL: SELECT DISTINCT  `group` FROM `onethink_menu` WHERE `group` <> '' AND `pid` = 124  [ RunTime:0.0004s ]
SQL: SELECT `id`,`url` FROM `onethink_menu` WHERE `pid` = 124 AND `hide` = 0  [ RunTime:0.0004s ]
SQL: SELECT `id`,`pid`,`title`,`url`,`tip` FROM `onethink_menu` WHERE `group` = '试题列表' AND `pid` = 124 AND `hide` = 0 ORDER BY sort asc  [ RunTime:0.0004s ]
INFO: [ view_parse ] --START--
INFO: [ template_filter ] --START--
INFO: Run Behavior\ContentReplaceBehavior [ RunTime:0.000274s ]
INFO: [ template_filter ] --END-- [ RunTime:0.000460s ]
NOTIC: [8] Undefined variable: meta_title E:\wamp\www\ot\Runtime\Cache\Admin\9eb072d9ea80e67ca7e1ad6770ece22d.php 第 5 行.
INFO: Run Behavior\ParseTemplateBehavior [ RunTime:0.023669s ]
INFO: [ view_parse ] --END-- [ RunTime:0.023876s ]
INFO: [ view_filter ] --START--
INFO: Run Behavior\WriteHtmlCacheBehavior [ RunTime:0.000324s ]
INFO: [ view_filter ] --END-- [ RunTime:0.000488s ]
INFO: [ app_end ] --START--
INFO: Run Behavior\ShowPageTraceBehavior [ RunTime:0.000643s ]
INFO: [ app_end ] --END-- [ RunTime:0.000807s ]

[ 2015-05-04T17:15:43+08:00 ] 127.0.0.1 /ot/admin.php?s=/Papers/add.html
INFO: [ app_init ] --START--
INFO: Run Behavior\BuildLiteBehavior [ RunTime:0.000016s ]
INFO: Run Common\Behavior\InitHookBehavior [ RunTime:0.001782s ]
INFO: [ app_init ] --END-- [ RunTime:0.002342s ]
INFO: [ app_begin ] --START--
INFO: Run Behavior\ReadHtmlCacheBehavior [ RunTime:0.000816s ]
INFO: [ app_begin ] --END-- [ RunTime:0.001061s ]
SQL: SHOW COLUMNS FROM `onethink_menu` [ RunTime:0.0058s ]
SQL: SELECT `id`,`title`,`url` FROM `onethink_menu` WHERE `pid` = 0 AND `hide` = 0 ORDER BY sort asc  [ RunTime:0.0006s ]
SQL: SELECT `pid` FROM `onethink_menu` WHERE ( pid !=0 AND url like '%Papers/add%' ) LIMIT 1   [ RunTime:0.0010s ]
SQL: SELECT * FROM `onethink_menu` WHERE `id` = 124 LIMIT 1   [ RunTime:0.0004s ]
SQL: SELECT DISTINCT  `group` FROM `onethink_menu` WHERE `group` <> '' AND `pid` = 124  [ RunTime:0.0004s ]
SQL: SELECT `id`,`url` FROM `onethink_menu` WHERE `pid` = 124 AND `hide` = 0  [ RunTime:0.0003s ]
SQL: SELECT `id`,`pid`,`title`,`url`,`tip` FROM `onethink_menu` WHERE `group` = '试题列表' AND `pid` = 124 AND `hide` = 0 ORDER BY sort asc  [ RunTime:0.0004s ]
INFO: [ view_parse ] --START--
INFO: [ template_filter ] --START--
INFO: Run Behavior\ContentReplaceBehavior [ RunTime:0.000303s ]
INFO: [ template_filter ] --END-- [ RunTime:0.000542s ]
NOTIC: [8] Undefined variable: meta_title E:\wamp\www\ot\Runtime\Cache\Admin\9eb072d9ea80e67ca7e1ad6770ece22d.php 第 5 行.
INFO: Run Behavior\ParseTemplateBehavior [ RunTime:0.026574s ]
INFO: [ view_parse ] --END-- [ RunTime:0.026772s ]
INFO: [ view_filter ] --START--
INFO: Run Behavior\WriteHtmlCacheBehavior [ RunTime:0.000339s ]
INFO: [ view_filter ] --END-- [ RunTime:0.000529s ]
INFO: [ app_end ] --START--
INFO: Run Behavior\ShowPageTraceBehavior [ RunTime:0.000559s ]
INFO: [ app_end ] --END-- [ RunTime:0.000739s ]

[ 2015-05-04T17:15:44+08:00 ] 127.0.0.1 /ot/admin.php?s=/Papers/add.html
INFO: [ app_init ] --START--
INFO: Run Behavior\BuildLiteBehavior [ RunTime:0.000017s ]
INFO: Run Common\Behavior\InitHookBehavior [ RunTime:0.001857s ]
INFO: [ app_init ] --END-- [ RunTime:0.002478s ]
INFO: [ app_begin ] --START--
INFO: Run Behavior\ReadHtmlCacheBehavior [ RunTime:0.000568s ]
INFO: [ app_begin ] --END-- [ RunTime:0.000746s ]
SQL: SHOW COLUMNS FROM `onethink_menu` [ RunTime:0.0049s ]
SQL: SELECT `id`,`title`,`url` FROM `onethink_menu` WHERE `pid` = 0 AND `hide` = 0 ORDER BY sort asc  [ RunTime:0.0006s ]
SQL: SELECT `pid` FROM `onethink_menu` WHERE ( pid !=0 AND url like '%Papers/add%' ) LIMIT 1   [ RunTime:0.0013s ]
SQL: SELECT * FROM `onethink_menu` WHERE `id` = 124 LIMIT 1   [ RunTime:0.0005s ]
SQL: SELECT DISTINCT  `group` FROM `onethink_menu` WHERE `group` <> '' AND `pid` = 124  [ RunTime:0.0005s ]
SQL: SELECT `id`,`url` FROM `onethink_menu` WHERE `pid` = 124 AND `hide` = 0  [ RunTime:0.0004s ]
SQL: SELECT `id`,`pid`,`title`,`url`,`tip` FROM `onethink_menu` WHERE `group` = '试题列表' AND `pid` = 124 AND `hide` = 0 ORDER BY sort asc  [ RunTime:0.0005s ]
INFO: [ view_parse ] --START--
INFO: [ template_filter ] --START--
INFO: Run Behavior\ContentReplaceBehavior [ RunTime:0.000334s ]
INFO: [ template_filter ] --END-- [ RunTime:0.000578s ]
NOTIC: [8] Undefined variable: meta_title E:\wamp\www\ot\Runtime\Cache\Admin\9eb072d9ea80e67ca7e1ad6770ece22d.php 第 5 行.
INFO: Run Behavior\ParseTemplateBehavior [ RunTime:0.024723s ]
INFO: [ view_parse ] --END-- [ RunTime:0.025006s ]
INFO: [ view_filter ] --START--
INFO: Run Behavior\WriteHtmlCacheBehavior [ RunTime:0.000287s ]
INFO: [ view_filter ] --END-- [ RunTime:0.000452s ]
INFO: [ app_end ] --START--
INFO: Run Behavior\ShowPageTraceBehavior [ RunTime:0.000607s ]
INFO: [ app_end ] --END-- [ RunTime:0.000781s ]

[ 2015-05-04T17:15:44+08:00 ] 127.0.0.1 /ot/admin.php?s=/Papers/add.html
INFO: [ app_init ] --START--
INFO: Run Behavior\BuildLiteBehavior [ RunTime:0.000018s ]
INFO: Run Common\Behavior\InitHookBehavior [ RunTime:0.002366s ]
INFO: [ app_init ] --END-- [ RunTime:0.003006s ]
INFO: [ app_begin ] --START--
INFO: Run Behavior\ReadHtmlCacheBehavior [ RunTime:0.000591s ]
INFO: [ app_begin ] --END-- [ RunTime:0.000786s ]
SQL: SHOW COLUMNS FROM `onethink_menu` [ RunTime:0.0046s ]
SQL: SELECT `id`,`title`,`url` FROM `onethink_menu` WHERE `pid` = 0 AND `hide` = 0 ORDER BY sort asc  [ RunTime:0.0005s ]
SQL: SELECT `pid` FROM `onethink_menu` WHERE ( pid !=0 AND url like '%Papers/add%' ) LIMIT 1   [ RunTime:0.0011s ]
SQL: SELECT * FROM `onethink_menu` WHERE `id` = 124 LIMIT 1   [ RunTime:0.0005s ]
SQL: SELECT DISTINCT  `group` FROM `onethink_menu` WHERE `group` <> '' AND `pid` = 124  [ RunTime:0.0005s ]
SQL: SELECT `id`,`url` FROM `onethink_menu` WHERE `pid` = 124 AND `hide` = 0  [ RunTime:0.0005s ]
SQL: SELECT `id`,`pid`,`title`,`url`,`tip` FROM `onethink_menu` WHERE `group` = '试题列表' AND `pid` = 124 AND `hide` = 0 ORDER BY sort asc  [ RunTime:0.0006s ]
INFO: [ view_parse ] --START--
INFO: [ template_filter ] --START--
INFO: Run Behavior\ContentReplaceBehavior [ RunTime:0.000457s ]
INFO: [ template_filter ] --END-- [ RunTime:0.000778s ]
NOTIC: [8] Undefined variable: meta_title E:\wamp\www\ot\Runtime\Cache\Admin\9eb072d9ea80e67ca7e1ad6770ece22d.php 第 5 行.
INFO: Run Behavior\ParseTemplateBehavior [ RunTime:0.026529s ]
INFO: [ view_parse ] --END-- [ RunTime:0.026724s ]
INFO: [ view_filter ] --START--
INFO: Run Behavior\WriteHtmlCacheBehavior [ RunTime:0.000319s ]
INFO: [ view_filter ] --END-- [ RunTime:0.000482s ]
INFO: [ app_end ] --START--
INFO: Run Behavior\ShowPageTraceBehavior [ RunTime:0.000569s ]
INFO: [ app_end ] --END-- [ RunTime:0.000735s ]

[ 2015-05-04T17:15:45+08:00 ] 127.0.0.1 /ot/admin.php?s=/Papers/add.html
INFO: [ app_init ] --START--
INFO: Run Behavior\BuildLiteBehavior [ RunTime:0.000019s ]
INFO: Run Common\Behavior\InitHookBehavior [ RunTime:0.001891s ]
INFO: [ app_init ] --END-- [ RunTime:0.002561s ]
INFO: [ app_begin ] --START--
INFO: Run Behavior\ReadHtmlCacheBehavior [ RunTime:0.000670s ]
INFO: [ app_begin ] --END-- [ RunTime:0.000883s ]
SQL: SHOW COLUMNS FROM `onethink_menu` [ RunTime:0.0062s ]
SQL: SELECT `id`,`title`,`url` FROM `onethink_menu` WHERE `pid` = 0 AND `hide` = 0 ORDER BY sort asc  [ RunTime:0.0005s ]
SQL: SELECT `pid` FROM `onethink_menu` WHERE ( pid !=0 AND url like '%Papers/add%' ) LIMIT 1   [ RunTime:0.0016s ]
SQL: SELECT * FROM `onethink_menu` WHERE `id` = 124 LIMIT 1   [ RunTime:0.0005s ]
SQL: SELECT DISTINCT  `group` FROM `onethink_menu` WHERE `group` <> '' AND `pid` = 124  [ RunTime:0.0005s ]
SQL: SELECT `id`,`url` FROM `onethink_menu` WHERE `pid` = 124 AND `hide` = 0  [ RunTime:0.0005s ]
SQL: SELECT `id`,`pid`,`title`,`url`,`tip` FROM `onethink_menu` WHERE `group` = '试题列表' AND `pid` = 124 AND `hide` = 0 ORDER BY sort asc  [ RunTime:0.0006s ]
INFO: [ view_parse ] --START--
INFO: [ template_filter ] --START--
INFO: Run Behavior\ContentReplaceBehavior [ RunTime:0.000301s ]
INFO: [ template_filter ] --END-- [ RunTime:0.000499s ]
NOTIC: [8] Undefined variable: meta_title E:\wamp\www\ot\Runtime\Cache\Admin\9eb072d9ea80e67ca7e1ad6770ece22d.php 第 5 行.
INFO: Run Behavior\ParseTemplateBehavior [ RunTime:0.024384s ]
INFO: [ view_parse ] --END-- [ RunTime:0.024670s ]
INFO: [ view_filter ] --START--
INFO: Run Behavior\WriteHtmlCacheBehavior [ RunTime:0.000281s ]
INFO: [ view_filter ] --END-- [ RunTime:0.000477s ]
INFO: [ app_end ] --START--
INFO: Run Behavior\ShowPageTraceBehavior [ RunTime:0.000623s ]
INFO: [ app_end ] --END-- [ RunTime:0.000853s ]

[ 2015-05-04T17:15:45+08:00 ] 127.0.0.1 /ot/admin.php?s=/Papers/add.html
INFO: [ app_init ] --START--
INFO: Run Behavior\BuildLiteBehavior [ RunTime:0.000033s ]
INFO: Run Common\Behavior\InitHookBehavior [ RunTime:0.003335s ]
INFO: [ app_init ] --END-- [ RunTime:0.004451s ]
INFO: [ app_begin ] --START--
INFO: Run Behavior\ReadHtmlCacheBehavior [ RunTime:0.000590s ]
INFO: [ app_begin ] --END-- [ RunTime:0.000786s ]
SQL: SHOW COLUMNS FROM `onethink_menu` [ RunTime:0.0043s ]
SQL: SELECT `id`,`title`,`url` FROM `onethink_menu` WHERE `pid` = 0 AND `hide` = 0 ORDER BY sort asc  [ RunTime:0.0005s ]
SQL: SELECT `pid` FROM `onethink_menu` WHERE ( pid !=0 AND url like '%Papers/add%' ) LIMIT 1   [ RunTime:0.0010s ]
SQL: SELECT * FROM `onethink_menu` WHERE `id` = 124 LIMIT 1   [ RunTime:0.0003s ]
SQL: SELECT DISTINCT  `group` FROM `onethink_menu` WHERE `group` <> '' AND `pid` = 124  [ RunTime:0.0003s ]
SQL: SELECT `id`,`url` FROM `onethink_menu` WHERE `pid` = 124 AND `hide` = 0  [ RunTime:0.0003s ]
SQL: SELECT `id`,`pid`,`title`,`url`,`tip` FROM `onethink_menu` WHERE `group` = '试题列表' AND `pid` = 124 AND `hide` = 0 ORDER BY sort asc  [ RunTime:0.0004s ]
INFO: [ view_parse ] --START--
INFO: [ template_filter ] --START--
INFO: Run Behavior\ContentReplaceBehavior [ RunTime:0.000306s ]
INFO: [ template_filter ] --END-- [ RunTime:0.000507s ]
NOTIC: [8] Undefined variable: meta_title E:\wamp\www\ot\Runtime\Cache\Admin\9eb072d9ea80e67ca7e1ad6770ece22d.php 第 5 行.
INFO: Run Behavior\ParseTemplateBehavior [ RunTime:0.027045s ]
INFO: [ view_parse ] --END-- [ RunTime:0.027247s ]
INFO: [ view_filter ] --START--
INFO: Run Behavior\WriteHtmlCacheBehavior [ RunTime:0.000493s ]
INFO: [ view_filter ] --END-- [ RunTime:0.000779s ]
INFO: [ app_end ] --START--
INFO: Run Behavior\ShowPageTraceBehavior [ RunTime:0.001021s ]
INFO: [ app_end ] --END-- [ RunTime:0.001404s ]

[ 2015-05-04T17:15:45+08:00 ] 127.0.0.1 /ot/admin.php?s=/Papers/add.html
INFO: [ app_init ] --START--
INFO: Run Behavior\BuildLiteBehavior [ RunTime:0.000018s ]
INFO: Run Common\Behavior\InitHookBehavior [ RunTime:0.002065s ]
INFO: [ app_init ] --END-- [ RunTime:0.002724s ]
INFO: [ app_begin ] --START--
INFO: Run Behavior\ReadHtmlCacheBehavior [ RunTime:0.001036s ]
INFO: [ app_begin ] --END-- [ RunTime:0.001378s ]
SQL: SHOW COLUMNS FROM `onethink_menu` [ RunTime:0.0054s ]
SQL: SELECT `id`,`title`,`url` FROM `onethink_menu` WHERE `pid` = 0 AND `hide` = 0 ORDER BY sort asc  [ RunTime:0.0005s ]
SQL: SELECT `pid` FROM `onethink_menu` WHERE ( pid !=0 AND url like '%Papers/add%' ) LIMIT 1   [ RunTime:0.0009s ]
SQL: SELECT * FROM `onethink_menu` WHERE `id` = 124 LIMIT 1   [ RunTime:0.0003s ]
SQL: SELECT DISTINCT  `group` FROM `onethink_menu` WHERE `group` <> '' AND `pid` = 124  [ RunTime:0.0004s ]
SQL: SELECT `id`,`url` FROM `onethink_menu` WHERE `pid` = 124 AND `hide` = 0  [ RunTime:0.0003s ]
SQL: SELECT `id`,`pid`,`title`,`url`,`tip` FROM `onethink_menu` WHERE `group` = '试题列表' AND `pid` = 124 AND `hide` = 0 ORDER BY sort asc  [ RunTime:0.0003s ]
INFO: [ view_parse ] --START--
INFO: [ template_filter ] --START--
INFO: Run Behavior\ContentReplaceBehavior [ RunTime:0.000330s ]
INFO: [ template_filter ] --END-- [ RunTime:0.000543s ]
NOTIC: [8] Undefined variable: meta_title E:\wamp\www\ot\Runtime\Cache\Admin\9eb072d9ea80e67ca7e1ad6770ece22d.php 第 5 行.
INFO: Run Behavior\ParseTemplateBehavior [ RunTime:0.024439s ]
INFO: [ view_parse ] --END-- [ RunTime:0.024685s ]
INFO: [ view_filter ] --START--
INFO: Run Behavior\WriteHtmlCacheBehavior [ RunTime:0.000351s ]
INFO: [ view_filter ] --END-- [ RunTime:0.000524s ]
INFO: [ app_end ] --START--
INFO: Run Behavior\ShowPageTraceBehavior [ RunTime:0.000600s ]
INFO: [ app_end ] --END-- [ RunTime:0.000796s ]

[ 2015-05-04T17:15:45+08:00 ] 127.0.0.1 /ot/admin.php?s=/Papers/add.html
INFO: [ app_init ] --START--
INFO: Run Behavior\BuildLiteBehavior [ RunTime:0.000035s ]
INFO: Run Common\Behavior\InitHookBehavior [ RunTime:0.002283s ]
INFO: [ app_init ] --END-- [ RunTime:0.003327s ]
INFO: [ app_begin ] --START--
INFO: Run Behavior\ReadHtmlCacheBehavior [ RunTime:0.000861s ]
INFO: [ app_begin ] --END-- [ RunTime:0.001115s ]
SQL: SHOW COLUMNS FROM `onethink_menu` [ RunTime:0.0048s ]
SQL: SELECT `id`,`title`,`url` FROM `onethink_menu` WHERE `pid` = 0 AND `hide` = 0 ORDER BY sort asc  [ RunTime:0.0006s ]
SQL: SELECT `pid` FROM `onethink_menu` WHERE ( pid !=0 AND url like '%Papers/add%' ) LIMIT 1   [ RunTime:0.0010s ]
SQL: SELECT * FROM `onethink_menu` WHERE `id` = 124 LIMIT 1   [ RunTime:0.0005s ]
SQL: SELECT DISTINCT  `group` FROM `onethink_menu` WHERE `group` <> '' AND `pid` = 124  [ RunTime:0.0004s ]
SQL: SELECT `id`,`url` FROM `onethink_menu` WHERE `pid` = 124 AND `hide` = 0  [ RunTime:0.0003s ]
SQL: SELECT `id`,`pid`,`title`,`url`,`tip` FROM `onethink_menu` WHERE `group` = '试题列表' AND `pid` = 124 AND `hide` = 0 ORDER BY sort asc  [ RunTime:0.0004s ]
INFO: [ view_parse ] --START--
INFO: [ template_filter ] --START--
INFO: Run Behavior\ContentReplaceBehavior [ RunTime:0.000300s ]
INFO: [ template_filter ] --END-- [ RunTime:0.000499s ]
NOTIC: [8] Undefined variable: meta_title E:\wamp\www\ot\Runtime\Cache\Admin\9eb072d9ea80e67ca7e1ad6770ece22d.php 第 5 行.
INFO: Run Behavior\ParseTemplateBehavior [ RunTime:0.026892s ]
INFO: [ view_parse ] --END-- [ RunTime:0.027215s ]
INFO: [ view_filter ] --START--
INFO: Run Behavior\WriteHtmlCacheBehavior [ RunTime:0.000358s ]
INFO: [ view_filter ] --END-- [ RunTime:0.000536s ]
INFO: [ app_end ] --START--
INFO: Run Behavior\ShowPageTraceBehavior [ RunTime:0.000610s ]
INFO: [ app_end ] --END-- [ RunTime:0.000801s ]

